<?xml version="1.0" encoding="utf-8"?><testsuites name="pytest tests"><testsuite name="pytest" errors="0" failures="1" skipped="0" tests="9" time="3.197" timestamp="2026-09-12T23:01:25.995396+01:00" hostname="Royal_Gray"><testcase classname="tests.test_surface_wave" name="test_uniform_waveguide_converges_to_analytic_complex_plane_wave" file="tests\test_surface_wave.py" line="29" time="0.015"><failure message="assert np.float64(0.007673868919301015) &lt; 0.005">tests\test_surface_wave.py:38: in test_uniform_waveguide_converges_to_analytic_complex_plane_wave
    assert errors[-1] &lt; .005
E   assert np.float64(0.007673868919301015) &lt; 0.005</failure></testcase><testcase classname="tests.test_surface_wave" name="test_step_reflection_is_retained_and_not_renormalised_to_transmission_one" file="tests\test_surface_wave.py" line="42" time="0.011" /><testcase classname="tests.test_surface_wave" name="test_coherent_energy_quadrature_preserves_mean_width_and_is_not_one_phase" file="tests\test_surface_wave.py" line="49" time="0.001" /><testcase classname="tests.test_surface_wave" name="test_source_model_serialises_coherence_and_rejects_fake_classical_samples" file="tests\test_surface_wave.py" line="59" time="0.017" /><testcase classname="tests.test_surface_wave" name="test_actual_tip_near_field_preserves_complex_fields_flux_and_exact_cache" file="tests\test_surface_wave.py" line="68" time="2.262" /><testcase classname="tests.test_surface_wave" name="test_budget_and_cancellation_fail_before_field_allocation" file="tests\test_surface_wave.py" line="91" time="0.033" /><testcase classname="tests.test_surface_wave" name="test_domain_cannot_jump_over_existing_electrodes" file="tests\test_surface_wave.py" line="99" time="0.031" /><testcase classname="tests.test_surface_wave" name="test_magnetic_fields_cannot_be_silently_discarded" file="tests\test_surface_wave.py" line="105" time="0.080" /><testcase classname="tests.test_surface_wave" name="test_complex_drive_linearity_keeps_the_phase_reference" file="tests\test_surface_wave.py" line="113" time="0.007" /></testsuite></testsuites>