<?xml version="1.0" encoding="utf-8"?><testsuites name="pytest tests"><testsuite name="pytest" errors="0" failures="0" skipped="0" tests="162" time="118.060" timestamp="2026-09-12T20:33:06.610052+01:00" hostname="Royal_Gray"><testcase classname="tests.test_coupled_low_energy" name="test_exact_uniform_mixed_propagating_grazing_and_evanescent_modes" file="tests\test_coupled_low_energy.py" line="11" time="0.004" /><testcase classname="tests.test_coupled_low_energy" name="test_noncommuting_coupled_layers_match_independent_full_transfer_exponential" file="tests\test_coupled_low_energy.py" line="28" time="0.004" /><testcase classname="tests.test_coupled_low_energy" name="test_diagonal_limit_matches_old_axial_solver_with_evanescent_coupling" file="tests\test_coupled_low_energy.py" line="62" time="0.002" /><testcase classname="tests.test_coupled_low_energy" name="test_smooth_transverse_coupling_converges_against_independent_adaptive_ode" file="tests\test_coupled_low_energy.py" line="77" time="0.044"><properties><property name="axial_errors_16_32_64_128" value="[0.00019665836672478056, 4.9149565665458085e-05, 1.2286453238889103e-05, 3.0715546797311207e-06]" /></properties></testcase><testcase classname="tests.test_coupled_low_energy" name="test_no_coupling_is_silently_dropped_and_zero_field_stays_zero" file="tests\test_coupled_low_energy.py" line="104" time="0.001" /><testcase classname="tests.test_coupled_low_energy" name="test_budgets_cancellation_and_nonhermitian_fields_fail_closed" file="tests\test_coupled_low_energy.py" line="114" time="0.001" /><testcase classname="tests.test_coupled_low_energy" name="test_unrepresentable_coupled_transmission_is_not_silently_zero_filled" file="tests\test_coupled_low_energy.py" line="131" time="0.001" /><testcase classname="tests.test_coupled_low_energy" name="test_boundary_problem_is_detached_from_live_input_arrays" file="tests\test_coupled_low_energy.py" line="136" time="0.001" /><testcase classname="tests.test_electrostatic_wave_channels" name="test_potential_matrix_matches_independent_exponential_quadrature[shape0-quadrature0]" file="tests\test_electrostatic_wave_channels.py" line="14" time="0.001" /><testcase classname="tests.test_electrostatic_wave_channels" name="test_potential_matrix_matches_independent_exponential_quadrature[shape1-quadrature1]" file="tests\test_electrostatic_wave_channels.py" line="14" time="0.001" /><testcase classname="tests.test_electrostatic_wave_channels" name="test_actual_gun_field_includes_radial_extractor_coupling_and_records_unchanged_inputs" file="tests\test_electrostatic_wave_channels.py" line="27" time="5.363" /><testcase classname="tests.test_electrostatic_wave_channels" name="test_potential_quadrature_refines_independently_at_fixed_physical_domain" file="tests\test_electrostatic_wave_channels.py" line="61" time="0.468"><properties><property name="quadrature_matrix_differences" value="[158328951087102.7, 36749444014191.69, 9047589330862.81]" /></properties></testcase><testcase classname="tests.test_electrostatic_wave_channels" name="test_tip_energy_components_are_used_without_retuning_the_distribution" file="tests\test_electrostatic_wave_channels.py" line="70" time="0.402" /><testcase classname="tests.test_electrostatic_wave_channels" name="test_high_energy_accelerator_cannot_be_skipped_to_use_nonrelativistic_kernel" file="tests\test_electrostatic_wave_channels.py" line="85" time="0.137" /><testcase classname="tests.test_electrostatic_wave_channels" name="test_prepare_limits_cancel_and_concurrent_changes_fail_closed" file="tests\test_electrostatic_wave_channels.py" line="92" time="0.243" /><testcase classname="tests.test_electrostatic_wave_channels" name="test_numerical_inputs_are_captured_before_field_sampling" file="tests\test_electrostatic_wave_channels.py" line="111" time="0.232" /><testcase classname="tests.test_electrostatic_wave_channels" name="test_source_code_change_during_preparation_is_rejected" file="tests\test_electrostatic_wave_channels.py" line="128" time="0.088" /><testcase classname="tests.test_galerkin_potential" name="test_matches_independent_dense_hermitian_exponential[shape0-quadrature0]" file="tests\test_galerkin_potential.py" line="18" time="0.008" /><testcase classname="tests.test_galerkin_potential" name="test_matches_independent_dense_hermitian_exponential[shape1-quadrature1]" file="tests\test_galerkin_potential.py" line="18" time="0.008" /><testcase classname="tests.test_galerkin_potential" name="test_constant_phase_keeps_global_phase_and_all_frequency_bins" file="tests\test_galerkin_potential.py" line="38" time="0.001" /><testcase classname="tests.test_galerkin_potential" name="test_unresolved_scattering_does_not_wrap_into_negative_frequency" file="tests\test_galerkin_potential.py" line="45" time="0.001" /><testcase classname="tests.test_galerkin_potential" name="test_periodic_analytic_solution_converges_with_basis" file="tests\test_galerkin_potential.py" line="65" time="0.009" /><testcase classname="tests.test_galerkin_potential" name="test_deterministic_no_random_state_consumed" file="tests\test_galerkin_potential.py" line="80" time="0.007" /><testcase classname="tests.test_galerkin_potential" name="test_invalid_quadrature_cancel_and_budgets_fail_before_execution" file="tests\test_galerkin_potential.py" line="92" time="0.001" /><testcase classname="tests.test_galerkin_specimen" name="test_actual_atomistic_complex_field_and_fixed_observation_band_converge" file="tests\test_galerkin_specimen.py" line="26" time="13.276"><properties><property name="grid_128_quadrature_2" value="{'observation_weight': 0.39872060132237264, 'numerical_band_loss': 2.834356581787878e-05, 'output_weight': 0.39907442686960304}" /><property name="grid_128_quadrature_4" value="{'observation_weight': 0.3986832029800169, 'numerical_band_loss': 3.529492374554355e-05, 'output_weight': 0.3990674830669305}" /><property name="grid_128_quadrature_8" value="{'observation_weight': 0.39867134232023094, 'numerical_band_loss': 3.768010865290439e-05, 'output_weight': 0.39906510047044996}" /><property name="grid_256_quadrature_2" value="{'observation_weight': 0.39856966299071783, 'numerical_band_loss': 1.0601717688740742e-05, 'output_weight': 0.39909214837258894}" /><property name="grid_512_quadrature_2" value="{'observation_weight': 0.39854267465557636, 'numerical_band_loss': 3.074456181029195e-06, 'output_weight': 0.39909966832568894}" /><property name="complex_difference_256_512" value="0.00016031649066252068" /><property name="quadrature_difference_4_8" value="0.00011742907606612408" /></properties></testcase><testcase classname="tests.test_galerkin_specimen" name="test_quadrature_does_not_shift_the_wave_origin[2-63]" file="tests\test_galerkin_specimen.py" line="64" time="0.001" /><testcase classname="tests.test_galerkin_specimen" name="test_quadrature_does_not_shift_the_wave_origin[2-64]" file="tests\test_galerkin_specimen.py" line="64" time="0.001" /><testcase classname="tests.test_galerkin_specimen" name="test_quadrature_does_not_shift_the_wave_origin[3-63]" file="tests\test_galerkin_specimen.py" line="64" time="0.001" /><testcase classname="tests.test_galerkin_specimen" name="test_quadrature_does_not_shift_the_wave_origin[3-64]" file="tests\test_galerkin_specimen.py" line="64" time="0.001" /><testcase classname="tests.test_galerkin_specimen" name="test_quadrature_does_not_shift_the_wave_origin[4-63]" file="tests\test_galerkin_specimen.py" line="64" time="0.000" /><testcase classname="tests.test_galerkin_specimen" name="test_quadrature_does_not_shift_the_wave_origin[4-64]" file="tests\test_galerkin_specimen.py" line="64" time="0.001" /><testcase classname="tests.test_galerkin_specimen" name="test_galerkin_cannot_expand_an_undersampled_analytical_carrier" file="tests\test_galerkin_specimen.py" line="74" time="0.109" /><testcase classname="tests.test_galerkin_specimen" name="test_method_and_quadrature_are_distinct_cache_inputs" file="tests\test_galerkin_specimen.py" line="84" time="0.001" /><testcase classname="tests.test_galerkin_specimen" name="test_material_numerics_reuse_every_executed_upstream_column_segment" file="tests\test_galerkin_specimen.py" line="94" time="0.267" /><testcase classname="tests.test_galerkin_specimen" name="test_actual_inelastic_cache_distinguishes_potential_quadrature" file="tests\test_galerkin_specimen.py" line="116" time="1.207" /><testcase classname="tests.test_material_grid_refinement" name="test_retry_rebuilds_potential_preserves_physical_domain_source_and_phase" file="tests\test_material_grid_refinement.py" line="59" time="0.171" /><testcase classname="tests.test_material_grid_refinement" name="test_retry_is_opt_out_and_never_catches_physical_errors" file="tests\test_material_grid_refinement.py" line="82" time="0.109" /><testcase classname="tests.test_material_grid_refinement" name="test_refinement_budget_checked_before_next_potential_allocation" file="tests\test_material_grid_refinement.py" line="99" time="0.094" /><testcase classname="tests.test_material_grid_refinement" name="test_cancelled_refinement_does_not_build_another_potential" file="tests\test_material_grid_refinement.py" line="110" time="0.091" /><testcase classname="tests.test_material_grid_refinement" name="test_inelastic_retry_does_not_reuse_slices_from_a_coarser_potential" file="tests\test_material_grid_refinement.py" line="123" time="0.532" /><testcase classname="tests.test_low_energy_boundary" name="test_uniform_medium_exact_large_angle_and_evanescent_branches" file="tests\test_low_energy_boundary.py" line="13" time="0.001" /><testcase classname="tests.test_low_energy_boundary" name="test_accelerating_step_has_reflection_and_conserves_current" file="tests\test_low_energy_boundary.py" line="28" time="0.001" /><testcase classname="tests.test_low_energy_boundary" name="test_evanescent_entrance_can_couple_to_propagating_exit_without_clipping" file="tests\test_low_energy_boundary.py" line="42" time="0.001" /><testcase classname="tests.test_low_energy_boundary" name="test_thick_forbidden_layer_does_not_overflow_or_restore_flux" file="tests\test_low_energy_boundary.py" line="51" time="0.000" /><testcase classname="tests.test_low_energy_boundary" name="test_finite_barrier_matches_analytic_tunnelling_probability" file="tests\test_low_energy_boundary.py" line="58" time="0.001" /><testcase classname="tests.test_low_energy_boundary" name="test_linear_accelerating_potential_converges_against_independent_ode" file="tests\test_low_energy_boundary.py" line="74" time="0.019" /><testcase classname="tests.test_low_energy_boundary" name="test_invalid_physical_inputs_rejected[arguments0]" file="tests\test_low_energy_boundary.py" line="96" time="0.001" /><testcase classname="tests.test_low_energy_boundary" name="test_invalid_physical_inputs_rejected[arguments1]" file="tests\test_low_energy_boundary.py" line="96" time="0.001" /><testcase classname="tests.test_low_energy_boundary" name="test_invalid_physical_inputs_rejected[arguments2]" file="tests\test_low_energy_boundary.py" line="96" time="0.000" /><testcase classname="tests.test_low_energy_boundary" name="test_invalid_physical_inputs_rejected[arguments3]" file="tests\test_low_energy_boundary.py" line="96" time="0.000" /><testcase classname="tests.test_low_energy_boundary" name="test_cancellation_and_memory_limits" file="tests\test_low_energy_boundary.py" line="103" time="0.000" /><testcase classname="tests.test_review_p0_regressions" name="test_combined_specimen_bandwidth_rejects_before_aliasing[False]" file="tests\test_review_p0_regressions.py" line="37" time="0.002" /><testcase classname="tests.test_review_p0_regressions" name="test_combined_specimen_bandwidth_rejects_before_aliasing[True]" file="tests\test_review_p0_regressions.py" line="37" time="0.002" /><testcase classname="tests.test_review_p0_regressions" name="test_independent_fine_grids_retain_correct_complex_phase_and_frequency" file="tests\test_review_p0_regressions.py" line="46" time="0.046" /><testcase classname="tests.test_review_p0_regressions" name="test_undersampled_analytic_carrier_cannot_be_folded_by_band_filter" file="tests\test_review_p0_regressions.py" line="60" time="0.001" /><testcase classname="tests.test_review_p0_regressions" name="test_every_live_objective_field_parameter_invalidates_incident[False-upper_b0_t]" file="tests\test_review_p0_regressions.py" line="66" time="0.823" /><testcase classname="tests.test_review_p0_regressions" name="test_every_live_objective_field_parameter_invalidates_incident[False-lower_b0_t]" file="tests\test_review_p0_regressions.py" line="66" time="0.935" /><testcase classname="tests.test_review_p0_regressions" name="test_every_live_objective_field_parameter_invalidates_incident[False-upper_a_mm]" file="tests\test_review_p0_regressions.py" line="66" time="0.617" /><testcase classname="tests.test_review_p0_regressions" name="test_every_live_objective_field_parameter_invalidates_incident[False-lower_a_mm]" file="tests\test_review_p0_regressions.py" line="66" time="0.621" /><testcase classname="tests.test_review_p0_regressions" name="test_every_live_objective_field_parameter_invalidates_incident[False-upper_field_center_z_mm]" file="tests\test_review_p0_regressions.py" line="66" time="0.603" /><testcase classname="tests.test_review_p0_regressions" name="test_every_live_objective_field_parameter_invalidates_incident[False-lower_field_center_z_mm]" file="tests\test_review_p0_regressions.py" line="66" time="0.690" /><testcase classname="tests.test_review_p0_regressions" name="test_every_live_objective_field_parameter_invalidates_incident[False-cc_mm]" file="tests\test_review_p0_regressions.py" line="66" time="0.633" /><testcase classname="tests.test_review_p0_regressions" name="test_every_live_objective_field_parameter_invalidates_incident[True-upper_b0_t]" file="tests\test_review_p0_regressions.py" line="66" time="0.766" /><testcase classname="tests.test_review_p0_regressions" name="test_every_live_objective_field_parameter_invalidates_incident[True-lower_b0_t]" file="tests\test_review_p0_regressions.py" line="66" time="0.971" /><testcase classname="tests.test_review_p0_regressions" name="test_every_live_objective_field_parameter_invalidates_incident[True-upper_a_mm]" file="tests\test_review_p0_regressions.py" line="66" time="1.172" /><testcase classname="tests.test_review_p0_regressions" name="test_every_live_objective_field_parameter_invalidates_incident[True-lower_a_mm]" file="tests\test_review_p0_regressions.py" line="66" time="0.849" /><testcase classname="tests.test_review_p0_regressions" name="test_every_live_objective_field_parameter_invalidates_incident[True-upper_field_center_z_mm]" file="tests\test_review_p0_regressions.py" line="66" time="0.891" /><testcase classname="tests.test_review_p0_regressions" name="test_every_live_objective_field_parameter_invalidates_incident[True-lower_field_center_z_mm]" file="tests\test_review_p0_regressions.py" line="66" time="0.988" /><testcase classname="tests.test_review_p0_regressions" name="test_every_live_objective_field_parameter_invalidates_incident[True-cc_mm]" file="tests\test_review_p0_regressions.py" line="66" time="1.225" /><testcase classname="tests.test_review_p0_regressions" name="test_both_objective_profiles_are_fully_bound[amplitude-upper_gaussian]" file="tests\test_review_p0_regressions.py" line="80" time="1.068" /><testcase classname="tests.test_review_p0_regressions" name="test_both_objective_profiles_are_fully_bound[amplitude-lower_gaussian]" file="tests\test_review_p0_regressions.py" line="80" time="0.964" /><testcase classname="tests.test_review_p0_regressions" name="test_both_objective_profiles_are_fully_bound[offset-upper_gaussian]" file="tests\test_review_p0_regressions.py" line="80" time="1.189" /><testcase classname="tests.test_review_p0_regressions" name="test_both_objective_profiles_are_fully_bound[offset-lower_gaussian]" file="tests\test_review_p0_regressions.py" line="80" time="1.054" /><testcase classname="tests.test_review_p0_regressions" name="test_both_objective_profiles_are_fully_bound[sigma-upper_gaussian]" file="tests\test_review_p0_regressions.py" line="80" time="1.038" /><testcase classname="tests.test_review_p0_regressions" name="test_both_objective_profiles_are_fully_bound[sigma-lower_gaussian]" file="tests\test_review_p0_regressions.py" line="80" time="1.045" /><testcase classname="tests.test_review_p0_regressions" name="test_artifact_store_rejects_old_lower_pole_but_keeps_history" file="tests\test_review_p0_regressions.py" line="93" time="2.937" /><testcase classname="tests.test_review_p0_regressions" name="test_display_only_lens_changes_do_not_invalidate_physics" file="tests\test_review_p0_regressions.py" line="107" time="0.840" /><testcase classname="tests.test_review_p0_regressions" name="test_wave_and_particle_reject_nonforward_tip_without_changing_parameters" file="tests\test_review_p0_regressions.py" line="115" time="0.021" /><testcase classname="tests.test_review_p0_regressions" name="test_small_phase_modulation_still_checks_its_diffraction_sidebands" file="tests\test_review_p0_regressions.py" line="127" time="0.002" /><testcase classname="tests.test_review_p0_regressions" name="test_legal_tip_domain_preserves_statistics_and_records_error_budget" file="tests\test_review_p0_regressions.py" line="136" time="0.054" /><testcase classname="tests.test_review_p0_regressions" name="test_unqualified_default_coherent_tip_is_not_silently_recalibrated" file="tests\test_review_p0_regressions.py" line="163" time="0.608" /><testcase classname="tests.test_review_p0_regressions" name="test_forward_domain_check_does_not_depend_on_lucky_finite_sampling" file="tests\test_review_p0_regressions.py" line="180" time="0.015" /><testcase classname="tests.test_review_p0_regressions" name="test_changed_lower_pole_warm_trace_matches_cold_and_gui_has_no_whole_product_hit" file="tests\test_review_p0_regressions.py" line="193" time="3.602" /><testcase classname="tests.test_wave_grid" name="test_refinement_retains_all_complex_fourier_coefficients_and_affine_carriers[shape0]" file="tests\test_wave_grid.py" line="12" time="0.002" /><testcase classname="tests.test_wave_grid" name="test_refinement_retains_all_complex_fourier_coefficients_and_affine_carriers[shape1]" file="tests\test_wave_grid.py" line="12" time="0.001" /><testcase classname="tests.test_wave_grid" name="test_refinement_retains_all_complex_fourier_coefficients_and_affine_carriers[shape2]" file="tests\test_wave_grid.py" line="12" time="0.001" /><testcase classname="tests.test_wave_grid" name="test_even_negative_nyquist_bin_keeps_its_complex_phase_and_norm" file="tests\test_wave_grid.py" line="30" time="0.001" /><testcase classname="tests.test_wave_grid" name="test_adaptive_cs_complex_field_and_diffraction_match_independent_fine_grid" file="tests\test_wave_grid.py" line="50" time="1.117" /><testcase classname="tests.test_wave_grid" name="test_budget_failure_precedes_allocation_and_does_not_apply_or_ignore_an_operator" file="tests\test_wave_grid.py" line="72" time="0.002" /><testcase classname="tests.test_wave_grid" name="test_non_sampling_errors_are_not_retried_and_invalid_budgets_are_rejected" file="tests\test_wave_grid.py" line="92" time="0.001" /><testcase classname="tests.test_wave_grid" name="test_resolved_wave_zero_does_not_masquerade_as_aliasing" file="tests\test_wave_grid.py" line="103" time="0.003" /><testcase classname="tests.test_inelastic_wave" name="test_inelastic_jump_keeps_full_phase_changes_energy_and_canonical_carrier_units" file="tests\test_inelastic_wave.py" line="35" time="0.002" /><testcase classname="tests.test_inelastic_wave" name="test_sampled_instrument_matches_born_probabilities_in_finite_material" file="tests\test_inelastic_wave.py" line="47" time="0.548" /><testcase classname="tests.test_inelastic_wave" name="test_counter_rng_is_independent_of_preceding_slices" file="tests\test_inelastic_wave.py" line="63" time="0.001" /><testcase classname="tests.test_inelastic_wave" name="test_outgoing_wave_propagates_remaining_material_at_new_energy_and_resumes" file="tests\test_inelastic_wave.py" line="70" time="1.142" /><testcase classname="tests.test_tip_wave_pipeline" name="test_material_multislice_with_actual_atomistic_potential_preserves_branches" file="tests\test_tip_wave_pipeline.py" line="93" time="0.604" /><testcase classname="tests.test_tip_detector_bank" name="test_bank_executes_upstream_once_and_reads_in_physical_order[False]" file="tests\test_tip_detector_bank.py" line="64" time="2.109" /><testcase classname="tests.test_tip_detector_bank" name="test_bank_executes_upstream_once_and_reads_in_physical_order[True]" file="tests\test_tip_detector_bank.py" line="64" time="2.666" /><testcase classname="tests.test_tip_detector_bank" name="test_unselected_or_readout_disabled_detector_still_absorbs" file="tests\test_tip_detector_bank.py" line="102" time="6.057" /><testcase classname="tests.test_tip_detector_bank" name="test_observables_do_not_change_downstream_wave_and_warm_matches_cold" file="tests\test_tip_detector_bank.py" line="115" time="4.962" /><testcase classname="tests.test_tip_detector_bank" name="test_missing_requested_channel_rejects_before_gun_execution[keys0]" file="tests\test_tip_detector_bank.py" line="131" time="0.640" /><testcase classname="tests.test_tip_detector_bank" name="test_missing_requested_channel_rejects_before_gun_execution[keys1]" file="tests\test_tip_detector_bank.py" line="131" time="0.647" /><testcase classname="tests.test_tip_detector_bank" name="test_retracted_disabled_and_coincident_channels_are_not_silently_replaced" file="tests\test_tip_detector_bank.py" line="139" time="1.535" /><testcase classname="tests.test_tip_detector_bank" name="test_bank_path_cannot_bypass_filter_before_last_detector" file="tests\test_tip_detector_bank.py" line="155" time="0.642" /><testcase classname="tests.test_tip_detector_bank" name="test_bank_request_is_unambiguous[changes0]" file="tests\test_tip_detector_bank.py" line="163" time="0.001" /><testcase classname="tests.test_tip_detector_bank" name="test_bank_request_is_unambiguous[changes1]" file="tests\test_tip_detector_bank.py" line="163" time="0.000" /><testcase classname="tests.test_tip_detector_bank" name="test_bank_request_is_unambiguous[changes2]" file="tests\test_tip_detector_bank.py" line="163" time="0.000" /><testcase classname="tests.test_tip_detector_bank" name="test_bank_request_is_unambiguous[changes3]" file="tests\test_tip_detector_bank.py" line="163" time="0.000" /><testcase classname="tests.test_tip_detector_bank" name="test_bank_request_is_unambiguous[changes4]" file="tests\test_tip_detector_bank.py" line="163" time="0.000" /><testcase classname="tests.test_tip_detector_bank" name="test_dwell_aggregation_has_separate_channels_and_no_false_zero_pixels" file="tests\test_tip_detector_bank.py" line="180" time="0.001" /><testcase classname="tests.test_tip_detector_bank" name="test_bad_dwell_does_not_partially_commit_any_channel[bad0]" file="tests\test_tip_detector_bank.py" line="194" time="0.001" /><testcase classname="tests.test_tip_detector_bank" name="test_bad_dwell_does_not_partially_commit_any_channel[bad1]" file="tests\test_tip_detector_bank.py" line="194" time="0.001" /><testcase classname="tests.test_tip_detector_bank" name="test_bad_dwell_does_not_partially_commit_any_channel[bad2]" file="tests\test_tip_detector_bank.py" line="194" time="0.001" /><testcase classname="tests.test_tip_detector_bank" name="test_bad_dwell_does_not_partially_commit_any_channel[bad3]" file="tests\test_tip_detector_bank.py" line="194" time="0.001" /><testcase classname="tests.test_tip_detector_bank" name="test_bad_dwell_does_not_partially_commit_any_channel[bad4]" file="tests\test_tip_detector_bank.py" line="194" time="0.001" /><testcase classname="tests.test_tip_detector_bank" name="test_two_by_two_scan_calls_one_pipeline_per_dwell_not_per_detector" file="tests\test_tip_detector_bank.py" line="215" time="9.479" /><testcase classname="tests.test_tip_detector_bank" name="test_readout_budget_is_shared_across_channels" file="tests\test_tip_detector_bank.py" line="231" time="2.051" /><testcase classname="tests.test_tip_detector_bank" name="test_default_stem_admission_is_not_opened_by_detector_bank[False]" file="tests\test_tip_detector_bank.py" line="245" time="0.321" /><testcase classname="tests.test_tip_detector_bank" name="test_default_stem_admission_is_not_opened_by_detector_bank[True]" file="tests\test_tip_detector_bank.py" line="245" time="0.308" /><testcase classname="tests.test_segmented_tip_wave" name="test_executed_cache_loads_one_immutable_mode_and_rejects_corruption" file="tests\test_segmented_tip_wave.py" line="29" time="0.207" /><testcase classname="tests.test_segmented_tip_wave" name="test_failed_writer_does_not_publish_or_delete_committed_results" file="tests\test_segmented_tip_wave.py" line="59" time="0.062" /><testcase classname="tests.test_segmented_tip_wave" name="test_segmented_complex_wave_matches_monolithic_and_resumes_after_cancellation" file="tests\test_segmented_tip_wave.py" line="74" time="0.399" /><testcase classname="tests.test_segmented_tip_wave" name="test_actual_scan_coils_use_distinct_energy_dependent_arrival_times" file="tests\test_segmented_tip_wave.py" line="102" time="0.225" /><testcase classname="tests.test_segmented_tip_wave" name="test_hardware_raster_dwell_sampling_does_not_invent_a_new_scan_size" file="tests\test_segmented_tip_wave.py" line="128" time="0.084" /><testcase classname="tests.test_segmented_tip_wave" name="test_streamed_detector_matches_full_readout_and_keeps_phase_lazy" file="tests\test_segmented_tip_wave.py" line="146" time="0.104" /><testcase classname="tests.test_segmented_tip_wave" name="test_live_memory_shortage_stops_before_refinement_allocation" file="tests\test_segmented_tip_wave.py" line="161" time="0.001" /><testcase classname="tests.test_segmented_tip_wave" name="test_scan_accumulator_preserves_missing_positions_and_dwell_weights" file="tests\test_segmented_tip_wave.py" line="169" time="0.000" /><testcase classname="tests.test_segmented_tip_wave" name="test_scan_generator_passes_hardware_times_and_releases_previous_result" file="tests\test_segmented_tip_wave.py" line="188" time="2.003" /><testcase classname="tests.test_segmented_tip_wave" name="test_timed_segment_cache_reuses_static_prefix_but_not_new_coil_actions" file="tests\test_segmented_tip_wave.py" line="219" time="2.411" /><testcase classname="tests.test_segmented_tip_wave" name="test_specimen_domain_planning_uses_stored_geometry_without_reading_amplitudes" file="tests\test_segmented_tip_wave.py" line="244" time="0.056" /><testcase classname="tests.test_source_admission" name="test_t203_origin_label_and_private_array_do_not_admit_a_wave" file="tests\test_source_admission.py" line="10" time="0.099" /><testcase classname="tests.test_source_admission" name="test_t201_api_refuses_legacy_pupil_before_specimen_preparation" file="tests\test_source_admission.py" line="18" time="0.101" /><testcase classname="tests.test_source_admission" name="test_launch_audit_is_deterministic_and_does_not_change_gun" file="tests\test_source_admission.py" line="31" time="0.831" /><testcase classname="tests.test_source_admission" name="test_exit_source_is_prohibited_rather_than_rebindable" file="tests\test_source_admission.py" line="43" time="0.099" /><testcase classname="tests.test_tip_source_contract" name="test_even_a_matching_exit_binding_cannot_bypass_the_gun[bind]" file="tests\test_tip_source_contract.py" line="28" time="0.718" /><testcase classname="tests.test_tip_source_contract" name="test_even_a_matching_exit_binding_cannot_bypass_the_gun[generate]" file="tests\test_tip_source_contract.py" line="28" time="0.712" /><testcase classname="tests.test_tip_source_contract" name="test_even_a_matching_exit_binding_cannot_bypass_the_gun[trace]" file="tests\test_tip_source_contract.py" line="28" time="0.671" /><testcase classname="tests.test_tip_source_contract" name="test_even_a_matching_exit_binding_cannot_bypass_the_gun[dispatch]" file="tests\test_tip_source_contract.py" line="28" time="0.818" /><testcase classname="tests.test_tip_source_contract" name="test_even_a_matching_exit_binding_cannot_bypass_the_gun[gun_trace]" file="tests\test_tip_source_contract.py" line="28" time="0.749" /><testcase classname="tests.test_tip_source_contract" name="test_even_a_matching_exit_binding_cannot_bypass_the_gun[current]" file="tests\test_tip_source_contract.py" line="28" time="0.742" /><testcase classname="tests.test_tip_source_contract" name="test_even_a_matching_exit_binding_cannot_bypass_the_gun[run]" file="tests\test_tip_source_contract.py" line="28" time="0.881" /><testcase classname="tests.test_tip_source_contract" name="test_even_a_matching_exit_binding_cannot_bypass_the_gun[calculate]" file="tests\test_tip_source_contract.py" line="28" time="0.885" /><testcase classname="tests.test_tip_source_contract" name="test_even_a_matching_exit_binding_cannot_bypass_the_gun[alignment]" file="tests\test_tip_source_contract.py" line="28" time="0.869" /><testcase classname="tests.test_tip_source_contract" name="test_all_request_qualities_reject_exit_source_before_reuse[Preview]" file="tests\test_tip_source_contract.py" line="54" time="0.319" /><testcase classname="tests.test_tip_source_contract" name="test_all_request_qualities_reject_exit_source_before_reuse[Medium]" file="tests\test_tip_source_contract.py" line="54" time="0.322" /><testcase classname="tests.test_tip_source_contract" name="test_all_request_qualities_reject_exit_source_before_reuse[High accuracy]" file="tests\test_tip_source_contract.py" line="54" time="0.319" /><testcase classname="tests.test_tip_source_contract" name="test_historical_profile_is_readable_but_cannot_mutate_active_state" file="tests\test_tip_source_contract.py" line="65" time="1.124" /><testcase classname="tests.test_tip_source_contract" name="test_coherent_cache_cannot_substitute_an_exit_source[False]" file="tests\test_tip_source_contract.py" line="80" time="2.207" /><testcase classname="tests.test_tip_source_contract" name="test_coherent_cache_cannot_substitute_an_exit_source[True]" file="tests\test_tip_source_contract.py" line="80" time="2.253" /><testcase classname="tests.test_tip_source_contract" name="test_physical_dispatch_preserves_gun_history_and_cached_upstream_work" file="tests\test_tip_source_contract.py" line="95" time="1.626" /><testcase classname="tests.test_tip_source_contract" name="test_acceleration_and_gun_focusing_change_the_computed_exit_and_cache" file="tests\test_tip_source_contract.py" line="115" time="2.772" /><testcase classname="tests.test_tip_source_contract" name="test_tip_dialog_changes_only_tip_draft_and_rejects_invalid_inputs" file="tests\test_tip_source_contract.py" line="132" time="0.884" /><testcase classname="tests.test_tip_source_contract" name="test_model_inspector_applies_tip_parameters_without_editing_gun_optics" file="tests\test_tip_source_contract.py" line="148" time="0.613" /><testcase classname="tests.test_trace_tip_wave_cli" name="test_failed_request_preserves_inputs_and_identity_without_a_wave_archive[error0]" file="tests\test_trace_tip_wave_cli.py" line="26" time="0.625" /><testcase classname="tests.test_trace_tip_wave_cli" name="test_failed_request_preserves_inputs_and_identity_without_a_wave_archive[error1]" file="tests\test_trace_tip_wave_cli.py" line="26" time="0.636" /><testcase classname="tests.test_trace_tip_wave_cli" name="test_describe_selects_numerics_without_transport_or_files" file="tests\test_trace_tip_wave_cli.py" line="47" time="0.706" /><testcase classname="tests.test_trace_tip_wave_cli" name="test_large_machine_budgets_and_scan_numerics_are_explicit" file="tests\test_trace_tip_wave_cli.py" line="63" time="0.547" /><testcase classname="tests.test_trace_tip_wave_cli" name="test_npz_stream_does_not_retain_previous_arrays" file="tests\test_trace_tip_wave_cli.py" line="77" time="0.401" /><testcase classname="tests.test_trace_tip_wave_cli" name="test_scan_cli_streams_waves_completes_progress_and_exports_weighted_image" file="tests\test_trace_tip_wave_cli.py" line="98" time="0.630" /><testcase classname="tests.test_trace_tip_wave_cli" name="test_default_coherent_domain_failure_is_saved_without_changing_tip" file="tests\test_trace_tip_wave_cli.py" line="124" time="1.103" /><testcase classname="tests.test_trace_tip_wave_cli" name="test_describe_reports_unqualified_source_without_claiming_propagation" file="tests\test_trace_tip_wave_cli.py" line="154" time="0.522" /><testcase classname="tests.test_trace_tip_wave_cli" name="test_multichannel_scan_export_retains_native_modes_at_every_detector" file="tests\test_trace_tip_wave_cli.py" line="164" time="0.624" /></testsuite></testsuites>