<?xml version="1.0" encoding="utf-8"?><testsuites name="pytest tests"><testsuite name="pytest" errors="0" failures="0" skipped="0" tests="22" time="15.494" timestamp="2026-09-13T21:44:15.767581+01:00" hostname="Royal_Gray"><testcase classname="tests.test_wave_plane_observables" name="test_phase_only_readout_matches_full_observable_without_fft" file="tests\test_wave_plane_observables.py" line="23" time="0.007" /><testcase classname="tests.test_wave_plane_observables" name="test_phase_only_budget_cannot_change_or_erase_the_wave" file="tests\test_wave_plane_observables.py" line="37" time="0.001" /><testcase classname="tests.test_wave_plane_observables" name="test_2048_phase_view_fits_below_full_current_analysis_budget" file="tests\test_wave_plane_observables.py" line="46" time="0.838" /><testcase classname="tests.test_wave_plane_observables" name="test_affine_spectral_current_includes_carriers_and_magnetic_vector_potential[0.0]" file="tests\test_wave_plane_observables.py" line="57" time="0.010" /><testcase classname="tests.test_wave_plane_observables" name="test_affine_spectral_current_includes_carriers_and_magnetic_vector_potential[1.0]" file="tests\test_wave_plane_observables.py" line="57" time="0.003" /><testcase classname="tests.test_wave_plane_observables" name="test_affine_spectral_current_includes_carriers_and_magnetic_vector_potential[-1.0]" file="tests\test_wave_plane_observables.py" line="57" time="0.002" /><testcase classname="tests.test_wave_plane_observables" name="test_angular_distribution_includes_tilt_and_conserves_source_weight" file="tests\test_wave_plane_observables.py" line="77" time="0.002" /><testcase classname="tests.test_wave_plane_observables" name="test_undersampled_carrier_is_not_replaced_by_envelope_spectrum" file="tests\test_wave_plane_observables.py" line="91" time="0.002" /><testcase classname="tests.test_wave_plane_observables" name="test_zero_has_no_phase_current_or_angles_with_weight" file="tests\test_wave_plane_observables.py" line="98" time="0.001" /><testcase classname="tests.test_wave_plane_observables" name="test_interaction_history_grouping_keeps_all_original_weights_and_phase_independent" file="tests\test_wave_plane_observables.py" line="108" time="0.013" /><testcase classname="tests.test_wave_plane_observables" name="test_numerical_limits_and_immutable_arrays" file="tests\test_wave_plane_observables.py" line="124" time="0.002" /><testcase classname="tests.test_wave_beam_analysis" name="test_same_panel_current_and_angles_keep_absolute_tip_weights" file="tests\test_wave_beam_analysis.py" line="37" time="7.288" /><testcase classname="tests.test_wave_beam_analysis" name="test_phase_selects_one_mode_and_keeps_relative_phase" file="tests\test_wave_beam_analysis.py" line="52" time="0.155" /><testcase classname="tests.test_wave_beam_analysis" name="test_missing_plane_does_not_show_previous_wave_or_recompute" file="tests\test_wave_beam_analysis.py" line="63" time="0.183" /><testcase classname="tests.test_wave_beam_analysis" name="test_manual_scale_remains_fixed_for_rotation_and_plane_return" file="tests\test_wave_beam_analysis.py" line="74" time="0.213" /><testcase classname="tests.test_wave_beam_analysis" name="test_interactions_use_executed_weights_and_old_ray_view_can_be_restored" file="tests\test_wave_beam_analysis.py" line="89" time="0.191" /><testcase classname="tests.test_wave_beam_analysis" name="test_new_checkpoint_retains_user_current_scale" file="tests\test_wave_beam_analysis.py" line="104" time="0.219" /><testcase classname="tests.test_wave_beam_analysis" name="test_display_budget_failure_does_not_erase_executed_wave" file="tests\test_wave_beam_analysis.py" line="114" time="0.124" /><testcase classname="tests.test_wave_beam_analysis" name="test_coarse_uniform_wave_is_not_drawn_as_sparse_point_markers[0.0]" file="tests\test_wave_beam_analysis.py" line="121" time="0.215" /><testcase classname="tests.test_wave_beam_analysis" name="test_coarse_uniform_wave_is_not_drawn_as_sparse_point_markers[31.0]" file="tests\test_wave_beam_analysis.py" line="121" time="0.138" /><testcase classname="tests.test_wave_beam_analysis" name="test_coarse_uniform_wave_is_not_drawn_as_sparse_point_markers[90.0]" file="tests\test_wave_beam_analysis.py" line="121" time="0.119" /><testcase classname="tests.test_wave_beam_analysis" name="test_current_hover_uses_the_actual_adaptive_bin_shape" file="tests\test_wave_beam_analysis.py" line="137" time="0.153" /></testsuite></testsuites>