<?xml version="1.0" encoding="utf-8"?><testsuites name="pytest tests"><testsuite name="pytest" errors="0" failures="0" skipped="0" tests="20" time="18.678" timestamp="2026-09-13T17:16:41.618737+01:00" hostname="Royal_Gray"><testcase classname="tests.test_occupied_axial_refinement" name="test_joint_refinement_preserves_reflection_and_matches_direct_ode" file="tests\test_occupied_axial_refinement.py" line="34" time="0.554" /><testcase classname="tests.test_occupied_axial_refinement" name="test_internal_interface_includes_returning_wave" file="tests\test_occupied_axial_refinement.py" line="60" time="0.001" /><testcase classname="tests.test_occupied_axial_refinement" name="test_expanded_tree_rechecks_leaves_for_changed_source" file="tests\test_occupied_axial_refinement.py" line="70" time="0.265" /><testcase classname="tests.test_occupied_axial_refinement" name="test_budget_cancellation_and_round_limit_do_not_publish_source" file="tests\test_occupied_axial_refinement.py" line="86" time="0.104" /><testcase classname="tests.test_occupied_axial_refinement" name="test_parallel_intervals_reproduce_serial_full_complex_solution[thread]" file="tests\test_occupied_axial_refinement.py" line="98" time="0.414" /><testcase classname="tests.test_occupied_axial_refinement" name="test_parallel_intervals_reproduce_serial_full_complex_solution[process]" file="tests\test_occupied_axial_refinement.py" line="98" time="3.320" /><testcase classname="tests.test_occupied_axial_refinement" name="test_parallel_budget_failure_cannot_publish_a_partial_load[thread]" file="tests\test_occupied_axial_refinement.py" line="120" time="0.007" /><testcase classname="tests.test_occupied_axial_refinement" name="test_parallel_budget_failure_cannot_publish_a_partial_load[process]" file="tests\test_occupied_axial_refinement.py" line="120" time="0.667" /><testcase classname="tests.test_occupied_axial_refinement" name="test_invalid_numerical_settings[kwargs0]" file="tests\test_occupied_axial_refinement.py" line="128" time="0.000" /><testcase classname="tests.test_occupied_axial_refinement" name="test_invalid_numerical_settings[kwargs1]" file="tests\test_occupied_axial_refinement.py" line="128" time="0.001" /><testcase classname="tests.test_occupied_axial_refinement" name="test_invalid_numerical_settings[kwargs2]" file="tests\test_occupied_axial_refinement.py" line="128" time="0.001" /><testcase classname="tests.test_occupied_axial_refinement" name="test_invalid_numerical_settings[kwargs3]" file="tests\test_occupied_axial_refinement.py" line="128" time="0.001" /><testcase classname="tests.test_occupied_axial_refinement" name="test_invalid_numerical_settings[kwargs4]" file="tests\test_occupied_axial_refinement.py" line="128" time="0.001" /><testcase classname="tests.test_occupied_axial_refinement" name="test_invalid_numerical_settings[kwargs5]" file="tests\test_occupied_axial_refinement.py" line="128" time="0.001" /><testcase classname="tests.test_occupied_axial_refinement" name="test_invalid_numerical_settings[kwargs6]" file="tests\test_occupied_axial_refinement.py" line="128" time="0.000" /><testcase classname="tests.test_occupied_axial_refinement" name="test_invalid_numerical_settings[kwargs7]" file="tests\test_occupied_axial_refinement.py" line="128" time="0.000" /><testcase classname="tests.test_condensed_wave_boundary" name="test_every_new_reflected_load_resolves_complete_complex_interior" file="tests\test_condensed_wave_boundary.py" line="17" time="0.008" /><testcase classname="tests.test_condensed_wave_boundary" name="test_physical_operator_or_drive_change_invalidates_condensation" file="tests\test_condensed_wave_boundary.py" line="33" time="0.004" /><testcase classname="tests.test_condensed_wave_boundary" name="test_memory_and_cancellation_cannot_return_an_incomplete_wave" file="tests\test_condensed_wave_boundary.py" line="47" time="0.002" /><testcase classname="tests.test_condensed_wave_boundary" name="test_actual_tip_and_full_round_gun_match_direct_boundary_solution" file="tests\test_condensed_wave_boundary.py" line="55" time="12.756" /></testsuite></testsuites>