<?xml version="1.0" encoding="utf-8"?><testsuites name="pytest tests"><testsuite name="pytest" errors="0" failures="0" skipped="0" tests="39" time="19.160" timestamp="2026-09-13T19:51:23.280143+01:00" hostname="Royal_Gray"><testcase classname="tests.test_round_column_checkpoint" name="test_prefix_advances_executed_clock_and_keeps_absolute_current_and_phase" file="tests\test_round_column_checkpoint.py" line="28" time="2.157" /><testcase classname="tests.test_round_column_checkpoint" name="test_no_round_prefix_keeps_same_executed_plane_and_clock" file="tests\test_round_column_checkpoint.py" line="56" time="0.028" /><testcase classname="tests.test_round_column_checkpoint" name="test_inconsistent_stage_cannot_publish[empty_advance]" file="tests\test_round_column_checkpoint.py" line="63" time="0.007" /><testcase classname="tests.test_round_column_checkpoint" name="test_inconsistent_stage_cannot_publish[wrong_plane]" file="tests\test_round_column_checkpoint.py" line="63" time="0.017" /><testcase classname="tests.test_round_column_checkpoint" name="test_inconsistent_stage_cannot_publish[wrong_id]" file="tests\test_round_column_checkpoint.py" line="63" time="0.009" /><testcase classname="tests.test_round_column_checkpoint" name="test_tip_request_validates_radial_numerics" file="tests\test_round_column_checkpoint.py" line="76" time="0.162" /><testcase classname="tests.test_radial_cartesian_handoff" name="test_full_complex_field_and_current_without_fitted_phase_or_normalisation[0.0-0.0]" file="tests\test_radial_cartesian_handoff.py" line="16" time="0.089" /><testcase classname="tests.test_radial_cartesian_handoff" name="test_full_complex_field_and_current_without_fitted_phase_or_normalisation[0.73-0.0]" file="tests\test_radial_cartesian_handoff.py" line="16" time="0.112" /><testcase classname="tests.test_radial_cartesian_handoff" name="test_full_complex_field_and_current_without_fitted_phase_or_normalisation[-1.15-0.1]" file="tests\test_radial_cartesian_handoff.py" line="16" time="2.550" /><testcase classname="tests.test_radial_cartesian_handoff" name="test_refuses_unresolved_phase_under_user_budget" file="tests\test_radial_cartesian_handoff.py" line="38" time="0.079" /><testcase classname="tests.test_radial_cartesian_handoff" name="test_refuses_current_mismatch_instead_of_rescaling" file="tests\test_radial_cartesian_handoff.py" line="44" time="0.074" /><testcase classname="tests.test_radial_cartesian_handoff" name="test_cancelled_readout_publishes_nothing" file="tests\test_radial_cartesian_handoff.py" line="57" time="0.013" /><testcase classname="tests.test_radial_cartesian_handoff" name="test_zero_and_invalid_fields" file="tests\test_radial_cartesian_handoff.py" line="62" time="0.017" /><testcase classname="tests.test_radial_cartesian_handoff" name="test_invalid_numerics[values0]" file="tests\test_radial_cartesian_handoff.py" line="71" time="0.002" /><testcase classname="tests.test_radial_cartesian_handoff" name="test_invalid_numerics[values1]" file="tests\test_radial_cartesian_handoff.py" line="71" time="0.001" /><testcase classname="tests.test_radial_cartesian_handoff" name="test_invalid_numerics[values2]" file="tests\test_radial_cartesian_handoff.py" line="71" time="0.002" /><testcase classname="tests.test_radial_cartesian_handoff" name="test_invalid_numerics[values3]" file="tests\test_radial_cartesian_handoff.py" line="71" time="0.001" /><testcase classname="tests.test_radial_cartesian_handoff" name="test_invalid_numerics[values4]" file="tests\test_radial_cartesian_handoff.py" line="71" time="0.001" /><testcase classname="tests.test_radial_column_wave" name="test_complex_free_gaussian_has_absolute_phase_and_conserved_current[0.2]" file="tests\test_radial_column_wave.py" line="15" time="0.078" /><testcase classname="tests.test_radial_column_wave" name="test_complex_free_gaussian_has_absolute_phase_and_conserved_current[-0.2]" file="tests\test_radial_column_wave.py" line="15" time="0.045" /><testcase classname="tests.test_radial_column_wave" name="test_complex_free_gaussian_has_absolute_phase_and_conserved_current[2.0]" file="tests\test_radial_column_wave.py" line="15" time="0.042" /><testcase classname="tests.test_radial_column_wave" name="test_spherical_phase_is_kept_not_fitted_into_quadratic_curvature" file="tests\test_radial_column_wave.py" line="31" time="0.010" /><testcase classname="tests.test_radial_column_wave" name="test_log_grid_refinement_preserves_complex_wave_not_just_current" file="tests\test_radial_column_wave.py" line="39" time="0.043" /><testcase classname="tests.test_radial_column_wave" name="test_refinement_replays_hard_stops_from_executed_field_and_replaces_loss_ledger" file="tests\test_radial_column_wave.py" line="48" time="0.001" /><testcase classname="tests.test_radial_column_wave" name="test_replay_cannot_silently_exceed_its_declared_budget" file="tests\test_radial_column_wave.py" line="75" time="0.004" /><testcase classname="tests.test_radial_column_wave" name="test_quartic_field_hankel_transform_against_direct_bessel_integral" file="tests\test_radial_column_wave.py" line="86" time="0.849" /><testcase classname="tests.test_canonical_action" name="test_tilted_off_axis_gaussian_drift_matches_complex_analytic_solution[1e-06]" file="tests\test_canonical_action.py" line="25" time="0.569" /><testcase classname="tests.test_canonical_action" name="test_tilted_off_axis_gaussian_drift_matches_complex_analytic_solution[0.0002]" file="tests\test_canonical_action.py" line="25" time="0.624" /><testcase classname="tests.test_canonical_action" name="test_tilted_off_axis_gaussian_drift_matches_complex_analytic_solution[0.001]" file="tests\test_canonical_action.py" line="25" time="0.909" /><testcase classname="tests.test_canonical_action" name="test_tilted_off_axis_gaussian_drift_matches_complex_analytic_solution[-0.001]" file="tests\test_canonical_action.py" line="25" time="1.034" /><testcase classname="tests.test_canonical_action" name="test_off_axis_lens_and_deflector_keep_the_physical_scalar_phase" file="tests\test_canonical_action.py" line="45" time="0.400" /><testcase classname="tests.test_canonical_action" name="test_affine_path_split_whole_inverse_preserve_complex_field_and_weight" file="tests\test_canonical_action.py" line="58" time="0.981" /><testcase classname="tests.test_canonical_action" name="test_endpoint_identity_does_not_erase_metaplectic_winding[1]" file="tests\test_canonical_action.py" line="89" time="0.426" /><testcase classname="tests.test_canonical_action" name="test_endpoint_identity_does_not_erase_metaplectic_winding[2]" file="tests\test_canonical_action.py" line="89" time="0.570" /><testcase classname="tests.test_canonical_action" name="test_endpoint_identity_does_not_erase_metaplectic_winding[-1]" file="tests\test_canonical_action.py" line="89" time="0.539" /><testcase classname="tests.test_canonical_action" name="test_phase_path_rejects_unresolved_or_inconsistent_phase" file="tests\test_canonical_action.py" line="103" time="0.005" /><testcase classname="tests.test_canonical_action" name="test_rejected_lift_validation_is_atomic" file="tests\test_canonical_action.py" line="114" time="0.004" /><testcase classname="tests.test_canonical_action" name="test_non_gaussian_carried_wave_matches_direct_fft_without_phase_fitting" file="tests\test_canonical_action.py" line="129" time="0.971" /><testcase classname="tests.test_canonical_action" name="test_auxiliary_reference_length_does_not_change_the_physical_wave" file="tests\test_canonical_action.py" line="147" time="0.958" /></testsuite></testsuites>