<?xml version="1.0" encoding="utf-8"?><testsuites name="pytest tests"><testsuite name="pytest" errors="0" failures="0" skipped="0" tests="25" time="7.550" timestamp="2026-09-12T20:27:45.700379+01:00" hostname="Royal_Gray"><testcase classname="tests.test_coupled_low_energy" name="test_exact_uniform_mixed_propagating_grazing_and_evanescent_modes" file="tests\test_coupled_low_energy.py" line="11" time="0.003" /><testcase classname="tests.test_coupled_low_energy" name="test_noncommuting_coupled_layers_match_independent_full_transfer_exponential" file="tests\test_coupled_low_energy.py" line="28" time="0.003" /><testcase classname="tests.test_coupled_low_energy" name="test_diagonal_limit_matches_old_axial_solver_with_evanescent_coupling" file="tests\test_coupled_low_energy.py" line="62" time="0.002" /><testcase classname="tests.test_coupled_low_energy" name="test_smooth_transverse_coupling_converges_against_independent_adaptive_ode" file="tests\test_coupled_low_energy.py" line="77" time="0.040"><properties><property name="axial_errors_16_32_64_128" value="[0.00019665836672478056, 4.9149565665458085e-05, 1.2286453238889103e-05, 3.0715546797311207e-06]" /></properties></testcase><testcase classname="tests.test_coupled_low_energy" name="test_no_coupling_is_silently_dropped_and_zero_field_stays_zero" file="tests\test_coupled_low_energy.py" line="104" time="0.001" /><testcase classname="tests.test_coupled_low_energy" name="test_budgets_cancellation_and_nonhermitian_fields_fail_closed" file="tests\test_coupled_low_energy.py" line="114" time="0.001" /><testcase classname="tests.test_coupled_low_energy" name="test_unrepresentable_coupled_transmission_is_not_silently_zero_filled" file="tests\test_coupled_low_energy.py" line="131" time="0.000" /><testcase classname="tests.test_electrostatic_wave_channels" name="test_potential_matrix_matches_independent_exponential_quadrature[shape0-quadrature0]" file="tests\test_electrostatic_wave_channels.py" line="14" time="0.001" /><testcase classname="tests.test_electrostatic_wave_channels" name="test_potential_matrix_matches_independent_exponential_quadrature[shape1-quadrature1]" file="tests\test_electrostatic_wave_channels.py" line="14" time="0.001" /><testcase classname="tests.test_electrostatic_wave_channels" name="test_actual_gun_field_includes_radial_extractor_coupling_and_records_unchanged_inputs" file="tests\test_electrostatic_wave_channels.py" line="27" time="5.231" /><testcase classname="tests.test_electrostatic_wave_channels" name="test_potential_quadrature_refines_independently_at_fixed_physical_domain" file="tests\test_electrostatic_wave_channels.py" line="61" time="0.332"><properties><property name="quadrature_matrix_differences" value="[158328951087102.7, 36749444014191.69, 9047589330862.81]" /></properties></testcase><testcase classname="tests.test_electrostatic_wave_channels" name="test_tip_energy_components_are_used_without_retuning_the_distribution" file="tests\test_electrostatic_wave_channels.py" line="70" time="0.308" /><testcase classname="tests.test_electrostatic_wave_channels" name="test_high_energy_accelerator_cannot_be_skipped_to_use_nonrelativistic_kernel" file="tests\test_electrostatic_wave_channels.py" line="85" time="0.108" /><testcase classname="tests.test_electrostatic_wave_channels" name="test_prepare_limits_cancel_and_concurrent_changes_fail_closed" file="tests\test_electrostatic_wave_channels.py" line="92" time="0.152" /><testcase classname="tests.test_low_energy_boundary" name="test_uniform_medium_exact_large_angle_and_evanescent_branches" file="tests\test_low_energy_boundary.py" line="13" time="0.001" /><testcase classname="tests.test_low_energy_boundary" name="test_accelerating_step_has_reflection_and_conserves_current" file="tests\test_low_energy_boundary.py" line="28" time="0.001" /><testcase classname="tests.test_low_energy_boundary" name="test_evanescent_entrance_can_couple_to_propagating_exit_without_clipping" file="tests\test_low_energy_boundary.py" line="42" time="0.001" /><testcase classname="tests.test_low_energy_boundary" name="test_thick_forbidden_layer_does_not_overflow_or_restore_flux" file="tests\test_low_energy_boundary.py" line="51" time="0.000" /><testcase classname="tests.test_low_energy_boundary" name="test_finite_barrier_matches_analytic_tunnelling_probability" file="tests\test_low_energy_boundary.py" line="58" time="0.001" /><testcase classname="tests.test_low_energy_boundary" name="test_linear_accelerating_potential_converges_against_independent_ode" file="tests\test_low_energy_boundary.py" line="74" time="0.020" /><testcase classname="tests.test_low_energy_boundary" name="test_invalid_physical_inputs_rejected[arguments0]" file="tests\test_low_energy_boundary.py" line="96" time="0.000" /><testcase classname="tests.test_low_energy_boundary" name="test_invalid_physical_inputs_rejected[arguments1]" file="tests\test_low_energy_boundary.py" line="96" time="0.000" /><testcase classname="tests.test_low_energy_boundary" name="test_invalid_physical_inputs_rejected[arguments2]" file="tests\test_low_energy_boundary.py" line="96" time="0.000" /><testcase classname="tests.test_low_energy_boundary" name="test_invalid_physical_inputs_rejected[arguments3]" file="tests\test_low_energy_boundary.py" line="96" time="0.000" /><testcase classname="tests.test_low_energy_boundary" name="test_cancellation_and_memory_limits" file="tests\test_low_energy_boundary.py" line="103" time="0.000" /></testsuite></testsuites>