<?xml version="1.0" encoding="utf-8"?><testsuites name="pytest tests"><testsuite name="pytest" errors="0" failures="0" skipped="0" tests="32" time="32.514" timestamp="2026-09-13T22:57:48.043516+01:00" hostname="Royal_Gray"><testcase classname="tests.test_refinement_progress" name="test_observer_receives_immutable_diagnostics_only" file="tests\test_refinement_progress.py" line="9" time="0.003" /><testcase classname="tests.test_refinement_progress" name="test_each_completed_round_is_observed_without_affecting_acceptance[global_embedded]" file="tests\test_refinement_progress.py" line="23" time="0.178" /><testcase classname="tests.test_refinement_progress" name="test_each_completed_round_is_observed_without_affecting_acceptance[spatial_embedded]" file="tests\test_refinement_progress.py" line="23" time="0.169" /><testcase classname="tests.test_refinement_progress" name="test_observer_failure_does_not_publish_success" file="tests\test_refinement_progress.py" line="37" time="0.008" /><testcase classname="tests.test_refinement_progress" name="test_failure_diagnostics_publish_before_buffer_cleanup" file="tests\test_refinement_progress.py" line="50" time="0.051" /><testcase classname="tests.test_energy_scoped_mesh_seed" name="test_all_energies_execute_with_only_matching_mesh_hint" file="tests\test_energy_scoped_mesh_seed.py" line="23" time="0.551" /><testcase classname="tests.test_energy_scoped_mesh_seed" name="test_invalid_energy_scope_is_rejected[0]" file="tests\test_energy_scoped_mesh_seed.py" line="41" time="0.001" /><testcase classname="tests.test_energy_scoped_mesh_seed" name="test_invalid_energy_scope_is_rejected[-1]" file="tests\test_energy_scoped_mesh_seed.py" line="41" time="0.001" /><testcase classname="tests.test_energy_scoped_mesh_seed" name="test_invalid_energy_scope_is_rejected[True]" file="tests\test_energy_scoped_mesh_seed.py" line="41" time="0.001" /><testcase classname="tests.test_energy_scoped_mesh_seed" name="test_invalid_energy_scope_is_rejected[0.3]" file="tests\test_energy_scoped_mesh_seed.py" line="41" time="0.001" /><testcase classname="tests.test_energy_scoped_mesh_seed" name="test_invalid_energy_scope_is_rejected[inf]" file="tests\test_energy_scoped_mesh_seed.py" line="41" time="0.001" /><testcase classname="tests.test_energy_scoped_mesh_seed" name="test_invalid_energy_scope_is_rejected[nan]" file="tests\test_energy_scoped_mesh_seed.py" line="41" time="0.001" /><testcase classname="tests.test_energy_scoped_mesh_seed" name="test_energy_scope_without_mesh_is_not_a_source_parameter" file="tests\test_energy_scoped_mesh_seed.py" line="47" time="0.001" /><testcase classname="tests.test_energy_scoped_mesh_seed" name="test_multi_energy_source_rejects_ambiguous_or_unconsumed_hint[None-explicit emission energy]" file="tests\test_energy_scoped_mesh_seed.py" line="52" time="8.701" /><testcase classname="tests.test_energy_scoped_mesh_seed" name="test_multi_energy_source_rejects_ambiguous_or_unconsumed_hint[0.5-not one of]" file="tests\test_energy_scoped_mesh_seed.py" line="52" time="0.262" /><testcase classname="tests.test_trace_tip_wave_cli" name="test_failed_request_preserves_inputs_and_identity_without_a_wave_archive[error0]" file="tests\test_trace_tip_wave_cli.py" line="26" time="1.787" /><testcase classname="tests.test_trace_tip_wave_cli" name="test_failed_request_preserves_inputs_and_identity_without_a_wave_archive[error1]" file="tests\test_trace_tip_wave_cli.py" line="26" time="1.073" /><testcase classname="tests.test_trace_tip_wave_cli" name="test_describe_selects_numerics_without_transport_or_files" file="tests\test_trace_tip_wave_cli.py" line="47" time="0.925" /><testcase classname="tests.test_trace_tip_wave_cli" name="test_large_machine_budgets_and_scan_numerics_are_explicit" file="tests\test_trace_tip_wave_cli.py" line="63" time="0.906" /><testcase classname="tests.test_trace_tip_wave_cli" name="test_surface_gun_refinement_reaches_full_pipeline_request_without_changing_profile" file="tests\test_trace_tip_wave_cli.py" line="77" time="0.916" /><testcase classname="tests.test_trace_tip_wave_cli" name="test_spatial_refinement_reaches_the_imaging_request_without_transport" file="tests\test_trace_tip_wave_cli.py" line="106" time="0.911" /><testcase classname="tests.test_trace_tip_wave_cli" name="test_surface_description_does_not_call_historical_planar_source" file="tests\test_trace_tip_wave_cli.py" line="117" time="1.262" /><testcase classname="tests.test_trace_tip_wave_cli" name="test_round_column_budgets_reach_request_without_new_source_inputs" file="tests\test_trace_tip_wave_cli.py" line="133" time="0.907" /><testcase classname="tests.test_trace_tip_wave_cli" name="test_invalid_gun_refinement_is_rejected_before_execution[options0]" file="tests\test_trace_tip_wave_cli.py" line="147" time="0.924" /><testcase classname="tests.test_trace_tip_wave_cli" name="test_invalid_gun_refinement_is_rejected_before_execution[options1]" file="tests\test_trace_tip_wave_cli.py" line="147" time="0.923" /><testcase classname="tests.test_trace_tip_wave_cli" name="test_invalid_gun_refinement_is_rejected_before_execution[options2]" file="tests\test_trace_tip_wave_cli.py" line="147" time="0.902" /><testcase classname="tests.test_trace_tip_wave_cli" name="test_invalid_gun_refinement_is_rejected_before_execution[options3]" file="tests\test_trace_tip_wave_cli.py" line="147" time="0.878" /><testcase classname="tests.test_trace_tip_wave_cli" name="test_npz_stream_does_not_retain_previous_arrays" file="tests\test_trace_tip_wave_cli.py" line="159" time="0.535" /><testcase classname="tests.test_trace_tip_wave_cli" name="test_scan_cli_streams_waves_completes_progress_and_exports_weighted_image" file="tests\test_trace_tip_wave_cli.py" line="180" time="1.083" /><testcase classname="tests.test_trace_tip_wave_cli" name="test_default_coherent_domain_failure_is_saved_without_changing_tip" file="tests\test_trace_tip_wave_cli.py" line="206" time="2.620" /><testcase classname="tests.test_trace_tip_wave_cli" name="test_describe_reports_unqualified_source_without_claiming_propagation" file="tests\test_trace_tip_wave_cli.py" line="236" time="0.889" /><testcase classname="tests.test_trace_tip_wave_cli" name="test_multichannel_scan_export_retains_native_modes_at_every_detector" file="tests\test_trace_tip_wave_cli.py" line="246" time="1.041" /></testsuite></testsuites>