<?xml version="1.0" encoding="utf-8"?><testsuites name="pytest tests"><testsuite name="pytest" errors="0" failures="1" skipped="0" tests="7" time="0.571" timestamp="2026-09-12T20:22:50.577844+01:00" hostname="Royal_Gray"><testcase classname="tests.test_coupled_low_energy" name="test_exact_uniform_mixed_propagating_grazing_and_evanescent_modes" file="tests\test_coupled_low_energy.py" line="11" time="0.004" /><testcase classname="tests.test_coupled_low_energy" name="test_noncommuting_coupled_layers_match_independent_full_transfer_exponential" file="tests\test_coupled_low_energy.py" line="28" time="0.004" /><testcase classname="tests.test_coupled_low_energy" name="test_diagonal_limit_matches_old_axial_solver_with_evanescent_coupling" file="tests\test_coupled_low_energy.py" line="62" time="0.002" /><testcase classname="tests.test_coupled_low_energy" name="test_smooth_transverse_coupling_converges_against_independent_adaptive_ode" file="tests\test_coupled_low_energy.py" line="77" time="0.023"><properties><property name="axial_errors_16_32_64" value="[0.00019665836672478056, 4.9149565665458085e-05, 1.2286453238889103e-05]" /></properties><failure message="assert 1.2286453238889103e-05 &lt; 1e-05">tests\test_coupled_low_energy.py:102: in test_smooth_transverse_coupling_converges_against_independent_adaptive_ode
    assert errors[-1] &lt; 1e-5
E   assert 1.2286453238889103e-05 &lt; 1e-05</failure></testcase><testcase classname="tests.test_coupled_low_energy" name="test_no_coupling_is_silently_dropped_and_zero_field_stays_zero" file="tests\test_coupled_low_energy.py" line="104" time="0.001" /><testcase classname="tests.test_coupled_low_energy" name="test_budgets_cancellation_and_nonhermitian_fields_fail_closed" file="tests\test_coupled_low_energy.py" line="114" time="0.001" /><testcase classname="tests.test_coupled_low_energy" name="test_unrepresentable_coupled_transmission_is_not_silently_zero_filled" file="tests\test_coupled_low_energy.py" line="131" time="0.000" /></testsuite></testsuites>