<?xml version="1.0" encoding="utf-8"?><testsuites name="pytest tests"><testsuite name="pytest" errors="0" failures="0" skipped="0" tests="44" time="26.195" timestamp="2026-09-12T13:18:07.839009+01:00" hostname="Royal_Gray"><testcase classname="tests.test_review_p0_regressions" name="test_combined_specimen_bandwidth_rejects_before_aliasing[False]" time="0.003" /><testcase classname="tests.test_review_p0_regressions" name="test_combined_specimen_bandwidth_rejects_before_aliasing[True]" time="0.001" /><testcase classname="tests.test_review_p0_regressions" name="test_independent_fine_grids_retain_correct_complex_phase_and_frequency" time="0.036" /><testcase classname="tests.test_review_p0_regressions" name="test_undersampled_analytic_carrier_cannot_be_folded_by_band_filter" time="0.001" /><testcase classname="tests.test_review_p0_regressions" name="test_every_live_objective_field_parameter_invalidates_incident[False-upper_b0_t]" time="4.316" /><testcase classname="tests.test_review_p0_regressions" name="test_every_live_objective_field_parameter_invalidates_incident[False-lower_b0_t]" time="0.552" /><testcase classname="tests.test_review_p0_regressions" name="test_every_live_objective_field_parameter_invalidates_incident[False-upper_a_mm]" time="0.608" /><testcase classname="tests.test_review_p0_regressions" name="test_every_live_objective_field_parameter_invalidates_incident[False-lower_a_mm]" time="0.613" /><testcase classname="tests.test_review_p0_regressions" name="test_every_live_objective_field_parameter_invalidates_incident[False-upper_field_center_z_mm]" time="0.563" /><testcase classname="tests.test_review_p0_regressions" name="test_every_live_objective_field_parameter_invalidates_incident[False-lower_field_center_z_mm]" time="0.624" /><testcase classname="tests.test_review_p0_regressions" name="test_every_live_objective_field_parameter_invalidates_incident[False-cc_mm]" time="0.560" /><testcase classname="tests.test_review_p0_regressions" name="test_every_live_objective_field_parameter_invalidates_incident[True-upper_b0_t]" time="0.763" /><testcase classname="tests.test_review_p0_regressions" name="test_every_live_objective_field_parameter_invalidates_incident[True-lower_b0_t]" time="0.770" /><testcase classname="tests.test_review_p0_regressions" name="test_every_live_objective_field_parameter_invalidates_incident[True-upper_a_mm]" time="0.720" /><testcase classname="tests.test_review_p0_regressions" name="test_every_live_objective_field_parameter_invalidates_incident[True-lower_a_mm]" time="0.766" /><testcase classname="tests.test_review_p0_regressions" name="test_every_live_objective_field_parameter_invalidates_incident[True-upper_field_center_z_mm]" time="0.764" /><testcase classname="tests.test_review_p0_regressions" name="test_every_live_objective_field_parameter_invalidates_incident[True-lower_field_center_z_mm]" time="0.706" /><testcase classname="tests.test_review_p0_regressions" name="test_every_live_objective_field_parameter_invalidates_incident[True-cc_mm]" time="0.763" /><testcase classname="tests.test_review_p0_regressions" name="test_both_objective_profiles_are_fully_bound[amplitude-upper_gaussian]" time="0.716" /><testcase classname="tests.test_review_p0_regressions" name="test_both_objective_profiles_are_fully_bound[amplitude-lower_gaussian]" time="0.770" /><testcase classname="tests.test_review_p0_regressions" name="test_both_objective_profiles_are_fully_bound[offset-upper_gaussian]" time="0.711" /><testcase classname="tests.test_review_p0_regressions" name="test_both_objective_profiles_are_fully_bound[offset-lower_gaussian]" time="0.773" /><testcase classname="tests.test_review_p0_regressions" name="test_both_objective_profiles_are_fully_bound[sigma-upper_gaussian]" time="0.779" /><testcase classname="tests.test_review_p0_regressions" name="test_both_objective_profiles_are_fully_bound[sigma-lower_gaussian]" time="0.716" /><testcase classname="tests.test_review_p0_regressions" name="test_artifact_store_rejects_old_lower_pole_but_keeps_history" time="2.068" /><testcase classname="tests.test_review_p0_regressions" name="test_display_only_lens_changes_do_not_invalidate_physics" time="0.618" /><testcase classname="tests.test_review_p0_regressions" name="test_wave_and_particle_reject_nonforward_tip_without_changing_parameters" time="0.013" /><testcase classname="tests.test_review_p0_regressions" name="test_small_phase_modulation_still_checks_its_diffraction_sidebands" time="0.002" /><testcase classname="tests.test_review_p0_regressions" name="test_legal_tip_domain_preserves_statistics_and_records_error_budget" time="0.041" /><testcase classname="tests.test_review_p0_regressions" name="test_unqualified_default_coherent_tip_is_not_silently_recalibrated" time="0.462" /><testcase classname="tests.test_review_p0_regressions" name="test_forward_domain_check_does_not_depend_on_lucky_finite_sampling" time="0.013" /><testcase classname="tests.test_review_p0_regressions" name="test_changed_lower_pole_warm_trace_matches_cold_and_gui_has_no_whole_product_hit" time="2.475" /><testcase classname="tests.test_column_wave_transport" name="test_constant_hamiltonian_lift_matches_matrix_exponential" time="0.002" /><testcase classname="tests.test_column_wave_transport" name="test_column_vacuum_transports_actual_shape_energy_and_weight" time="0.143" /><testcase classname="tests.test_column_wave_transport" name="test_regrid_retains_phase_carriers_without_fitting_or_cropping" time="0.007" /><testcase classname="tests.test_column_wave_transport" name="test_specimen_phase_is_complex_and_not_an_intensity_change" time="0.001" /><testcase classname="tests.test_wave_grid" name="test_refinement_retains_all_complex_fourier_coefficients_and_affine_carriers[shape0]" time="0.001" /><testcase classname="tests.test_wave_grid" name="test_refinement_retains_all_complex_fourier_coefficients_and_affine_carriers[shape1]" time="0.001" /><testcase classname="tests.test_wave_grid" name="test_refinement_retains_all_complex_fourier_coefficients_and_affine_carriers[shape2]" time="0.001" /><testcase classname="tests.test_wave_grid" name="test_even_negative_nyquist_bin_keeps_its_complex_phase_and_norm" time="0.001" /><testcase classname="tests.test_wave_grid" name="test_adaptive_cs_complex_field_and_diffraction_match_independent_fine_grid" time="1.098" /><testcase classname="tests.test_wave_grid" name="test_budget_failure_precedes_allocation_and_does_not_apply_or_ignore_an_operator" time="0.002" /><testcase classname="tests.test_wave_grid" name="test_non_sampling_errors_are_not_retried_and_invalid_budgets_are_rejected" time="0.001" /><testcase classname="tests.test_wave_grid" name="test_resolved_wave_zero_does_not_masquerade_as_aliasing" time="0.003" /></testsuite></testsuites>