<?xml version="1.0" encoding="utf-8"?><testsuites name="pytest tests"><testsuite name="pytest" errors="0" failures="0" skipped="0" tests="48" time="18.234" timestamp="2026-09-13T01:38:11.407067+01:00" hostname="Royal_Gray"><testcase classname="tests.test_liouville_wave" name="test_action_coordinate_retains_reflection_and_derivative_knots" file="tests\test_liouville_wave.py" line="44" time="0.371" /><testcase classname="tests.test_liouville_wave" name="test_derivative_jump_is_lossless_and_not_transparent" file="tests\test_liouville_wave.py" line="50" time="0.001" /><testcase classname="tests.test_moving_radial_frame" name="test_moving_frame_converges_to_nonparaxial_bessel_angular_spectrum" file="tests\test_moving_radial_frame.py" line="5" time="0.083" /><testcase classname="tests.test_scattering_load" name="test_reflected_load_matches_scalar_step_and_preserves_total_trace" file="tests\test_scattering_load.py" line="8" time="0.001" /><testcase classname="tests.test_scattering_load" name="test_unitary_connection_changes_complex_field_and_preserves_flux" file="tests\test_scattering_load.py" line="21" time="0.001" /><testcase classname="tests.test_scattering_load" name="test_radial_kinetic_and_dilation_have_required_symmetries" file="tests\test_scattering_load.py" line="31" time="0.003" /><testcase classname="tests.test_scattering_load" name="test_small_transverse_phase_survives_large_axial_carrier" file="tests\test_scattering_load.py" line="43" time="0.001" /><testcase classname="tests.test_scattering_load" name="test_carrier_split_equals_unsplit_slab_in_resolved_domain[-5.0]" file="tests\test_scattering_load.py" line="54" time="0.001" /><testcase classname="tests.test_scattering_load" name="test_carrier_split_equals_unsplit_slab_in_resolved_domain[-4.0]" file="tests\test_scattering_load.py" line="54" time="0.001" /><testcase classname="tests.test_scattering_load" name="test_carrier_split_equals_unsplit_slab_in_resolved_domain[-3.0]" file="tests\test_scattering_load.py" line="54" time="0.001" /><testcase classname="tests.test_scattering_load" name="test_carrier_split_equals_unsplit_slab_in_resolved_domain[2.0]" file="tests\test_scattering_load.py" line="54" time="0.001" /><testcase classname="tests.test_scattering_load" name="test_electrode_knot_quadrature_resolves_cusp_without_basis_fit" file="tests\test_scattering_load.py" line="61" time="0.001" /><testcase classname="tests.test_scattering_load" name="test_wide_bore_does_not_numerically_remove_transmitted_beam[8.0]" file="tests\test_scattering_load.py" line="71" time="0.002" /><testcase classname="tests.test_scattering_load" name="test_wide_bore_does_not_numerically_remove_transmitted_beam[10.0]" file="tests\test_scattering_load.py" line="71" time="0.002" /><testcase classname="tests.test_scattering_load" name="test_wide_bore_does_not_numerically_remove_transmitted_beam[10.58]" file="tests\test_scattering_load.py" line="71" time="0.002" /><testcase classname="tests.test_scattering_load" name="test_wide_bore_does_not_numerically_remove_transmitted_beam[12.0]" file="tests\test_scattering_load.py" line="71" time="0.002" /><testcase classname="tests.test_scattering_load" name="test_simultaneous_covariant_carrier_matches_independent_doubling" file="tests\test_scattering_load.py" line="81" time="0.003" /><testcase classname="tests.test_scattering_load" name="test_covariant_small_phase_is_not_erased_at_accelerated_energy" file="tests\test_scattering_load.py" line="92" time="0.001" /><testcase classname="tests.test_scattering_load" name="test_moving_basis_closure_keeps_derivative_outside_retained_modes" file="tests\test_scattering_load.py" line="105" time="0.000" /><testcase classname="tests.test_scattering_load" name="test_roundoff_equivalent_gun_planes_apply_absorption_once" file="tests\test_scattering_load.py" line="115" time="0.000" /><testcase classname="tests.test_surface_wave_integration" name="test_pipeline_preserves_phase_cache_and_instrument_identity" file="tests\test_surface_wave_integration.py" line="24" time="6.402" /><testcase classname="tests.test_surface_wave_integration" name="test_full_image_is_not_admitted_by_the_existence_of_a_near_field" file="tests\test_surface_wave_integration.py" line="40" time="0.069" /><testcase classname="tests.test_surface_wave_integration" name="test_column_aperture_and_filter_moved_to_tip_cannot_be_skipped" file="tests\test_surface_wave_integration.py" line="49" time="0.879" /><testcase classname="tests.test_surface_wave_integration" name="test_shared_column_field_is_checked_before_cached_wave_reuse" file="tests\test_surface_wave_integration.py" line="64" time="1.277" /><testcase classname="tests.test_surface_wave_integration" name="test_profile_and_snapshot_roundtrip_without_converting_classical_source" file="tests\test_surface_wave_integration.py" line="77" time="0.575" /><testcase classname="tests.test_surface_wave_integration" name="test_archive_keeps_complex_mode_and_does_not_overwrite" file="tests\test_surface_wave_integration.py" line="99" time="1.298" /><testcase classname="tests.test_surface_wave_integration" name="test_surface_editor_hides_duplicate_classical_energies" file="tests\test_surface_wave_integration.py" line="121" time="0.092" /><testcase classname="tests.test_surface_wave_integration" name="test_viewer_close_cancels_without_destroying_a_running_thread" file="tests\test_surface_wave_integration.py" line="137" time="0.509" /><testcase classname="tests.test_surface_wave_integration" name="test_surface_profile_versions_preserve_explicit_model[8]" file="tests\test_surface_wave_integration.py" line="147" time="0.239" /><testcase classname="tests.test_surface_wave_integration" name="test_surface_profile_versions_preserve_explicit_model[9]" file="tests\test_surface_wave_integration.py" line="147" time="0.230" /><testcase classname="tests.test_surface_wave_integration" name="test_viewer_runs_without_replacing_instrument_state_and_keeps_failed_result" file="tests\test_surface_wave_integration.py" line="167" time="1.894" /><testcase classname="tests.test_surface_wave_integration" name="test_cli_executes_and_exports_coherent_near_field" file="tests\test_surface_wave_integration.py" line="186" time="1.480" /><testcase classname="tests.test_surface_wave_integration" name="test_gamma_energy_rule_retains_actual_inputs_including_narrow_and_broad_spectra[0.3-0.001]" file="tests\test_surface_wave_integration.py" line="204" time="0.001" /><testcase classname="tests.test_surface_wave_integration" name="test_gamma_energy_rule_retains_actual_inputs_including_narrow_and_broad_spectra[0.3-0.1]" file="tests\test_surface_wave_integration.py" line="204" time="0.001" /><testcase classname="tests.test_surface_wave_integration" name="test_gamma_energy_rule_retains_actual_inputs_including_narrow_and_broad_spectra[0.3-0.6]" file="tests\test_surface_wave_integration.py" line="204" time="0.001" /><testcase classname="tests.test_surface_wave" name="test_uniform_waveguide_converges_to_analytic_complex_plane_wave" file="tests\test_surface_wave.py" line="32" time="0.042" /><testcase classname="tests.test_surface_wave" name="test_step_reflection_is_retained_and_not_renormalised_to_transmission_one" file="tests\test_surface_wave.py" line="45" time="0.008" /><testcase classname="tests.test_surface_wave" name="test_coherent_energy_quadrature_preserves_mean_width_and_is_not_one_phase" file="tests\test_surface_wave.py" line="52" time="0.001" /><testcase classname="tests.test_surface_wave" name="test_source_model_serialises_coherence_and_rejects_fake_classical_samples" file="tests\test_surface_wave.py" line="62" time="0.013" /><testcase classname="tests.test_surface_wave" name="test_actual_tip_near_field_preserves_complex_fields_flux_and_exact_cache" file="tests\test_surface_wave.py" line="71" time="0.314" /><testcase classname="tests.test_surface_wave" name="test_budget_and_cancellation_fail_before_field_allocation" file="tests\test_surface_wave.py" line="94" time="0.018" /><testcase classname="tests.test_surface_wave" name="test_domain_cannot_jump_over_existing_electrodes" file="tests\test_surface_wave.py" line="102" time="0.019" /><testcase classname="tests.test_surface_wave" name="test_magnetic_fields_cannot_be_silently_discarded" file="tests\test_surface_wave.py" line="108" time="0.052" /><testcase classname="tests.test_surface_wave" name="test_complex_drive_linearity_keeps_the_phase_reference" file="tests\test_surface_wave.py" line="116" time="0.005" /><testcase classname="tests.test_quadratic_axisymmetric_fem" name="test_partition_and_linear_coordinates" file="tests\test_quadratic_axisymmetric_fem.py" line="8" time="0.001" /><testcase classname="tests.test_quadratic_axisymmetric_fem" name="test_quadratic_complex_wave_converges_without_phase_fit" file="tests\test_quadratic_axisymmetric_fem.py" line="18" time="0.555" /><testcase classname="tests.test_quadratic_axisymmetric_fem" name="test_curved_element_laplace_constant_and_volume" file="tests\test_quadratic_axisymmetric_fem.py" line="39" time="0.004" /><testcase classname="tests.test_quadratic_axisymmetric_fem" name="test_even_node_counts_are_not_silently_reinterpreted" file="tests\test_quadratic_axisymmetric_fem.py" line="50" time="0.000" /></testsuite></testsuites>