<?xml version="1.0" encoding="utf-8"?><testsuites name="pytest tests"><testsuite name="pytest" errors="0" failures="0" skipped="0" tests="36" time="1.237" timestamp="2026-09-13T01:55:29.102629+01:00" hostname="Royal_Gray"><testcase classname="tests.test_radial_analytic_moments" name="test_analytic_disk_retains_the_same_mask_integral[0.1-16]" file="tests\test_radial_analytic_moments.py" line="10" time="0.024" /><testcase classname="tests.test_radial_analytic_moments" name="test_analytic_disk_retains_the_same_mask_integral[0.1-64]" file="tests\test_radial_analytic_moments.py" line="10" time="0.028" /><testcase classname="tests.test_radial_analytic_moments" name="test_analytic_disk_retains_the_same_mask_integral[0.1-128]" file="tests\test_radial_analytic_moments.py" line="10" time="0.022" /><testcase classname="tests.test_radial_analytic_moments" name="test_analytic_disk_retains_the_same_mask_integral[4.0-16]" file="tests\test_radial_analytic_moments.py" line="10" time="0.004" /><testcase classname="tests.test_radial_analytic_moments" name="test_analytic_disk_retains_the_same_mask_integral[4.0-64]" file="tests\test_radial_analytic_moments.py" line="10" time="0.008" /><testcase classname="tests.test_radial_analytic_moments" name="test_analytic_disk_retains_the_same_mask_integral[4.0-128]" file="tests\test_radial_analytic_moments.py" line="10" time="0.022" /><testcase classname="tests.test_radial_analytic_moments" name="test_analytic_disk_retains_the_same_mask_integral[50.0-16]" file="tests\test_radial_analytic_moments.py" line="10" time="0.005" /><testcase classname="tests.test_radial_analytic_moments" name="test_analytic_disk_retains_the_same_mask_integral[50.0-64]" file="tests\test_radial_analytic_moments.py" line="10" time="0.018" /><testcase classname="tests.test_radial_analytic_moments" name="test_analytic_disk_retains_the_same_mask_integral[50.0-128]" file="tests\test_radial_analytic_moments.py" line="10" time="0.102" /><testcase classname="tests.test_radial_analytic_moments" name="test_piecewise_relativistic_potential_has_no_removed_high_order_coupling[20.0-8]" file="tests\test_radial_analytic_moments.py" line="24" time="0.006" /><testcase classname="tests.test_radial_analytic_moments" name="test_piecewise_relativistic_potential_has_no_removed_high_order_coupling[20.0-32]" file="tests\test_radial_analytic_moments.py" line="24" time="0.010" /><testcase classname="tests.test_radial_analytic_moments" name="test_piecewise_relativistic_potential_has_no_removed_high_order_coupling[20.0-64]" file="tests\test_radial_analytic_moments.py" line="24" time="0.026" /><testcase classname="tests.test_radial_analytic_moments" name="test_piecewise_relativistic_potential_has_no_removed_high_order_coupling[300000.0-8]" file="tests\test_radial_analytic_moments.py" line="24" time="0.006" /><testcase classname="tests.test_radial_analytic_moments" name="test_piecewise_relativistic_potential_has_no_removed_high_order_coupling[300000.0-32]" file="tests\test_radial_analytic_moments.py" line="24" time="0.010" /><testcase classname="tests.test_radial_analytic_moments" name="test_piecewise_relativistic_potential_has_no_removed_high_order_coupling[300000.0-64]" file="tests\test_radial_analytic_moments.py" line="24" time="0.026" /><testcase classname="tests.test_radial_analytic_moments" name="test_scaled_disk_recurrence_handles_a_very_wide_bore" file="tests\test_radial_analytic_moments.py" line="40" time="0.002" /><testcase classname="tests.test_liouville_wave" name="test_action_coordinate_retains_reflection_and_derivative_knots" file="tests\test_liouville_wave.py" line="44" time="0.365" /><testcase classname="tests.test_liouville_wave" name="test_derivative_jump_is_lossless_and_not_transparent" file="tests\test_liouville_wave.py" line="50" time="0.001" /><testcase classname="tests.test_moving_radial_frame" name="test_moving_frame_converges_to_nonparaxial_bessel_angular_spectrum" file="tests\test_moving_radial_frame.py" line="5" time="0.050" /><testcase classname="tests.test_scattering_load" name="test_reflected_load_matches_scalar_step_and_preserves_total_trace" file="tests\test_scattering_load.py" line="8" time="0.001" /><testcase classname="tests.test_scattering_load" name="test_unitary_connection_changes_complex_field_and_preserves_flux" file="tests\test_scattering_load.py" line="21" time="0.001" /><testcase classname="tests.test_scattering_load" name="test_radial_kinetic_and_dilation_have_required_symmetries" file="tests\test_scattering_load.py" line="31" time="0.001" /><testcase classname="tests.test_scattering_load" name="test_small_transverse_phase_survives_large_axial_carrier" file="tests\test_scattering_load.py" line="43" time="0.001" /><testcase classname="tests.test_scattering_load" name="test_carrier_split_equals_unsplit_slab_in_resolved_domain[-5.0]" file="tests\test_scattering_load.py" line="54" time="0.001" /><testcase classname="tests.test_scattering_load" name="test_carrier_split_equals_unsplit_slab_in_resolved_domain[-4.0]" file="tests\test_scattering_load.py" line="54" time="0.001" /><testcase classname="tests.test_scattering_load" name="test_carrier_split_equals_unsplit_slab_in_resolved_domain[-3.0]" file="tests\test_scattering_load.py" line="54" time="0.001" /><testcase classname="tests.test_scattering_load" name="test_carrier_split_equals_unsplit_slab_in_resolved_domain[2.0]" file="tests\test_scattering_load.py" line="54" time="0.000" /><testcase classname="tests.test_scattering_load" name="test_electrode_knot_quadrature_resolves_cusp_without_basis_fit" file="tests\test_scattering_load.py" line="61" time="0.098" /><testcase classname="tests.test_scattering_load" name="test_wide_bore_does_not_numerically_remove_transmitted_beam[8.0]" file="tests\test_scattering_load.py" line="71" time="0.001" /><testcase classname="tests.test_scattering_load" name="test_wide_bore_does_not_numerically_remove_transmitted_beam[10.0]" file="tests\test_scattering_load.py" line="71" time="0.000" /><testcase classname="tests.test_scattering_load" name="test_wide_bore_does_not_numerically_remove_transmitted_beam[10.58]" file="tests\test_scattering_load.py" line="71" time="0.000" /><testcase classname="tests.test_scattering_load" name="test_wide_bore_does_not_numerically_remove_transmitted_beam[12.0]" file="tests\test_scattering_load.py" line="71" time="0.000" /><testcase classname="tests.test_scattering_load" name="test_simultaneous_covariant_carrier_matches_independent_doubling" file="tests\test_scattering_load.py" line="81" time="0.003" /><testcase classname="tests.test_scattering_load" name="test_covariant_small_phase_is_not_erased_at_accelerated_energy" file="tests\test_scattering_load.py" line="92" time="0.001" /><testcase classname="tests.test_scattering_load" name="test_moving_basis_closure_keeps_derivative_outside_retained_modes" file="tests\test_scattering_load.py" line="105" time="0.000" /><testcase classname="tests.test_scattering_load" name="test_roundoff_equivalent_gun_planes_apply_absorption_once" file="tests\test_scattering_load.py" line="115" time="0.000" /></testsuite></testsuites>