<?xml version="1.0" encoding="utf-8"?><testsuites name="pytest tests"><testsuite name="pytest" errors="0" failures="17" skipped="0" tests="143" time="182.515" timestamp="2026-09-12T13:17:46.443723+01:00" hostname="Royal_Gray"><testcase classname="tests.test_review_p0_regressions" name="test_combined_specimen_bandwidth_rejects_before_aliasing[False]" time="0.003" /><testcase classname="tests.test_review_p0_regressions" name="test_combined_specimen_bandwidth_rejects_before_aliasing[True]" time="0.002" /><testcase classname="tests.test_review_p0_regressions" name="test_independent_fine_grids_retain_correct_complex_phase_and_frequency" time="0.036" /><testcase classname="tests.test_review_p0_regressions" name="test_undersampled_analytic_carrier_cannot_be_folded_by_band_filter" time="0.001" /><testcase classname="tests.test_review_p0_regressions" name="test_every_live_objective_field_parameter_invalidates_incident[False-upper_b0_t]" time="3.969" /><testcase classname="tests.test_review_p0_regressions" name="test_every_live_objective_field_parameter_invalidates_incident[False-lower_b0_t]" time="0.533" /><testcase classname="tests.test_review_p0_regressions" name="test_every_live_objective_field_parameter_invalidates_incident[False-upper_a_mm]" time="0.605" /><testcase classname="tests.test_review_p0_regressions" name="test_every_live_objective_field_parameter_invalidates_incident[False-lower_a_mm]" time="0.535" /><testcase classname="tests.test_review_p0_regressions" name="test_every_live_objective_field_parameter_invalidates_incident[False-upper_field_center_z_mm]" time="0.610" /><testcase classname="tests.test_review_p0_regressions" name="test_every_live_objective_field_parameter_invalidates_incident[False-lower_field_center_z_mm]" time="0.537" /><testcase classname="tests.test_review_p0_regressions" name="test_every_live_objective_field_parameter_invalidates_incident[False-cc_mm]" time="0.557" /><testcase classname="tests.test_review_p0_regressions" name="test_every_live_objective_field_parameter_invalidates_incident[True-upper_b0_t]" time="0.772" /><testcase classname="tests.test_review_p0_regressions" name="test_every_live_objective_field_parameter_invalidates_incident[True-lower_b0_t]" time="0.699" /><testcase classname="tests.test_review_p0_regressions" name="test_every_live_objective_field_parameter_invalidates_incident[True-upper_a_mm]" time="0.779" /><testcase classname="tests.test_review_p0_regressions" name="test_every_live_objective_field_parameter_invalidates_incident[True-lower_a_mm]" time="0.720" /><testcase classname="tests.test_review_p0_regressions" name="test_every_live_objective_field_parameter_invalidates_incident[True-upper_field_center_z_mm]" time="0.706" /><testcase classname="tests.test_review_p0_regressions" name="test_every_live_objective_field_parameter_invalidates_incident[True-lower_field_center_z_mm]" time="0.787" /><testcase classname="tests.test_review_p0_regressions" name="test_every_live_objective_field_parameter_invalidates_incident[True-cc_mm]" time="0.706" /><testcase classname="tests.test_review_p0_regressions" name="test_both_objective_profiles_are_fully_bound[amplitude-upper_gaussian]" time="0.710" /><testcase classname="tests.test_review_p0_regressions" name="test_both_objective_profiles_are_fully_bound[amplitude-lower_gaussian]" time="0.786" /><testcase classname="tests.test_review_p0_regressions" name="test_both_objective_profiles_are_fully_bound[offset-upper_gaussian]" time="0.714" /><testcase classname="tests.test_review_p0_regressions" name="test_both_objective_profiles_are_fully_bound[offset-lower_gaussian]" time="0.780" /><testcase classname="tests.test_review_p0_regressions" name="test_both_objective_profiles_are_fully_bound[sigma-upper_gaussian]" time="0.709" /><testcase classname="tests.test_review_p0_regressions" name="test_both_objective_profiles_are_fully_bound[sigma-lower_gaussian]" time="0.795" /><testcase classname="tests.test_review_p0_regressions" name="test_artifact_store_rejects_old_lower_pole_but_keeps_history" time="2.051" /><testcase classname="tests.test_review_p0_regressions" name="test_display_only_lens_changes_do_not_invalidate_physics" time="0.569" /><testcase classname="tests.test_review_p0_regressions" name="test_wave_and_particle_reject_nonforward_tip_without_changing_parameters" time="0.032" /><testcase classname="tests.test_review_p0_regressions" name="test_small_phase_modulation_still_checks_its_diffraction_sidebands" time="0.002" /><testcase classname="tests.test_review_p0_regressions" name="test_legal_tip_domain_preserves_statistics_and_records_error_budget" time="0.039" /><testcase classname="tests.test_review_p0_regressions" name="test_unqualified_default_coherent_tip_is_not_silently_recalibrated" time="0.507" /><testcase classname="tests.test_review_p0_regressions" name="test_forward_domain_check_does_not_depend_on_lucky_finite_sampling" time="0.012" /><testcase classname="tests.test_review_p0_regressions" name="test_changed_lower_pole_warm_trace_matches_cold_and_gui_has_no_whole_product_hit" time="2.427" /><testcase classname="tests.test_column_wave_transport" name="test_constant_hamiltonian_lift_matches_matrix_exponential" time="0.002" /><testcase classname="tests.test_column_wave_transport" name="test_column_vacuum_transports_actual_shape_energy_and_weight" time="0.143" /><testcase classname="tests.test_column_wave_transport" name="test_regrid_retains_phase_carriers_without_fitting_or_cropping" time="0.007" /><testcase classname="tests.test_column_wave_transport" name="test_specimen_phase_is_complex_and_not_an_intensity_change" time="0.001" /><testcase classname="tests.test_wave_grid" name="test_refinement_retains_all_complex_fourier_coefficients_and_affine_carriers[shape0]" time="0.001" /><testcase classname="tests.test_wave_grid" name="test_refinement_retains_all_complex_fourier_coefficients_and_affine_carriers[shape1]" time="0.001" /><testcase classname="tests.test_wave_grid" name="test_refinement_retains_all_complex_fourier_coefficients_and_affine_carriers[shape2]" time="0.001" /><testcase classname="tests.test_wave_grid" name="test_even_negative_nyquist_bin_keeps_its_complex_phase_and_norm" time="0.001" /><testcase classname="tests.test_wave_grid" name="test_adaptive_cs_complex_field_and_diffraction_match_independent_fine_grid" time="1.125" /><testcase classname="tests.test_wave_grid" name="test_budget_failure_precedes_allocation_and_does_not_apply_or_ignore_an_operator" time="0.001" /><testcase classname="tests.test_wave_grid" name="test_non_sampling_errors_are_not_retried_and_invalid_budgets_are_rejected" time="0.001" /><testcase classname="tests.test_wave_grid" name="test_resolved_wave_zero_does_not_masquerade_as_aliasing" time="0.003" /><testcase classname="tests.test_calculation_cache_reuse" name="test_high_accuracy_cache_keeps_multiple_results_and_uses_true_lru" time="0.008" /><testcase classname="tests.test_calculation_cache_reuse" name="test_result_cache_budget_counts_shared_numpy_storage_once" time="0.000" /><testcase classname="tests.test_calculation_cache_reuse" name="test_checkpoint_candidate_survives_when_no_complete_product_matches" time="0.000" /><testcase classname="tests.test_calculation_cache_reuse" name="test_exact_product_seed_outranks_newer_checkpoint_only_candidate" time="0.000" /><testcase classname="tests.test_calculation_cache_reuse" name="test_result_cache_byte_budget_evicts_oldest_until_it_fits" time="0.007" /><testcase classname="tests.test_calculation_cache_reuse" name="test_oversized_result_does_not_erase_smaller_cached_results" time="0.007" /><testcase classname="tests.test_calculation_cache_reuse" name="test_identical_completed_high_request_hits_cache_without_second_worker" time="3.455" /><testcase classname="tests.test_calculation_cache_reuse" name="test_identical_inflight_high_requests_share_one_worker" time="2.633" /><testcase classname="tests.test_calculation_cache_reuse" name="test_preview_supersedes_high_without_leaving_a_stale_running_token" time="3.892" /><testcase classname="tests.test_calculation_cache_reuse" name="test_sample_region_controls_invalidate_only_the_region_artifact[sample_region_upstream_distance_um-75.0-False]" time="0.558" /><testcase classname="tests.test_calculation_cache_reuse" name="test_sample_region_controls_invalidate_only_the_region_artifact[sample_region_downstream_distance_um-80.0-True]" time="0.653" /><testcase classname="tests.test_calculation_cache_reuse" name="test_sample_region_controls_invalidate_only_the_region_artifact[sample_region_photon_path_count-257-False]" time="0.562" /><testcase classname="tests.test_calculation_cache_reuse" name="test_sample_region_controls_invalidate_only_the_region_artifact[sample_region_secondary_path_count-97-False]" time="0.567" /><testcase classname="tests.test_calculation_cache_reuse" name="test_sample_region_controls_invalidate_only_the_region_artifact[sample_region_seed-13-False]" time="0.653" /><testcase classname="tests.test_calculation_cache_reuse" name="test_eds_only_parameter_changes_only_request_and_eds_signatures" time="0.572" /><testcase classname="tests.test_calculation_cache_reuse" name="test_energy_filter_setting_changes_only_filter_product" time="0.576" /><testcase classname="tests.test_calculation_cache_reuse" name="test_tem_objective_pupil_and_image_aberration_invalidate_wave_source" time="1.870" /><testcase classname="tests.test_calculation_cache_reuse" name="test_elastic_transport_controls_also_invalidate_geometric_stem" time="1.775" /><testcase classname="tests.test_calculation_cache_reuse" name="test_dynamic_simulation_time_is_part_of_calculation_identity" time="0.559" /><testcase classname="tests.test_calculation_cache_reuse" name="test_scan_response_products_ignore_emitter_sampling_density" time="0.648" /><testcase classname="tests.test_calculation_cache_reuse" name="test_retired_virtual_density_map_does_not_change_physical_identity" time="0.566" /><testcase classname="tests.test_calculation_cache_reuse" name="test_spot_current_limit_reuses_geometry_but_invalidates_counts" time="0.566" /><testcase classname="tests.test_calculation_cache_reuse" name="test_post_sample_lens_change_keeps_specimen_checkpoint_products" time="2.478" /><testcase classname="tests.test_calculation_cache_reuse" name="test_post_sample_projector_geometry_keeps_local_stage_products" time="0.566" /><testcase classname="tests.test_calculation_cache_reuse" name="test_projector_field_map_descriptor_with_unknown_support_invalidates_upstream_products" time="0.573" /><testcase classname="tests.test_calculation_cache_reuse" name="test_upstream_pole_geometry_invalidates_local_stage_products" time="0.646" /><testcase classname="tests.test_calculation_cache_reuse" name="test_projector_mode_change_keeps_specimen_checkpoint_products" time="0.569" /><testcase classname="tests.test_calculation_cache_reuse" name="test_tem_recording_plane_switch_keeps_specimen_checkpoint_products" time="0.653" /><testcase classname="tests.test_calculation_cache_reuse" name="test_new_tem_calculation_rejects_legacy_source_before_cache_reprojection" time="0.444" /><testcase classname="tests.test_calculation_cache_reuse" name="test_seed_selection_prefers_reusable_incident_and_wave_source" time="0.007" /><testcase classname="tests.test_calculation_cache_reuse" name="test_scan_calibration_does_not_change_cache_identity[False]" time="0.811" /><testcase classname="tests.test_calculation_cache_reuse" name="test_scan_calibration_does_not_change_cache_identity[True]" time="1.274" /><testcase classname="tests.test_calculation_cache_reuse" name="test_legacy_ac_scan_amplitudes_do_not_invalidate_calibrated_scan" time="1.144" /><testcase classname="tests.test_calculation_cache_reuse" name="test_cif_content_change_at_same_path_changes_calculation_identity" time="0.675" /><testcase classname="tests.test_calculation_cache_reuse" name="test_loaded_specimen_data_only_invalidates_post_column_products" time="0.642" /><testcase classname="tests.test_calculation_cache_reuse" name="test_same_state_preview_does_not_replace_high_accuracy_tab_products" time="0.842" /><testcase classname="tests.test_calculation_manifest_artifacts" name="test_manifest_is_repeatable_and_timestamp_is_not_scientific_identity" time="2.166" /><testcase classname="tests.test_calculation_manifest_artifacts" name="test_manifest_export_is_detached_json_without_changing_cache_identity" time="2.083" /><testcase classname="tests.test_calculation_manifest_artifacts" name="test_geometry_fingerprint_ignores_percent_but_tracks_position_and_poles" time="0.370" /><testcase classname="tests.test_calculation_manifest_artifacts" name="test_geometry_fingerprint_normalises_only_binary_roundoff" time="0.319" /><testcase classname="tests.test_calculation_manifest_artifacts" name="test_geometry_fingerprints_expose_stage_scopes" time="0.105" /><testcase classname="tests.test_calculation_manifest_artifacts" name="test_manifest_detects_external_cif_mutation" time="1.074" /><testcase classname="tests.test_calculation_manifest_artifacts" name="test_field_map_descriptor_and_current_source_bytes_enter_identity" time="1.720" /><testcase classname="tests.test_calculation_manifest_artifacts" name="test_checkpoint_store_survives_restart_and_returns_read_only_arrays" time="1.651" /><testcase classname="tests.test_calculation_manifest_artifacts" name="test_complete_incident_seed_restarts_ray_solver[False-False]" time="4.645" /><testcase classname="tests.test_calculation_manifest_artifacts" name="test_complete_incident_seed_restarts_ray_solver[True-False]" time="16.376" /><testcase classname="tests.test_calculation_manifest_artifacts" name="test_complete_incident_seed_restarts_ray_solver[False-True]" time="4.402" /><testcase classname="tests.test_calculation_manifest_artifacts" name="test_calculation_controller_exposes_manifest_and_persistence_hooks" time="1.596" /><testcase classname="tests.test_calculation_manifest_artifacts" name="test_checkpoint_store_uses_scoped_geometry_and_rejects_tampering" time="3.325" /><testcase classname="tests.test_calculation_manifest_artifacts" name="test_store_rejects_object_arrays_and_prunes_oldest_reference" time="2.230" /><testcase classname="tests.test_calculation_manifest_artifacts" name="test_store_mutex_is_reentrant_and_released_after_exception" time="0.009" /><testcase classname="tests.test_calculation_manifest_artifacts" name="test_store_mutex_serialises_independent_processes" time="4.393" /><testcase classname="tests.test_calculation_manifest_artifacts" name="test_two_store_instances_can_publish_and_read_concurrently" time="3.196" /><testcase classname="tests.test_calculation_manifest_artifacts" name="test_prune_reclaims_crash_orphan_before_quota_decision" time="2.226" /><testcase classname="tests.test_calculation_manifest_artifacts" name="test_store_initialisation_reclaims_unreferenced_objects" time="1.296" /><testcase classname="tests.test_calculation_manifest_artifacts" name="test_many_mode_array_filename_roundtrip" time="1.157" /><testcase classname="tests.test_calculation_manifest_artifacts" name="test_source_code_change_blocks_numeric_reuse_without_a_schema_bump" time="1.305" /><testcase classname="tests.test_calculation_manifest_artifacts" name="test_solver_implementation_bump_does_not_reuse_legacy_seed[temsim-solver-2026-09-segmented-v1]" time="1.169" /><testcase classname="tests.test_calculation_manifest_artifacts" name="test_solver_implementation_bump_does_not_reuse_legacy_seed[temsim-solver-2026-09-segmented-v2]" time="1.306" /><testcase classname="tests.test_calculation_manifest_artifacts" name="test_solver_implementation_bump_does_not_reuse_legacy_seed[temsim-solver-2026-09-vector-fields-v3]" time="1.175" /><testcase classname="tests.test_calculation_manifest_artifacts" name="test_solver_implementation_bump_does_not_reuse_legacy_seed[temsim-solver-2026-09-six-stage-physics-v1]" time="1.295" /><testcase classname="tests.test_calculation_manifest_artifacts" name="test_solver_implementation_bump_does_not_reuse_legacy_seed[temsim-solver-2026-09-magnetic-circuits-v2]" time="1.307" /><testcase classname="tests.test_calculation_manifest_artifacts" name="test_solver_implementation_bump_does_not_reuse_legacy_seed[temsim-solver-2026-09-simulation-modes-v1]" time="1.186" /><testcase classname="tests.test_calculation_manifest_artifacts" name="test_solver_implementation_bump_does_not_reuse_legacy_seed[temsim-solver-2026-09-static-bh-v1]" time="1.157" /><testcase classname="tests.test_tip_coherent_emission" name="test_tip_is_explicit_and_never_uses_exit_voltage" time="0.013"><failure message="temsim.optics.electron_gun.tip_source_domain.TipSourceDomainError: Tip source exceeds the paraxial domain: generator error bound 6.972% &gt; 1% at tail probability 1e-08. A wider-domain physical model is required; saved tip parameters were not changed.">tests\test_tip_coherent_emission.py:25: in test_tip_is_explicit_and_never_uses_exit_voltage
    emitted = generate_tip_emission(gun, numerics)
              ^^^^^^^^^^^^^^^^^^^^^^^^^^^^^^^^^^^^
src\temsim\optics\electron_gun\tip_coherence.py:247: in generate_tip_emission
    source_domain = validate_tip_source_domain(emitter)
                    ^^^^^^^^^^^^^^^^^^^^^^^^^^^^^^^^^^^
src\temsim\optics\electron_gun\tip_source_domain.py:74: in validate_tip_source_domain
    raise TipSourceDomainError(
E   temsim.optics.electron_gun.tip_source_domain.TipSourceDomainError: Tip source exceeds the paraxial domain: generator error bound 6.972% &gt; 1% at tail probability 1e-08. A wider-domain physical model is required; saved tip parameters were not changed.</failure></testcase><testcase classname="tests.test_tip_coherent_emission" name="test_modes_reconstruct_full_quantum_covariance_and_preserve_tail[0.0]" time="0.013"><failure message="temsim.optics.electron_gun.tip_source_domain.TipSourceDomainError: Tip source exceeds the paraxial domain: generator error bound 6.998% &gt; 1% at tail probability 1e-08. A wider-domain physical model is required; saved tip parameters were not changed.">tests\test_tip_coherent_emission.py:41: in test_modes_reconstruct_full_quantum_covariance_and_preserve_tail
    emission = generate_tip_emission(gun, TipWaveNumerics(grid_pixels=256, energy_samples=1,
src\temsim\optics\electron_gun\tip_coherence.py:247: in generate_tip_emission
    source_domain = validate_tip_source_domain(emitter)
                    ^^^^^^^^^^^^^^^^^^^^^^^^^^^^^^^^^^^
src\temsim\optics\electron_gun\tip_source_domain.py:74: in validate_tip_source_domain
    raise TipSourceDomainError(
E   temsim.optics.electron_gun.tip_source_domain.TipSourceDomainError: Tip source exceeds the paraxial domain: generator error bound 6.998% &gt; 1% at tail probability 1e-08. A wider-domain physical model is required; saved tip parameters were not changed.</failure></testcase><testcase classname="tests.test_tip_coherent_emission" name="test_modes_reconstruct_full_quantum_covariance_and_preserve_tail[45.0]" time="0.012"><failure message="temsim.optics.electron_gun.tip_source_domain.TipSourceDomainError: Tip source exceeds the paraxial domain: generator error bound 9.224% &gt; 1% at tail probability 1e-08. A wider-domain physical model is required; saved tip parameters were not changed.">tests\test_tip_coherent_emission.py:41: in test_modes_reconstruct_full_quantum_covariance_and_preserve_tail
    emission = generate_tip_emission(gun, TipWaveNumerics(grid_pixels=256, energy_samples=1,
src\temsim\optics\electron_gun\tip_coherence.py:247: in generate_tip_emission
    source_domain = validate_tip_source_domain(emitter)
                    ^^^^^^^^^^^^^^^^^^^^^^^^^^^^^^^^^^^
src\temsim\optics\electron_gun\tip_source_domain.py:74: in validate_tip_source_domain
    raise TipSourceDomainError(
E   temsim.optics.electron_gun.tip_source_domain.TipSourceDomainError: Tip source exceeds the paraxial domain: generator error bound 9.224% &gt; 1% at tail probability 1e-08. A wider-domain physical model is required; saved tip parameters were not changed.</failure></testcase><testcase classname="tests.test_tip_coherent_emission" name="test_wigner_particles_use_the_same_tip_momentum_distribution" time="0.013"><failure message="temsim.optics.electron_gun.tip_source_domain.TipSourceDomainError: Tip source exceeds the paraxial domain: generator error bound 7.531% &gt; 1% at tail probability 1e-08. A wider-domain physical model is required; saved tip parameters were not changed.">tests\test_tip_coherent_emission.py:60: in test_wigner_particles_use_the_same_tip_momentum_distribution
    bundle = gun.emit(count)
             ^^^^^^^^^^^^^^^
src\temsim\optics\electron_gun\field_emission.py:647: in emit
    return self.emitter.emit(count)
           ^^^^^^^^^^^^^^^^^^^^^^^^
src\temsim\optics\electron_gun\emitter.py:151: in emit
    bundle = tip_particle_samples(self, n)
             ^^^^^^^^^^^^^^^^^^^^^^^^^^^^^
src\temsim\optics\electron_gun\tip_coherence.py:140: in tip_particle_samples
    validate_tip_source_domain(emitter)
src\temsim\optics\electron_gun\tip_source_domain.py:74: in validate_tip_source_domain
    raise TipSourceDomainError(
E   temsim.optics.electron_gun.tip_source_domain.TipSourceDomainError: Tip source exceeds the paraxial domain: generator error bound 7.531% &gt; 1% at tail probability 1e-08. A wider-domain physical model is required; saved tip parameters were not changed.</failure></testcase><testcase classname="tests.test_tip_coherent_emission" name="test_existing_energy_spread_and_current_are_retained" time="0.012"><failure message="temsim.optics.electron_gun.tip_source_domain.TipSourceDomainError: Tip source domain cannot establish forward support at the declared tail budget (p_transverse/p bound=2.7899); a non-paraxial source model is required. Saved tip parameters were not changed.">tests\test_tip_coherent_emission.py:75: in test_existing_energy_spread_and_current_are_retained
    source = generate_tip_emission(gun, TipWaveNumerics(energy_samples=33))
             ^^^^^^^^^^^^^^^^^^^^^^^^^^^^^^^^^^^^^^^^^^^^^^^^^^^^^^^^^^^^^^
src\temsim\optics\electron_gun\tip_coherence.py:247: in generate_tip_emission
    source_domain = validate_tip_source_domain(emitter)
                    ^^^^^^^^^^^^^^^^^^^^^^^^^^^^^^^^^^^
src\temsim\optics\electron_gun\tip_source_domain.py:70: in validate_tip_source_domain
    raise TipSourceDomainError(
E   temsim.optics.electron_gun.tip_source_domain.TipSourceDomainError: Tip source domain cannot establish forward support at the declared tail budget (p_transverse/p bound=2.7899); a non-paraxial source model is required. Saved tip parameters were not changed.</failure></testcase><testcase classname="tests.test_tip_coherent_emission" name="test_no_silent_mode_budget_or_sampling_fallback" time="0.013"><failure message="temsim.optics.electron_gun.tip_source_domain.TipSourceDomainError: Tip source exceeds the paraxial domain: generator error bound 6.972% &gt; 1% at tail probability 1e-08. A wider-domain physical model is required; saved tip parameters were not changed.">tests\test_tip_coherent_emission.py:92: in test_no_silent_mode_budget_or_sampling_fallback
    emission = generate_tip_emission(gun, TipWaveNumerics(energy_samples=1, grid_pixels=32))
               ^^^^^^^^^^^^^^^^^^^^^^^^^^^^^^^^^^^^^^^^^^^^^^^^^^^^^^^^^^^^^^^^^^^^^^^^^^^^^
src\temsim\optics\electron_gun\tip_coherence.py:247: in generate_tip_emission
    source_domain = validate_tip_source_domain(emitter)
                    ^^^^^^^^^^^^^^^^^^^^^^^^^^^^^^^^^^^
src\temsim\optics\electron_gun\tip_source_domain.py:74: in validate_tip_source_domain
    raise TipSourceDomainError(
E   temsim.optics.electron_gun.tip_source_domain.TipSourceDomainError: Tip source exceeds the paraxial domain: generator error bound 6.972% &gt; 1% at tail probability 1e-08. A wider-domain physical model is required; saved tip parameters were not changed.</failure></testcase><testcase classname="tests.test_tip_coherent_emission" name="test_invalid_tip_coherence_is_rejected[parameters0]" time="0.012" /><testcase classname="tests.test_tip_coherent_emission" name="test_invalid_tip_coherence_is_rejected[parameters1]" time="0.012" /><testcase classname="tests.test_tip_coherent_emission" name="test_invalid_tip_coherence_is_rejected[parameters2]" time="0.012" /><testcase classname="tests.test_tip_coherent_emission" name="test_profile_and_exact_snapshot_preserve_tip_model" time="0.287"><failure message="temsim.optics.electron_gun.tip_source_domain.TipSourceDomainError: Tip source exceeds the paraxial domain: generator error bound 6.987% &gt; 1% at tail probability 1e-08. A wider-domain physical model is required; saved tip parameters were not changed.">tests\test_tip_coherent_emission.py:115: in test_profile_and_exact_snapshot_preserve_tip_model
    np.testing.assert_array_equal(exact.emit(9).x_m, gun.emit(9).x_m)
                                  ^^^^^^^^^^^^^
src\temsim\optics\electron_gun\field_emission.py:647: in emit
    return self.emitter.emit(count)
           ^^^^^^^^^^^^^^^^^^^^^^^^
src\temsim\optics\electron_gun\emitter.py:151: in emit
    bundle = tip_particle_samples(self, n)
             ^^^^^^^^^^^^^^^^^^^^^^^^^^^^^
src\temsim\optics\electron_gun\tip_coherence.py:140: in tip_particle_samples
    validate_tip_source_domain(emitter)
src\temsim\optics\electron_gun\tip_source_domain.py:74: in validate_tip_source_domain
    raise TipSourceDomainError(
E   temsim.optics.electron_gun.tip_source_domain.TipSourceDomainError: Tip source exceeds the paraxial domain: generator error bound 6.987% &gt; 1% at tail probability 1e-08. A wider-domain physical model is required; saved tip parameters were not changed.</failure></testcase><testcase classname="tests.test_tip_coherent_emission" name="test_tip_dialog_explicitly_selects_coherence_without_mutating_live_gun" time="0.019" /><testcase classname="tests.test_tip_coherent_emission" name="test_disabled_coherence_retains_the_old_truncated_emission" time="0.013"><failure message="temsim.optics.electron_gun.tip_source_domain.TipSourceDomainError: Tip source exceeds the paraxial domain: generator error bound 6.972% &gt; 1% at tail probability 1e-08. A wider-domain physical model is required; saved tip parameters were not changed.">tests\test_tip_coherent_emission.py:137: in test_disabled_coherence_retains_the_old_truncated_emission
    assert np.max(np.abs(gun.emit(33).tx_rad)) &gt; .01
                         ^^^^^^^^^^^^
src\temsim\optics\electron_gun\field_emission.py:647: in emit
    return self.emitter.emit(count)
           ^^^^^^^^^^^^^^^^^^^^^^^^
src\temsim\optics\electron_gun\emitter.py:151: in emit
    bundle = tip_particle_samples(self, n)
             ^^^^^^^^^^^^^^^^^^^^^^^^^^^^^
src\temsim\optics\electron_gun\tip_coherence.py:140: in tip_particle_samples
    validate_tip_source_domain(emitter)
src\temsim\optics\electron_gun\tip_source_domain.py:74: in validate_tip_source_domain
    raise TipSourceDomainError(
E   temsim.optics.electron_gun.tip_source_domain.TipSourceDomainError: Tip source exceeds the paraxial domain: generator error bound 6.972% &gt; 1% at tail probability 1e-08. A wider-domain physical model is required; saved tip parameters were not changed.</failure></testcase><testcase classname="tests.test_tip_coherent_emission" name="test_unselected_tip_model_preserves_the_archived_classical_field_schema" time="0.492" /><testcase classname="tests.test_tip_coherent_emission" name="test_saved_operating_profile_retains_and_can_clear_tip_coherence" time="0.397" /><testcase classname="tests.test_tip_coherent_emission" name="test_medium_tuning_keeps_zero_current_guides_for_the_selected_tip_law" time="0.012"><failure message="temsim.optics.electron_gun.tip_source_domain.TipSourceDomainError: Tip source exceeds the paraxial domain: generator error bound 7.091% &gt; 1% at tail probability 1e-08. A wider-domain physical model is required; saved tip parameters were not changed.">tests\test_tip_coherent_emission.py:187: in test_medium_tuning_keeps_zero_current_guides_for_the_selected_tip_law
    bundle = gun.emit(193)
             ^^^^^^^^^^^^^
src\temsim\optics\electron_gun\field_emission.py:647: in emit
    return self.emitter.emit(count)
           ^^^^^^^^^^^^^^^^^^^^^^^^
src\temsim\optics\electron_gun\emitter.py:151: in emit
    bundle = tip_particle_samples(self, n)
             ^^^^^^^^^^^^^^^^^^^^^^^^^^^^^
src\temsim\optics\electron_gun\tip_coherence.py:140: in tip_particle_samples
    validate_tip_source_domain(emitter)
src\temsim\optics\electron_gun\tip_source_domain.py:74: in validate_tip_source_domain
    raise TipSourceDomainError(
E   temsim.optics.electron_gun.tip_source_domain.TipSourceDomainError: Tip source exceeds the paraxial domain: generator error bound 7.091% &gt; 1% at tail probability 1e-08. A wider-domain physical model is required; saved tip parameters were not changed.</failure></testcase><testcase classname="tests.test_tip_coherent_emission" name="test_configured_tip_does_not_enable_incomplete_tem_stem_images" time="0.081" /><testcase classname="tests.test_tip_gun_wave" name="test_uniform_acceleration_has_correct_variable_momentum_drift_and_time" time="0.191" /><testcase classname="tests.test_tip_gun_wave" name="test_shared_axial_field_gun_operator_converges_to_exact_solenoid" time="0.033" /><testcase classname="tests.test_tip_gun_wave" name="test_constant_transverse_force_retains_weyl_phase_with_second_order_convergence" time="0.025" /><testcase classname="tests.test_tip_gun_wave" name="test_actual_gun_transports_tip_energy_phase_and_reuses_only_executed_inputs" time="0.017"><failure message="temsim.optics.electron_gun.tip_source_domain.TipSourceDomainError: Tip source exceeds the paraxial domain: generator error bound 6.972% &gt; 1% at tail probability 1e-08. A wider-domain physical model is required; saved tip parameters were not changed.">tests\test_tip_gun_wave.py:98: in test_actual_gun_transports_tip_energy_phase_and_reuses_only_executed_inputs
    result = build_tip_gun_checkpoint(gun, source_numerics=SOURCE, numerics=NUMERICS)
             ^^^^^^^^^^^^^^^^^^^^^^^^^^^^^^^^^^^^^^^^^^^^^^^^^^^^^^^^^^^^^^^^^^^^^^^^
src\temsim\physics\tip_gun_wave.py:314: in build_tip_gun_checkpoint
    emission = generate_tip_emission(working, source_numerics)
               ^^^^^^^^^^^^^^^^^^^^^^^^^^^^^^^^^^^^^^^^^^^^^^^
src\temsim\optics\electron_gun\tip_coherence.py:247: in generate_tip_emission
    source_domain = validate_tip_source_domain(emitter)
                    ^^^^^^^^^^^^^^^^^^^^^^^^^^^^^^^^^^^
src\temsim\optics\electron_gun\tip_source_domain.py:74: in validate_tip_source_domain
    raise TipSourceDomainError(
E   temsim.optics.electron_gun.tip_source_domain.TipSourceDomainError: Tip source exceeds the paraxial domain: generator error bound 6.972% &gt; 1% at tail probability 1e-08. A wider-domain physical model is required; saved tip parameters were not changed.</failure></testcase><testcase classname="tests.test_tip_gun_wave" name="test_gun_wave_converges_and_agrees_with_boris_in_the_paraxial_limit" time="51.461" /><testcase classname="tests.test_tip_gun_wave" name="test_accelerator_and_focusing_are_inputs_not_exit_fit_parameters" time="0.016"><failure message="temsim.optics.electron_gun.tip_source_domain.TipSourceDomainError: Tip source exceeds the paraxial domain: generator error bound 6.972% &gt; 1% at tail probability 1e-08. A wider-domain physical model is required; saved tip parameters were not changed.">tests\test_tip_gun_wave.py:140: in test_accelerator_and_focusing_are_inputs_not_exit_fit_parameters
    first = build_tip_gun_checkpoint(gun, source_numerics=SOURCE, numerics=NUMERICS)
            ^^^^^^^^^^^^^^^^^^^^^^^^^^^^^^^^^^^^^^^^^^^^^^^^^^^^^^^^^^^^^^^^^^^^^^^^
src\temsim\physics\tip_gun_wave.py:314: in build_tip_gun_checkpoint
    emission = generate_tip_emission(working, source_numerics)
               ^^^^^^^^^^^^^^^^^^^^^^^^^^^^^^^^^^^^^^^^^^^^^^^
src\temsim\optics\electron_gun\tip_coherence.py:247: in generate_tip_emission
    source_domain = validate_tip_source_domain(emitter)
                    ^^^^^^^^^^^^^^^^^^^^^^^^^^^^^^^^^^^
src\temsim\optics\electron_gun\tip_source_domain.py:74: in validate_tip_source_domain
    raise TipSourceDomainError(
E   temsim.optics.electron_gun.tip_source_domain.TipSourceDomainError: Tip source exceeds the paraxial domain: generator error bound 6.972% &gt; 1% at tail probability 1e-08. A wider-domain physical model is required; saved tip parameters were not changed.</failure></testcase><testcase classname="tests.test_tip_gun_wave" name="test_installed_wien_and_c1_slit_are_executed" time="0.035"><failure message="temsim.optics.electron_gun.tip_source_domain.TipSourceDomainError: Tip source exceeds the paraxial domain: generator error bound 6.972% &gt; 1% at tail probability 1e-08. A wider-domain physical model is required; saved tip parameters were not changed.">tests\test_tip_gun_wave.py:156: in test_installed_wien_and_c1_slit_are_executed
    result = build_tip_gun_checkpoint(gun, source_numerics=SOURCE, numerics=NUMERICS)
             ^^^^^^^^^^^^^^^^^^^^^^^^^^^^^^^^^^^^^^^^^^^^^^^^^^^^^^^^^^^^^^^^^^^^^^^^
src\temsim\physics\tip_gun_wave.py:314: in build_tip_gun_checkpoint
    emission = generate_tip_emission(working, source_numerics)
               ^^^^^^^^^^^^^^^^^^^^^^^^^^^^^^^^^^^^^^^^^^^^^^^
src\temsim\optics\electron_gun\tip_coherence.py:247: in generate_tip_emission
    source_domain = validate_tip_source_domain(emitter)
                    ^^^^^^^^^^^^^^^^^^^^^^^^^^^^^^^^^^^
src\temsim\optics\electron_gun\tip_source_domain.py:74: in validate_tip_source_domain
    raise TipSourceDomainError(
E   temsim.optics.electron_gun.tip_source_domain.TipSourceDomainError: Tip source exceeds the paraxial domain: generator error bound 6.972% &gt; 1% at tail probability 1e-08. A wider-domain physical model is required; saved tip parameters were not changed.</failure></testcase><testcase classname="tests.test_tip_gun_wave" name="test_no_cached_or_caller_exit_can_bypass_tip_configuration_or_cancellation" time="0.017" /><testcase classname="tests.test_tip_gun_wave" name="test_imported_wien_provider_cannot_be_silently_omitted" time="0.035"><failure message="AssertionError: Regex pattern did not match.&#10;  Expected regex: 'Imported Wien'&#10;  Actual message: 'Tip source exceeds the paraxial domain: generator error bound 6.972% &gt; 1% at tail probability 1e-08. A wider-domain physical model is required; saved tip parameters were not changed.'">tests\test_tip_gun_wave.py:178: in test_imported_wien_provider_cannot_be_silently_omitted
    with pytest.raises(ValueError, match="Imported Wien"):
E   AssertionError: Regex pattern did not match.
E     Expected regex: 'Imported Wien'
E     Actual message: 'Tip source exceeds the paraxial domain: generator error bound 6.972% &gt; 1% at tail probability 1e-08. A wider-domain physical model is required; saved tip parameters were not changed.'</failure></testcase><testcase classname="tests.test_tip_gun_wave" name="test_actual_rotated_gun_stigmator_and_deflector_field_coefficients" time="0.017" /><testcase classname="tests.test_tip_gun_wave" name="test_wave_memory_budget_is_checked_before_allocation" time="0.017"><failure message="AssertionError: Regex pattern did not match.&#10;  Expected regex: 'maximum_checkpoint_bytes'&#10;  Actual message: 'Tip source exceeds the paraxial domain: generator error bound 6.972% &gt; 1% at tail probability 1e-08. A wider-domain physical model is required; saved tip parameters were not changed.'">tests\test_tip_gun_wave.py:198: in test_wave_memory_budget_is_checked_before_allocation
    with pytest.raises(ValueError, match="maximum_checkpoint_bytes"):
E   AssertionError: Regex pattern did not match.
E     Expected regex: 'maximum_checkpoint_bytes'
E     Actual message: 'Tip source exceeds the paraxial domain: generator error bound 6.972% &gt; 1% at tail probability 1e-08. A wider-domain physical model is required; saved tip parameters were not changed.'</failure></testcase><testcase classname="tests.test_tip_wave_pipeline" name="test_real_gun_with_shared_lens_tail_and_readout_independent_cache[False]" time="0.524"><failure message="temsim.optics.electron_gun.tip_source_domain.TipSourceDomainError: Tip source exceeds the paraxial domain: generator error bound 6.972% &gt; 1% at tail probability 1e-08. A wider-domain physical model is required; saved tip parameters were not changed.">tests\test_tip_wave_pipeline.py:22: in test_real_gun_with_shared_lens_tail_and_readout_independent_cache
    result = simulate_tip_wave(state, request)
             ^^^^^^^^^^^^^^^^^^^^^^^^^^^^^^^^^
src\temsim\physics\tip_wave_pipeline.py:177: in simulate_tip_wave
    gun = stage("gun_exit", lambda: build_tip_gun_checkpoint(working.electron_gun, source_numerics=request.source,
src\temsim\physics\tip_wave_pipeline.py:157: in stage
    result = producer()
             ^^^^^^^^^^
src\temsim\physics\tip_wave_pipeline.py:177: in &lt;lambda&gt;
    gun = stage("gun_exit", lambda: build_tip_gun_checkpoint(working.electron_gun, source_numerics=request.source,
src\temsim\physics\tip_gun_wave.py:314: in build_tip_gun_checkpoint
    emission = generate_tip_emission(working, source_numerics)
               ^^^^^^^^^^^^^^^^^^^^^^^^^^^^^^^^^^^^^^^^^^^^^^^
src\temsim\optics\electron_gun\tip_coherence.py:247: in generate_tip_emission
    source_domain = validate_tip_source_domain(emitter)
                    ^^^^^^^^^^^^^^^^^^^^^^^^^^^^^^^^^^^
src\temsim\optics\electron_gun\tip_source_domain.py:74: in validate_tip_source_domain
    raise TipSourceDomainError(
E   temsim.optics.electron_gun.tip_source_domain.TipSourceDomainError: Tip source exceeds the paraxial domain: generator error bound 6.972% &gt; 1% at tail probability 1e-08. A wider-domain physical model is required; saved tip parameters were not changed.</failure></testcase><testcase classname="tests.test_tip_wave_pipeline" name="test_real_gun_with_shared_lens_tail_and_readout_independent_cache[True]" time="0.516"><failure message="temsim.optics.electron_gun.tip_source_domain.TipSourceDomainError: Tip source exceeds the paraxial domain: generator error bound 6.972% &gt; 1% at tail probability 1e-08. A wider-domain physical model is required; saved tip parameters were not changed.">tests\test_tip_wave_pipeline.py:22: in test_real_gun_with_shared_lens_tail_and_readout_independent_cache
    result = simulate_tip_wave(state, request)
             ^^^^^^^^^^^^^^^^^^^^^^^^^^^^^^^^^
src\temsim\physics\tip_wave_pipeline.py:177: in simulate_tip_wave
    gun = stage("gun_exit", lambda: build_tip_gun_checkpoint(working.electron_gun, source_numerics=request.source,
src\temsim\physics\tip_wave_pipeline.py:157: in stage
    result = producer()
             ^^^^^^^^^^
src\temsim\physics\tip_wave_pipeline.py:177: in &lt;lambda&gt;
    gun = stage("gun_exit", lambda: build_tip_gun_checkpoint(working.electron_gun, source_numerics=request.source,
src\temsim\physics\tip_gun_wave.py:314: in build_tip_gun_checkpoint
    emission = generate_tip_emission(working, source_numerics)
               ^^^^^^^^^^^^^^^^^^^^^^^^^^^^^^^^^^^^^^^^^^^^^^^
src\temsim\optics\electron_gun\tip_coherence.py:247: in generate_tip_emission
    source_domain = validate_tip_source_domain(emitter)
                    ^^^^^^^^^^^^^^^^^^^^^^^^^^^^^^^^^^^
src\temsim\optics\electron_gun\tip_source_domain.py:74: in validate_tip_source_domain
    raise TipSourceDomainError(
E   temsim.optics.electron_gun.tip_source_domain.TipSourceDomainError: Tip source exceeds the paraxial domain: generator error bound 6.972% &gt; 1% at tail probability 1e-08. A wider-domain physical model is required; saved tip parameters were not changed.</failure></testcase><testcase classname="tests.test_tip_wave_pipeline" name="test_cancel_and_invalid_numerics_do_not_start_transport" time="0.069" /><testcase classname="tests.test_tip_wave_pipeline" name="test_unexecuted_equivalent_state_is_not_a_pipeline_option" time="0.340" /><testcase classname="tests.test_tip_wave_pipeline" name="test_installed_energy_filter_is_not_silently_bypassed" time="0.470" /><testcase classname="tests.test_tip_wave_pipeline" name="test_filter_after_selected_detector_does_not_prevent_upstream_calculation" time="1.736" /><testcase classname="tests.test_tip_wave_pipeline" name="test_partial_stage_cannot_cross_a_filter_moved_upstream" time="0.321" /><testcase classname="tests.test_tip_wave_pipeline" name="test_material_multislice_with_actual_atomistic_potential_preserves_branches" time="2.462"><failure message="temsim.physics.wave_grid.WaveSamplingError: Combined specimen/carrier/envelope bandwidth 3.63247 rad exceeds the 0.8*pi sampling budget; refine the incoming wave and independently regenerate/verify the potential grid before retrying">tests\test_tip_wave_pipeline.py:121: in test_material_multislice_with_actual_atomistic_potential_preserves_branches
    result = _propagate_specimen(state, checkpoint)
             ^^^^^^^^^^^^^^^^^^^^^^^^^^^^^^^^^^^^^^
src\temsim\physics\specimen_wave_transport.py:187: in _propagate_specimen
    mode = _slice_phase(mode, projected, x, y, sigma, .5)
           ^^^^^^^^^^^^^^^^^^^^^^^^^^^^^^^^^^^^^^^^^^^^^^
src\temsim\physics\specimen_wave_transport.py:90: in _slice_phase
    check_combined_phase_sampling(wave, phase, float(wavelength_m(mode.energy_kev*1000)))
src\temsim\physics\wave_grid.py:80: in check_combined_phase_sampling
    raise WaveSamplingError(
E   temsim.physics.wave_grid.WaveSamplingError: Combined specimen/carrier/envelope bandwidth 3.63247 rad exceeds the 0.8*pi sampling budget; refine the incoming wave and independently regenerate/verify the potential grid before retrying</failure></testcase></testsuite></testsuites>