<?xml version="1.0" encoding="utf-8"?><testsuites name="pytest tests"><testsuite name="pytest" errors="0" failures="0" skipped="0" tests="50" time="33.811" timestamp="2026-09-13T18:28:03.399002+01:00" hostname="Royal_Gray"><testcase classname="tests.test_occupied_axial_refinement" name="test_joint_refinement_preserves_reflection_and_matches_direct_ode[uniform-cf4]" file="tests\test_occupied_axial_refinement.py" line="34" time="0.766" /><testcase classname="tests.test_occupied_axial_refinement" name="test_joint_refinement_preserves_reflection_and_matches_direct_ode[uniform-cf6]" file="tests\test_occupied_axial_refinement.py" line="34" time="0.269" /><testcase classname="tests.test_occupied_axial_refinement" name="test_joint_refinement_preserves_reflection_and_matches_direct_ode[initial_indicator-cf4]" file="tests\test_occupied_axial_refinement.py" line="34" time="0.836" /><testcase classname="tests.test_occupied_axial_refinement" name="test_joint_refinement_preserves_reflection_and_matches_direct_ode[initial_indicator-cf6]" file="tests\test_occupied_axial_refinement.py" line="34" time="0.336" /><testcase classname="tests.test_occupied_axial_refinement" name="test_internal_interface_includes_returning_wave" file="tests\test_occupied_axial_refinement.py" line="63" time="0.002" /><testcase classname="tests.test_occupied_axial_refinement" name="test_expanded_tree_rechecks_leaves_for_changed_source" file="tests\test_occupied_axial_refinement.py" line="73" time="0.690" /><testcase classname="tests.test_occupied_axial_refinement" name="test_compact_leaf_checks_new_channel_and_accounts_retained_matrices" file="tests\test_occupied_axial_refinement.py" line="89" time="0.151" /><testcase classname="tests.test_occupied_axial_refinement" name="test_budget_cancellation_and_round_limit_do_not_publish_source" file="tests\test_occupied_axial_refinement.py" line="113" time="0.177" /><testcase classname="tests.test_occupied_axial_refinement" name="test_parallel_intervals_reproduce_serial_full_complex_solution[numerics0-thread]" file="tests\test_occupied_axial_refinement.py" line="129" time="0.892" /><testcase classname="tests.test_occupied_axial_refinement" name="test_parallel_intervals_reproduce_serial_full_complex_solution[numerics0-process]" file="tests\test_occupied_axial_refinement.py" line="129" time="6.112" /><testcase classname="tests.test_occupied_axial_refinement" name="test_parallel_intervals_reproduce_serial_full_complex_solution[numerics1-thread]" file="tests\test_occupied_axial_refinement.py" line="129" time="0.901" /><testcase classname="tests.test_occupied_axial_refinement" name="test_parallel_intervals_reproduce_serial_full_complex_solution[numerics1-process]" file="tests\test_occupied_axial_refinement.py" line="129" time="7.379" /><testcase classname="tests.test_occupied_axial_refinement" name="test_parallel_intervals_reproduce_serial_full_complex_solution[numerics2-thread]" file="tests\test_occupied_axial_refinement.py" line="129" time="1.141" /><testcase classname="tests.test_occupied_axial_refinement" name="test_parallel_intervals_reproduce_serial_full_complex_solution[numerics2-process]" file="tests\test_occupied_axial_refinement.py" line="129" time="7.114" /><testcase classname="tests.test_occupied_axial_refinement" name="test_parallel_budget_failure_cannot_publish_a_partial_load[thread]" file="tests\test_occupied_axial_refinement.py" line="153" time="0.010" /><testcase classname="tests.test_occupied_axial_refinement" name="test_parallel_budget_failure_cannot_publish_a_partial_load[process]" file="tests\test_occupied_axial_refinement.py" line="153" time="1.105" /><testcase classname="tests.test_occupied_axial_refinement" name="test_os_memory_pressure_aborts_before_new_retained_operator" file="tests\test_occupied_axial_refinement.py" line="162" time="0.001" /><testcase classname="tests.test_occupied_axial_refinement" name="test_invalid_numerical_settings[kwargs0]" file="tests\test_occupied_axial_refinement.py" line="173" time="0.001" /><testcase classname="tests.test_occupied_axial_refinement" name="test_invalid_numerical_settings[kwargs1]" file="tests\test_occupied_axial_refinement.py" line="173" time="0.001" /><testcase classname="tests.test_occupied_axial_refinement" name="test_invalid_numerical_settings[kwargs2]" file="tests\test_occupied_axial_refinement.py" line="173" time="0.001" /><testcase classname="tests.test_occupied_axial_refinement" name="test_invalid_numerical_settings[kwargs3]" file="tests\test_occupied_axial_refinement.py" line="173" time="0.001" /><testcase classname="tests.test_occupied_axial_refinement" name="test_invalid_numerical_settings[kwargs4]" file="tests\test_occupied_axial_refinement.py" line="173" time="0.000" /><testcase classname="tests.test_occupied_axial_refinement" name="test_invalid_numerical_settings[kwargs5]" file="tests\test_occupied_axial_refinement.py" line="173" time="0.000" /><testcase classname="tests.test_occupied_axial_refinement" name="test_invalid_numerical_settings[kwargs6]" file="tests\test_occupied_axial_refinement.py" line="173" time="0.000" /><testcase classname="tests.test_occupied_axial_refinement" name="test_invalid_numerical_settings[kwargs7]" file="tests\test_occupied_axial_refinement.py" line="173" time="0.000" /><testcase classname="tests.test_occupied_axial_refinement" name="test_invalid_numerical_settings[kwargs8]" file="tests\test_occupied_axial_refinement.py" line="173" time="0.000" /><testcase classname="tests.test_occupied_axial_refinement" name="test_invalid_numerical_settings[kwargs9]" file="tests\test_occupied_axial_refinement.py" line="173" time="0.000" /><testcase classname="tests.test_occupied_axial_refinement" name="test_final_physical_solve_cannot_be_skipped_by_pilot_scheduling" file="tests\test_occupied_axial_refinement.py" line="182" time="0.001" /><testcase classname="tests.test_occupied_axial_refinement" name="test_adaptive_allocations_preserve_total_budget_and_keep_empty_channels_testable" file="tests\test_occupied_axial_refinement.py" line="193" time="0.001" /><testcase classname="tests.test_occupied_tree_certificate" name="test_certificate_bounds_every_tested_complex_input_without_changing_transport" file="tests\test_occupied_tree_certificate.py" line="28" time="0.569" /><testcase classname="tests.test_occupied_tree_certificate" name="test_changed_source_that_fails_certificate_reexecutes_recorded_partition" file="tests\test_occupied_tree_certificate.py" line="44" time="3.155" /><testcase classname="tests.test_occupied_tree_certificate" name="test_compression_rejects_an_unverified_leaf" file="tests\test_occupied_tree_certificate.py" line="59" time="0.423" /><testcase classname="tests.test_magnus_sixth" name="test_sixth_order_convergence_with_complex_backward_coupling" file="tests\test_magnus_sixth.py" line="29" time="0.170" /><testcase classname="tests.test_magnus_sixth" name="test_constant_propagating_grazing_and_evanescent_channels[1.0-0.0]" file="tests\test_magnus_sixth.py" line="49" time="0.004" /><testcase classname="tests.test_magnus_sixth" name="test_constant_propagating_grazing_and_evanescent_channels[1.0-0.3]" file="tests\test_magnus_sixth.py" line="49" time="0.014" /><testcase classname="tests.test_magnus_sixth" name="test_constant_propagating_grazing_and_evanescent_channels[-4.0-0.0]" file="tests\test_magnus_sixth.py" line="49" time="0.004" /><testcase classname="tests.test_magnus_sixth" name="test_constant_propagating_grazing_and_evanescent_channels[-4.0-0.3]" file="tests\test_magnus_sixth.py" line="49" time="0.013" /><testcase classname="tests.test_magnus_sixth" name="test_constant_propagating_grazing_and_evanescent_channels[-10.0-0.0]" file="tests\test_magnus_sixth.py" line="49" time="0.006" /><testcase classname="tests.test_magnus_sixth" name="test_constant_propagating_grazing_and_evanescent_channels[-10.0-0.3]" file="tests\test_magnus_sixth.py" line="49" time="0.016" /><testcase classname="tests.test_magnus_sixth" name="test_time_reversal_preserves_all_ports_and_absolute_phase" file="tests\test_magnus_sixth.py" line="59" time="0.012" /><testcase classname="tests.test_magnus_sixth" name="test_negative_evanescent_substep_matches_independent_matrix_exponential" file="tests\test_magnus_sixth.py" line="66" time="0.003" /><testcase classname="tests.test_magnus_sixth" name="test_selection_cancellation_and_signed_weights" file="tests\test_magnus_sixth.py" line="83" time="0.001" /><testcase classname="tests.test_magnus_sixth" name="test_local_diagnostic_uses_same_complex_ports_without_a_phase_fit" file="tests\test_magnus_sixth.py" line="91" time="0.038" /><testcase classname="tests.test_covariant_boundary" name="test_zero_connection_matches_independent_electric_solver" file="tests\test_covariant_boundary.py" line="10" time="0.007" /><testcase classname="tests.test_covariant_boundary" name="test_pure_longitudinal_gauge_changes_phase_not_flux" file="tests\test_covariant_boundary.py" line="22" time="0.006" /><testcase classname="tests.test_covariant_boundary" name="test_noncommuting_connection_matches_independent_first_order_exponential" file="tests\test_covariant_boundary.py" line="36" time="0.003" /><testcase classname="tests.test_covariant_boundary" name="test_basis_rotation_covariance_preserves_amplitude_and_current" file="tests\test_covariant_boundary.py" line="56" time="0.004" /><testcase classname="tests.test_covariant_boundary" name="test_long_evanescent_slab_does_not_form_an_overflowing_transfer_matrix" file="tests\test_covariant_boundary.py" line="69" time="0.006" /><testcase classname="tests.test_covariant_boundary" name="test_budgets_cancel_and_nonhermitian_connection_fail_closed" file="tests\test_covariant_boundary.py" line="81" time="0.001" /><testcase classname="tests.test_covariant_boundary" name="test_smooth_covariant_field_converges_against_independent_ode" file="tests\test_covariant_boundary.py" line="95" time="0.203"><properties><property name="covariant_axial_errors_16_32_64_128" value="[9.159370389001675e-05, 2.2894426247975417e-05, 5.7233566435690525e-06, 1.4308235430871327e-06]" /></properties></testcase></testsuite></testsuites>