<?xml version="1.0" encoding="utf-8"?><testsuites name="pytest tests"><testsuite name="pytest" errors="0" failures="10" skipped="0" tests="39" time="7.495" timestamp="2026-09-13T18:25:41.700271+01:00" hostname="Royal_Gray"><testcase classname="tests.test_occupied_axial_refinement" name="test_joint_refinement_preserves_reflection_and_matches_direct_ode[uniform-cf4]" file="tests\test_occupied_axial_refinement.py" line="34" time="0.024"><failure message="RuntimeError: No active exception to reraise">tests\test_occupied_axial_refinement.py:49: in test_joint_refinement_preserves_reflection_and_matches_direct_ode
    load, result, record = refine_joint_mode(plan, boundary,
src\temsim\physics\occupied_axial_refinement.py:331: in refine_joint_mode
    updates = _refine_intervals(roots, incoming, local_budget, work)
              ^^^^^^^^^^^^^^^^^^^^^^^^^^^^^^^^^^^^^^^^^^^^^^^^^^^^^^
src\temsim\physics\occupied_axial_refinement.py:240: in _refine_intervals
    raise
E   RuntimeError: No active exception to reraise</failure></testcase><testcase classname="tests.test_occupied_axial_refinement" name="test_joint_refinement_preserves_reflection_and_matches_direct_ode[uniform-cf6]" file="tests\test_occupied_axial_refinement.py" line="34" time="0.020"><failure message="RuntimeError: No active exception to reraise">tests\test_occupied_axial_refinement.py:49: in test_joint_refinement_preserves_reflection_and_matches_direct_ode
    load, result, record = refine_joint_mode(plan, boundary,
src\temsim\physics\occupied_axial_refinement.py:331: in refine_joint_mode
    updates = _refine_intervals(roots, incoming, local_budget, work)
              ^^^^^^^^^^^^^^^^^^^^^^^^^^^^^^^^^^^^^^^^^^^^^^^^^^^^^^
src\temsim\physics\occupied_axial_refinement.py:240: in _refine_intervals
    raise
E   RuntimeError: No active exception to reraise</failure></testcase><testcase classname="tests.test_occupied_axial_refinement" name="test_joint_refinement_preserves_reflection_and_matches_direct_ode[initial_indicator-cf4]" file="tests\test_occupied_axial_refinement.py" line="34" time="0.020"><failure message="RuntimeError: No active exception to reraise">tests\test_occupied_axial_refinement.py:49: in test_joint_refinement_preserves_reflection_and_matches_direct_ode
    load, result, record = refine_joint_mode(plan, boundary,
src\temsim\physics\occupied_axial_refinement.py:322: in refine_joint_mode
    probes = _refine_intervals(roots, incoming, math.inf, work)
             ^^^^^^^^^^^^^^^^^^^^^^^^^^^^^^^^^^^^^^^^^^^^^^^^^^
src\temsim\physics\occupied_axial_refinement.py:240: in _refine_intervals
    raise
E   RuntimeError: No active exception to reraise</failure></testcase><testcase classname="tests.test_occupied_axial_refinement" name="test_joint_refinement_preserves_reflection_and_matches_direct_ode[initial_indicator-cf6]" file="tests\test_occupied_axial_refinement.py" line="34" time="0.024"><failure message="RuntimeError: No active exception to reraise">tests\test_occupied_axial_refinement.py:49: in test_joint_refinement_preserves_reflection_and_matches_direct_ode
    load, result, record = refine_joint_mode(plan, boundary,
src\temsim\physics\occupied_axial_refinement.py:322: in refine_joint_mode
    probes = _refine_intervals(roots, incoming, math.inf, work)
             ^^^^^^^^^^^^^^^^^^^^^^^^^^^^^^^^^^^^^^^^^^^^^^^^^^
src\temsim\physics\occupied_axial_refinement.py:240: in _refine_intervals
    raise
E   RuntimeError: No active exception to reraise</failure></testcase><testcase classname="tests.test_occupied_axial_refinement" name="test_internal_interface_includes_returning_wave" file="tests\test_occupied_axial_refinement.py" line="63" time="0.003" /><testcase classname="tests.test_occupied_axial_refinement" name="test_expanded_tree_rechecks_leaves_for_changed_source" file="tests\test_occupied_axial_refinement.py" line="73" time="0.709" /><testcase classname="tests.test_occupied_axial_refinement" name="test_compact_leaf_checks_new_channel_and_accounts_retained_matrices" file="tests\test_occupied_axial_refinement.py" line="89" time="0.086" /><testcase classname="tests.test_occupied_axial_refinement" name="test_budget_cancellation_and_round_limit_do_not_publish_source" file="tests\test_occupied_axial_refinement.py" line="113" time="0.003"><failure message="RuntimeError: No active exception to reraise">tests\test_occupied_axial_refinement.py:117: in test_budget_cancellation_and_round_limit_do_not_publish_source
    refine_joint_mode(plan, boundary, OccupiedAxialRefinement(enabled=True, maximum_evaluations=2))
src\temsim\physics\occupied_axial_refinement.py:331: in refine_joint_mode
    updates = _refine_intervals(roots, incoming, local_budget, work)
              ^^^^^^^^^^^^^^^^^^^^^^^^^^^^^^^^^^^^^^^^^^^^^^^^^^^^^^
src\temsim\physics\occupied_axial_refinement.py:240: in _refine_intervals
    raise
E   RuntimeError: No active exception to reraise</failure></testcase><testcase classname="tests.test_occupied_axial_refinement" name="test_parallel_intervals_reproduce_serial_full_complex_solution[thread]" file="tests\test_occupied_axial_refinement.py" line="129" time="0.074"><failure message="RuntimeError: No active exception to reraise">tests\test_occupied_axial_refinement.py:143: in test_parallel_intervals_reproduce_serial_full_complex_solution
    load, result, record = refine_joint_mode(plan, boundary,
src\temsim\physics\occupied_axial_refinement.py:331: in refine_joint_mode
    updates = _refine_intervals(roots, incoming, local_budget, work)
              ^^^^^^^^^^^^^^^^^^^^^^^^^^^^^^^^^^^^^^^^^^^^^^^^^^^^^^
src\temsim\physics\occupied_axial_refinement.py:240: in _refine_intervals
    raise
E   RuntimeError: No active exception to reraise</failure></testcase><testcase classname="tests.test_occupied_axial_refinement" name="test_parallel_intervals_reproduce_serial_full_complex_solution[process]" file="tests\test_occupied_axial_refinement.py" line="129" time="0.023"><failure message="RuntimeError: No active exception to reraise">tests\test_occupied_axial_refinement.py:143: in test_parallel_intervals_reproduce_serial_full_complex_solution
    load, result, record = refine_joint_mode(plan, boundary,
src\temsim\physics\occupied_axial_refinement.py:331: in refine_joint_mode
    updates = _refine_intervals(roots, incoming, local_budget, work)
              ^^^^^^^^^^^^^^^^^^^^^^^^^^^^^^^^^^^^^^^^^^^^^^^^^^^^^^
src\temsim\physics\occupied_axial_refinement.py:240: in _refine_intervals
    raise
E   RuntimeError: No active exception to reraise</failure></testcase><testcase classname="tests.test_occupied_axial_refinement" name="test_parallel_budget_failure_cannot_publish_a_partial_load[thread]" file="tests\test_occupied_axial_refinement.py" line="151" time="0.003"><failure message="RuntimeError: No active exception to reraise">tests\test_occupied_axial_refinement.py:156: in test_parallel_budget_failure_cannot_publish_a_partial_load
    refine_joint_mode(plan, boundary,
src\temsim\physics\occupied_axial_refinement.py:331: in refine_joint_mode
    updates = _refine_intervals(roots, incoming, local_budget, work)
              ^^^^^^^^^^^^^^^^^^^^^^^^^^^^^^^^^^^^^^^^^^^^^^^^^^^^^^
src\temsim\physics\occupied_axial_refinement.py:240: in _refine_intervals
    raise
E   RuntimeError: No active exception to reraise</failure></testcase><testcase classname="tests.test_occupied_axial_refinement" name="test_parallel_budget_failure_cannot_publish_a_partial_load[process]" file="tests\test_occupied_axial_refinement.py" line="151" time="0.003"><failure message="RuntimeError: No active exception to reraise">tests\test_occupied_axial_refinement.py:156: in test_parallel_budget_failure_cannot_publish_a_partial_load
    refine_joint_mode(plan, boundary,
src\temsim\physics\occupied_axial_refinement.py:331: in refine_joint_mode
    updates = _refine_intervals(roots, incoming, local_budget, work)
              ^^^^^^^^^^^^^^^^^^^^^^^^^^^^^^^^^^^^^^^^^^^^^^^^^^^^^^
src\temsim\physics\occupied_axial_refinement.py:240: in _refine_intervals
    raise
E   RuntimeError: No active exception to reraise</failure></testcase><testcase classname="tests.test_occupied_axial_refinement" name="test_os_memory_pressure_aborts_before_new_retained_operator" file="tests\test_occupied_axial_refinement.py" line="160" time="0.001" /><testcase classname="tests.test_occupied_axial_refinement" name="test_invalid_numerical_settings[kwargs0]" file="tests\test_occupied_axial_refinement.py" line="171" time="0.001" /><testcase classname="tests.test_occupied_axial_refinement" name="test_invalid_numerical_settings[kwargs1]" file="tests\test_occupied_axial_refinement.py" line="171" time="0.001" /><testcase classname="tests.test_occupied_axial_refinement" name="test_invalid_numerical_settings[kwargs2]" file="tests\test_occupied_axial_refinement.py" line="171" time="0.001" /><testcase classname="tests.test_occupied_axial_refinement" name="test_invalid_numerical_settings[kwargs3]" file="tests\test_occupied_axial_refinement.py" line="171" time="0.001" /><testcase classname="tests.test_occupied_axial_refinement" name="test_invalid_numerical_settings[kwargs4]" file="tests\test_occupied_axial_refinement.py" line="171" time="0.001" /><testcase classname="tests.test_occupied_axial_refinement" name="test_invalid_numerical_settings[kwargs5]" file="tests\test_occupied_axial_refinement.py" line="171" time="0.001" /><testcase classname="tests.test_occupied_axial_refinement" name="test_invalid_numerical_settings[kwargs6]" file="tests\test_occupied_axial_refinement.py" line="171" time="0.001" /><testcase classname="tests.test_occupied_axial_refinement" name="test_invalid_numerical_settings[kwargs7]" file="tests\test_occupied_axial_refinement.py" line="171" time="0.000" /><testcase classname="tests.test_occupied_axial_refinement" name="test_invalid_numerical_settings[kwargs8]" file="tests\test_occupied_axial_refinement.py" line="171" time="0.000" /><testcase classname="tests.test_occupied_axial_refinement" name="test_invalid_numerical_settings[kwargs9]" file="tests\test_occupied_axial_refinement.py" line="171" time="0.000" /><testcase classname="tests.test_occupied_axial_refinement" name="test_final_physical_solve_cannot_be_skipped_by_pilot_scheduling" file="tests\test_occupied_axial_refinement.py" line="180" time="0.000" /><testcase classname="tests.test_occupied_axial_refinement" name="test_adaptive_allocations_preserve_total_budget_and_keep_empty_channels_testable" file="tests\test_occupied_axial_refinement.py" line="191" time="0.001"><failure message="assert 1.2499999999999979e-05 &gt; 1.2499999999999979e-05">tests\test_occupied_axial_refinement.py:199: in test_adaptive_allocations_preserve_total_budget_and_keep_empty_channels_testable
    assert budget[6] &gt; budget[4] &gt; budget[0]
E   assert 1.2499999999999979e-05 &gt; 1.2499999999999979e-05</failure></testcase><testcase classname="tests.test_occupied_tree_certificate" name="test_certificate_bounds_every_tested_complex_input_without_changing_transport" file="tests\test_occupied_tree_certificate.py" line="28" time="0.584" /><testcase classname="tests.test_occupied_tree_certificate" name="test_changed_source_that_fails_certificate_reexecutes_recorded_partition" file="tests\test_occupied_tree_certificate.py" line="44" time="3.516" /><testcase classname="tests.test_occupied_tree_certificate" name="test_compression_rejects_an_unverified_leaf" file="tests\test_occupied_tree_certificate.py" line="59" time="0.449" /><testcase classname="tests.test_magnus_sixth" name="test_sixth_order_convergence_with_complex_backward_coupling" file="tests\test_magnus_sixth.py" line="29" time="0.187" /><testcase classname="tests.test_magnus_sixth" name="test_constant_propagating_grazing_and_evanescent_channels[1.0-0.0]" file="tests\test_magnus_sixth.py" line="49" time="0.004" /><testcase classname="tests.test_magnus_sixth" name="test_constant_propagating_grazing_and_evanescent_channels[1.0-0.3]" file="tests\test_magnus_sixth.py" line="49" time="0.016" /><testcase classname="tests.test_magnus_sixth" name="test_constant_propagating_grazing_and_evanescent_channels[-4.0-0.0]" file="tests\test_magnus_sixth.py" line="49" time="0.004" /><testcase classname="tests.test_magnus_sixth" name="test_constant_propagating_grazing_and_evanescent_channels[-4.0-0.3]" file="tests\test_magnus_sixth.py" line="49" time="0.017" /><testcase classname="tests.test_magnus_sixth" name="test_constant_propagating_grazing_and_evanescent_channels[-10.0-0.0]" file="tests\test_magnus_sixth.py" line="49" time="0.006" /><testcase classname="tests.test_magnus_sixth" name="test_constant_propagating_grazing_and_evanescent_channels[-10.0-0.3]" file="tests\test_magnus_sixth.py" line="49" time="0.015" /><testcase classname="tests.test_magnus_sixth" name="test_time_reversal_preserves_all_ports_and_absolute_phase" file="tests\test_magnus_sixth.py" line="59" time="0.015" /><testcase classname="tests.test_magnus_sixth" name="test_negative_evanescent_substep_matches_independent_matrix_exponential" file="tests\test_magnus_sixth.py" line="66" time="0.003" /><testcase classname="tests.test_magnus_sixth" name="test_selection_cancellation_and_signed_weights" file="tests\test_magnus_sixth.py" line="83" time="0.001" /><testcase classname="tests.test_magnus_sixth" name="test_local_diagnostic_uses_same_complex_ports_without_a_phase_fit" file="tests\test_magnus_sixth.py" line="91" time="0.045" /></testsuite></testsuites>