<?xml version="1.0" encoding="utf-8"?><testsuites name="pytest tests"><testsuite name="pytest" errors="0" failures="2" skipped="0" tests="57" time="59.326" timestamp="2026-09-13T22:45:48.216421+01:00" hostname="Royal_Gray"><testcase classname="tests.test_energy_scoped_mesh_seed" name="test_all_energies_execute_with_only_matching_mesh_hint" file="tests\test_energy_scoped_mesh_seed.py" line="22" time="0.661" /><testcase classname="tests.test_energy_scoped_mesh_seed" name="test_invalid_energy_scope_is_rejected[0]" file="tests\test_energy_scoped_mesh_seed.py" line="40" time="0.001" /><testcase classname="tests.test_energy_scoped_mesh_seed" name="test_invalid_energy_scope_is_rejected[-1]" file="tests\test_energy_scoped_mesh_seed.py" line="40" time="0.001" /><testcase classname="tests.test_energy_scoped_mesh_seed" name="test_invalid_energy_scope_is_rejected[True]" file="tests\test_energy_scoped_mesh_seed.py" line="40" time="0.001" /><testcase classname="tests.test_energy_scoped_mesh_seed" name="test_invalid_energy_scope_is_rejected[0.3]" file="tests\test_energy_scoped_mesh_seed.py" line="40" time="0.001" /><testcase classname="tests.test_energy_scoped_mesh_seed" name="test_invalid_energy_scope_is_rejected[inf]" file="tests\test_energy_scoped_mesh_seed.py" line="40" time="0.001" /><testcase classname="tests.test_energy_scoped_mesh_seed" name="test_invalid_energy_scope_is_rejected[nan]" file="tests\test_energy_scoped_mesh_seed.py" line="40" time="0.001" /><testcase classname="tests.test_energy_scoped_mesh_seed" name="test_energy_scope_without_mesh_is_not_a_source_parameter" file="tests\test_energy_scoped_mesh_seed.py" line="46" time="0.001" /><testcase classname="tests.test_energy_scoped_mesh_seed" name="test_multi_energy_source_rejects_ambiguous_or_unconsumed_hint[None-explicit emission energy]" file="tests\test_energy_scoped_mesh_seed.py" line="51" time="9.206"><failure message="AssertionError: Regex pattern did not match.&#10;  Expected regex: 'explicit emission energy'&#10;  Actual message: 'Joined radial basis extends outside the near-field face (defect 0.26679); enlarge the numerical domain or refine the coordinate basis before executing the gun'">tests\test_energy_scoped_mesh_seed.py:59: in test_multi_energy_source_rejects_ambiguous_or_unconsumed_hint
    with pytest.raises(ValueError, match=message):
E   AssertionError: Regex pattern did not match.
E     Expected regex: 'explicit emission energy'
E     Actual message: 'Joined radial basis extends outside the near-field face (defect 0.26679); enlarge the numerical domain or refine the coordinate basis before executing the gun'</failure></testcase><testcase classname="tests.test_energy_scoped_mesh_seed" name="test_multi_energy_source_rejects_ambiguous_or_unconsumed_hint[0.5-not one of]" file="tests\test_energy_scoped_mesh_seed.py" line="51" time="0.189"><failure message="AssertionError: Regex pattern did not match.&#10;  Expected regex: 'not one of'&#10;  Actual message: 'Joined radial basis extends outside the near-field face (defect 0.26679); enlarge the numerical domain or refine the coordinate basis before executing the gun'">tests\test_energy_scoped_mesh_seed.py:59: in test_multi_energy_source_rejects_ambiguous_or_unconsumed_hint
    with pytest.raises(ValueError, match=message):
E   AssertionError: Regex pattern did not match.
E     Expected regex: 'not one of'
E     Actual message: 'Joined radial basis extends outside the near-field face (defect 0.26679); enlarge the numerical domain or refine the coordinate basis before executing the gun'</failure></testcase><testcase classname="tests.test_axial_mesh_seed" name="test_seed_reexecutes_full_bvp_and_two_uniform_comparisons[thread-1]" file="tests\test_axial_mesh_seed.py" line="20" time="1.285" /><testcase classname="tests.test_axial_mesh_seed" name="test_seed_reexecutes_full_bvp_and_two_uniform_comparisons[thread-2]" file="tests\test_axial_mesh_seed.py" line="20" time="1.163" /><testcase classname="tests.test_axial_mesh_seed" name="test_seed_reexecutes_full_bvp_and_two_uniform_comparisons[process-2]" file="tests\test_axial_mesh_seed.py" line="20" time="6.139" /><testcase classname="tests.test_axial_mesh_seed" name="test_failed_round_mesh_is_numeric_only_and_reusable" file="tests\test_axial_mesh_seed.py" line="40" time="0.632" /><testcase classname="tests.test_axial_mesh_seed" name="test_invalid_seed_rejected_before_any_physical_calculation[seed0]" file="tests\test_axial_mesh_seed.py" line="56" time="0.001" /><testcase classname="tests.test_axial_mesh_seed" name="test_invalid_seed_rejected_before_any_physical_calculation[seed1]" file="tests\test_axial_mesh_seed.py" line="56" time="0.001" /><testcase classname="tests.test_axial_mesh_seed" name="test_invalid_seed_rejected_before_any_physical_calculation[seed2]" file="tests\test_axial_mesh_seed.py" line="56" time="0.001" /><testcase classname="tests.test_axial_mesh_seed" name="test_invalid_seed_rejected_before_any_physical_calculation[seed3]" file="tests\test_axial_mesh_seed.py" line="56" time="0.001" /><testcase classname="tests.test_axial_mesh_seed" name="test_invalid_seed_rejected_before_any_physical_calculation[seed4]" file="tests\test_axial_mesh_seed.py" line="56" time="0.001" /><testcase classname="tests.test_axial_mesh_seed" name="test_invalid_seed_rejected_before_any_physical_calculation[seed5]" file="tests\test_axial_mesh_seed.py" line="56" time="0.001" /><testcase classname="tests.test_axial_mesh_seed" name="test_invalid_seed_rejected_before_any_physical_calculation[seed6]" file="tests\test_axial_mesh_seed.py" line="56" time="0.001" /><testcase classname="tests.test_axial_mesh_seed" name="test_unmatched_physical_interval_rejected_not_interpolated" file="tests\test_axial_mesh_seed.py" line="70" time="0.002" /><testcase classname="tests.test_axial_mesh_seed" name="test_seed_cannot_enable_or_skip_refinement" file="tests\test_axial_mesh_seed.py" line="78" time="0.001" /><testcase classname="tests.test_axial_mesh_seed" name="test_explicit_seed_json_read_without_source_fields" file="tests\test_axial_mesh_seed.py" line="85" time="0.007" /><testcase classname="tests.test_axial_mesh_seed" name="test_cancelled_seed_does_not_return_a_source" file="tests\test_axial_mesh_seed.py" line="94" time="0.002" /><testcase classname="tests.test_trace_tip_wave_cli" name="test_failed_request_preserves_inputs_and_identity_without_a_wave_archive[error0]" file="tests\test_trace_tip_wave_cli.py" line="26" time="1.781" /><testcase classname="tests.test_trace_tip_wave_cli" name="test_failed_request_preserves_inputs_and_identity_without_a_wave_archive[error1]" file="tests\test_trace_tip_wave_cli.py" line="26" time="1.082" /><testcase classname="tests.test_trace_tip_wave_cli" name="test_describe_selects_numerics_without_transport_or_files" file="tests\test_trace_tip_wave_cli.py" line="47" time="0.915" /><testcase classname="tests.test_trace_tip_wave_cli" name="test_large_machine_budgets_and_scan_numerics_are_explicit" file="tests\test_trace_tip_wave_cli.py" line="63" time="0.927" /><testcase classname="tests.test_trace_tip_wave_cli" name="test_surface_gun_refinement_reaches_full_pipeline_request_without_changing_profile" file="tests\test_trace_tip_wave_cli.py" line="77" time="0.896" /><testcase classname="tests.test_trace_tip_wave_cli" name="test_spatial_refinement_reaches_the_imaging_request_without_transport" file="tests\test_trace_tip_wave_cli.py" line="106" time="0.919" /><testcase classname="tests.test_trace_tip_wave_cli" name="test_surface_description_does_not_call_historical_planar_source" file="tests\test_trace_tip_wave_cli.py" line="117" time="1.245" /><testcase classname="tests.test_trace_tip_wave_cli" name="test_round_column_budgets_reach_request_without_new_source_inputs" file="tests\test_trace_tip_wave_cli.py" line="133" time="0.867" /><testcase classname="tests.test_trace_tip_wave_cli" name="test_invalid_gun_refinement_is_rejected_before_execution[options0]" file="tests\test_trace_tip_wave_cli.py" line="147" time="0.904" /><testcase classname="tests.test_trace_tip_wave_cli" name="test_invalid_gun_refinement_is_rejected_before_execution[options1]" file="tests\test_trace_tip_wave_cli.py" line="147" time="0.881" /><testcase classname="tests.test_trace_tip_wave_cli" name="test_invalid_gun_refinement_is_rejected_before_execution[options2]" file="tests\test_trace_tip_wave_cli.py" line="147" time="0.895" /><testcase classname="tests.test_trace_tip_wave_cli" name="test_invalid_gun_refinement_is_rejected_before_execution[options3]" file="tests\test_trace_tip_wave_cli.py" line="147" time="0.861" /><testcase classname="tests.test_trace_tip_wave_cli" name="test_npz_stream_does_not_retain_previous_arrays" file="tests\test_trace_tip_wave_cli.py" line="159" time="0.524" /><testcase classname="tests.test_trace_tip_wave_cli" name="test_scan_cli_streams_waves_completes_progress_and_exports_weighted_image" file="tests\test_trace_tip_wave_cli.py" line="180" time="1.048" /><testcase classname="tests.test_trace_tip_wave_cli" name="test_default_coherent_domain_failure_is_saved_without_changing_tip" file="tests\test_trace_tip_wave_cli.py" line="206" time="2.604" /><testcase classname="tests.test_trace_tip_wave_cli" name="test_describe_reports_unqualified_source_without_claiming_propagation" file="tests\test_trace_tip_wave_cli.py" line="236" time="0.907" /><testcase classname="tests.test_trace_tip_wave_cli" name="test_multichannel_scan_export_retains_native_modes_at_every_detector" file="tests\test_trace_tip_wave_cli.py" line="246" time="1.060" /><testcase classname="tests.test_spatial_embedded_refinement" name="test_adaptive_full_complex_solution_against_independent_ode[cf4]" file="tests\test_spatial_embedded_refinement.py" line="25" time="0.923" /><testcase classname="tests.test_spatial_embedded_refinement" name="test_adaptive_full_complex_solution_against_independent_ode[cf6]" file="tests\test_spatial_embedded_refinement.py" line="25" time="0.591" /><testcase classname="tests.test_spatial_embedded_refinement" name="test_serial_and_parallel_adaptive_results_match_exactly[thread]" file="tests\test_spatial_embedded_refinement.py" line="46" time="0.446" /><testcase classname="tests.test_spatial_embedded_refinement" name="test_serial_and_parallel_adaptive_results_match_exactly[process]" file="tests\test_spatial_embedded_refinement.py" line="46" time="12.398" /><testcase classname="tests.test_spatial_embedded_refinement" name="test_localised_variation_uses_less_work_than_uniform_root_refinement" file="tests\test_spatial_embedded_refinement.py" line="61" time="1.818" /><testcase classname="tests.test_spatial_embedded_refinement" name="test_unfinished_spatial_refinement_does_not_publish[options0-evaluation budget]" file="tests\test_spatial_embedded_refinement.py" line="83" time="0.012" /><testcase classname="tests.test_spatial_embedded_refinement" name="test_unfinished_spatial_refinement_does_not_publish[options1-round budget]" file="tests\test_spatial_embedded_refinement.py" line="83" time="0.023" /><testcase classname="tests.test_spatial_embedded_refinement" name="test_unfinished_spatial_refinement_does_not_publish[options2-depth budget]" file="tests\test_spatial_embedded_refinement.py" line="83" time="0.012" /><testcase classname="tests.test_spatial_embedded_refinement" name="test_unfinished_spatial_refinement_does_not_publish[options3-memory budget]" file="tests\test_spatial_embedded_refinement.py" line="83" time="0.003" /><testcase classname="tests.test_spatial_embedded_refinement" name="test_both_faces_of_passive_physical_stop_and_backward_waves_are_preserved" file="tests\test_spatial_embedded_refinement.py" line="97" time="0.461" /><testcase classname="tests.test_spatial_embedded_refinement" name="test_spatial_cancellation_and_fixed_plan_are_not_changed" file="tests\test_spatial_embedded_refinement.py" line="121" time="0.004" /><testcase classname="tests.test_spatial_embedded_refinement" name="test_worker_adoption_does_not_duplicate_the_shared_sampler_or_coarse_operator" file="tests\test_spatial_embedded_refinement.py" line="131" time="0.008" /><testcase classname="tests.test_spatial_cached_port_scheduling" name="test_cached_leaf_does_not_spawn_or_copy_matrices" file="tests\test_spatial_cached_port_scheduling.py" line="11" time="0.017" /><testcase classname="tests.test_spatial_cached_port_scheduling" name="test_only_missing_halves_go_to_worker_and_results_remain_in_physical_order" file="tests\test_spatial_cached_port_scheduling.py" line="33" time="0.025" /><testcase classname="tests.test_spatial_cached_port_scheduling" name="test_cancelled_cached_recheck_is_not_reported_as_complete" file="tests\test_spatial_cached_port_scheduling.py" line="60" time="0.006" /></testsuite></testsuites>