<?xml version="1.0" encoding="utf-8"?><testsuites name="pytest tests"><testsuite name="pytest" errors="0" failures="0" skipped="0" tests="3" time="0.135" timestamp="2026-09-13T16:48:11.798993+01:00" hostname="Royal_Gray"><testcase classname="tests.test_frozen_physics_run" name="test_snapshot_retains_exact_inputs_without_following_later_edits" file="tests\test_frozen_physics_run.py" line="17" time="0.038" /><testcase classname="tests.test_frozen_physics_run" name="test_cannot_snapshot_inside_inputs_or_overwrite_source" file="tests\test_frozen_physics_run.py" line="29" time="0.010" /><testcase classname="tests.test_frozen_physics_run" name="test_empty_checkout_is_not_a_frozen_solver" file="tests\test_frozen_physics_run.py" line="36" time="0.003" /></testsuite></testsuites>