<?xml version="1.0" encoding="utf-8"?><testsuites name="pytest tests"><testsuite name="pytest" errors="0" failures="0" skipped="0" tests="73" time="55.939" timestamp="2026-09-13T22:36:48.847881+01:00" hostname="Royal_Gray"><testcase classname="tests.test_spatial_cached_port_scheduling" name="test_cached_leaf_does_not_spawn_or_copy_matrices" file="tests\test_spatial_cached_port_scheduling.py" line="11" time="0.059" /><testcase classname="tests.test_spatial_cached_port_scheduling" name="test_only_missing_halves_go_to_worker_and_results_remain_in_physical_order" file="tests\test_spatial_cached_port_scheduling.py" line="33" time="0.025" /><testcase classname="tests.test_spatial_cached_port_scheduling" name="test_cancelled_cached_recheck_is_not_reported_as_complete" file="tests\test_spatial_cached_port_scheduling.py" line="60" time="0.006" /><testcase classname="tests.test_spatial_embedded_refinement" name="test_adaptive_full_complex_solution_against_independent_ode[cf4]" file="tests\test_spatial_embedded_refinement.py" line="25" time="1.024" /><testcase classname="tests.test_spatial_embedded_refinement" name="test_adaptive_full_complex_solution_against_independent_ode[cf6]" file="tests\test_spatial_embedded_refinement.py" line="25" time="0.594" /><testcase classname="tests.test_spatial_embedded_refinement" name="test_serial_and_parallel_adaptive_results_match_exactly[thread]" file="tests\test_spatial_embedded_refinement.py" line="46" time="0.495" /><testcase classname="tests.test_spatial_embedded_refinement" name="test_serial_and_parallel_adaptive_results_match_exactly[process]" file="tests\test_spatial_embedded_refinement.py" line="46" time="14.056" /><testcase classname="tests.test_spatial_embedded_refinement" name="test_localised_variation_uses_less_work_than_uniform_root_refinement" file="tests\test_spatial_embedded_refinement.py" line="61" time="1.903" /><testcase classname="tests.test_spatial_embedded_refinement" name="test_unfinished_spatial_refinement_does_not_publish[options0-evaluation budget]" file="tests\test_spatial_embedded_refinement.py" line="83" time="0.009" /><testcase classname="tests.test_spatial_embedded_refinement" name="test_unfinished_spatial_refinement_does_not_publish[options1-round budget]" file="tests\test_spatial_embedded_refinement.py" line="83" time="0.020" /><testcase classname="tests.test_spatial_embedded_refinement" name="test_unfinished_spatial_refinement_does_not_publish[options2-depth budget]" file="tests\test_spatial_embedded_refinement.py" line="83" time="0.009" /><testcase classname="tests.test_spatial_embedded_refinement" name="test_unfinished_spatial_refinement_does_not_publish[options3-memory budget]" file="tests\test_spatial_embedded_refinement.py" line="83" time="0.003" /><testcase classname="tests.test_spatial_embedded_refinement" name="test_both_faces_of_passive_physical_stop_and_backward_waves_are_preserved" file="tests\test_spatial_embedded_refinement.py" line="97" time="0.386" /><testcase classname="tests.test_spatial_embedded_refinement" name="test_spatial_cancellation_and_fixed_plan_are_not_changed" file="tests\test_spatial_embedded_refinement.py" line="121" time="0.002" /><testcase classname="tests.test_spatial_embedded_refinement" name="test_worker_adoption_does_not_duplicate_the_shared_sampler_or_coarse_operator" file="tests\test_spatial_embedded_refinement.py" line="131" time="0.008" /><testcase classname="tests.test_spatial_leaf_memory" name="test_current_ports_match_full_composed_error_without_retaining_composition" file="tests\test_spatial_leaf_memory.py" line="11" time="0.016" /><testcase classname="tests.test_axial_mesh_seed" name="test_seed_reexecutes_full_bvp_and_two_uniform_comparisons[thread-1]" file="tests\test_axial_mesh_seed.py" line="20" time="1.213" /><testcase classname="tests.test_axial_mesh_seed" name="test_seed_reexecutes_full_bvp_and_two_uniform_comparisons[thread-2]" file="tests\test_axial_mesh_seed.py" line="20" time="1.007" /><testcase classname="tests.test_axial_mesh_seed" name="test_seed_reexecutes_full_bvp_and_two_uniform_comparisons[process-2]" file="tests\test_axial_mesh_seed.py" line="20" time="4.862" /><testcase classname="tests.test_axial_mesh_seed" name="test_failed_round_mesh_is_numeric_only_and_reusable" file="tests\test_axial_mesh_seed.py" line="40" time="0.545" /><testcase classname="tests.test_axial_mesh_seed" name="test_invalid_seed_rejected_before_any_physical_calculation[seed0]" file="tests\test_axial_mesh_seed.py" line="56" time="0.001" /><testcase classname="tests.test_axial_mesh_seed" name="test_invalid_seed_rejected_before_any_physical_calculation[seed1]" file="tests\test_axial_mesh_seed.py" line="56" time="0.001" /><testcase classname="tests.test_axial_mesh_seed" name="test_invalid_seed_rejected_before_any_physical_calculation[seed2]" file="tests\test_axial_mesh_seed.py" line="56" time="0.001" /><testcase classname="tests.test_axial_mesh_seed" name="test_invalid_seed_rejected_before_any_physical_calculation[seed3]" file="tests\test_axial_mesh_seed.py" line="56" time="0.001" /><testcase classname="tests.test_axial_mesh_seed" name="test_invalid_seed_rejected_before_any_physical_calculation[seed4]" file="tests\test_axial_mesh_seed.py" line="56" time="0.001" /><testcase classname="tests.test_axial_mesh_seed" name="test_invalid_seed_rejected_before_any_physical_calculation[seed5]" file="tests\test_axial_mesh_seed.py" line="56" time="0.001" /><testcase classname="tests.test_axial_mesh_seed" name="test_invalid_seed_rejected_before_any_physical_calculation[seed6]" file="tests\test_axial_mesh_seed.py" line="56" time="0.001" /><testcase classname="tests.test_axial_mesh_seed" name="test_unmatched_physical_interval_rejected_not_interpolated" file="tests\test_axial_mesh_seed.py" line="70" time="0.002" /><testcase classname="tests.test_axial_mesh_seed" name="test_seed_cannot_enable_or_skip_refinement" file="tests\test_axial_mesh_seed.py" line="78" time="0.001" /><testcase classname="tests.test_axial_mesh_seed" name="test_explicit_seed_json_read_without_source_fields" file="tests\test_axial_mesh_seed.py" line="85" time="0.004" /><testcase classname="tests.test_axial_mesh_seed" name="test_cancelled_seed_does_not_return_a_source" file="tests\test_axial_mesh_seed.py" line="94" time="0.002" /><testcase classname="tests.test_occupied_axial_refinement" name="test_joint_refinement_preserves_reflection_and_matches_direct_ode[uniform-cf4]" file="tests\test_occupied_axial_refinement.py" line="34" time="0.747" /><testcase classname="tests.test_occupied_axial_refinement" name="test_joint_refinement_preserves_reflection_and_matches_direct_ode[uniform-cf6]" file="tests\test_occupied_axial_refinement.py" line="34" time="0.261" /><testcase classname="tests.test_occupied_axial_refinement" name="test_joint_refinement_preserves_reflection_and_matches_direct_ode[initial_indicator-cf4]" file="tests\test_occupied_axial_refinement.py" line="34" time="0.756" /><testcase classname="tests.test_occupied_axial_refinement" name="test_joint_refinement_preserves_reflection_and_matches_direct_ode[initial_indicator-cf6]" file="tests\test_occupied_axial_refinement.py" line="34" time="0.283" /><testcase classname="tests.test_occupied_axial_refinement" name="test_internal_interface_includes_returning_wave" file="tests\test_occupied_axial_refinement.py" line="63" time="0.001" /><testcase classname="tests.test_occupied_axial_refinement" name="test_expanded_tree_rechecks_leaves_for_changed_source" file="tests\test_occupied_axial_refinement.py" line="73" time="0.603" /><testcase classname="tests.test_occupied_axial_refinement" name="test_compact_leaf_checks_new_channel_and_accounts_retained_matrices" file="tests\test_occupied_axial_refinement.py" line="89" time="0.070" /><testcase classname="tests.test_occupied_axial_refinement" name="test_budget_cancellation_and_round_limit_do_not_publish_source" file="tests\test_occupied_axial_refinement.py" line="113" time="0.134" /><testcase classname="tests.test_occupied_axial_refinement" name="test_parallel_intervals_reproduce_serial_full_complex_solution[numerics0-thread]" file="tests\test_occupied_axial_refinement.py" line="129" time="0.769" /><testcase classname="tests.test_occupied_axial_refinement" name="test_parallel_intervals_reproduce_serial_full_complex_solution[numerics0-process]" file="tests\test_occupied_axial_refinement.py" line="129" time="5.891" /><testcase classname="tests.test_occupied_axial_refinement" name="test_parallel_intervals_reproduce_serial_full_complex_solution[numerics1-thread]" file="tests\test_occupied_axial_refinement.py" line="129" time="0.836" /><testcase classname="tests.test_occupied_axial_refinement" name="test_parallel_intervals_reproduce_serial_full_complex_solution[numerics1-process]" file="tests\test_occupied_axial_refinement.py" line="129" time="7.402" /><testcase classname="tests.test_occupied_axial_refinement" name="test_parallel_intervals_reproduce_serial_full_complex_solution[numerics2-thread]" file="tests\test_occupied_axial_refinement.py" line="129" time="1.060" /><testcase classname="tests.test_occupied_axial_refinement" name="test_parallel_intervals_reproduce_serial_full_complex_solution[numerics2-process]" file="tests\test_occupied_axial_refinement.py" line="129" time="7.538" /><testcase classname="tests.test_occupied_axial_refinement" name="test_parallel_budget_failure_cannot_publish_a_partial_load[thread]" file="tests\test_occupied_axial_refinement.py" line="153" time="0.008" /><testcase classname="tests.test_occupied_axial_refinement" name="test_parallel_budget_failure_cannot_publish_a_partial_load[process]" file="tests\test_occupied_axial_refinement.py" line="153" time="1.441" /><testcase classname="tests.test_occupied_axial_refinement" name="test_os_memory_pressure_aborts_before_new_retained_operator" file="tests\test_occupied_axial_refinement.py" line="162" time="0.001" /><testcase classname="tests.test_occupied_axial_refinement" name="test_invalid_numerical_settings[kwargs0]" file="tests\test_occupied_axial_refinement.py" line="173" time="0.001" /><testcase classname="tests.test_occupied_axial_refinement" name="test_invalid_numerical_settings[kwargs1]" file="tests\test_occupied_axial_refinement.py" line="173" time="0.001" /><testcase classname="tests.test_occupied_axial_refinement" name="test_invalid_numerical_settings[kwargs2]" file="tests\test_occupied_axial_refinement.py" line="173" time="0.001" /><testcase classname="tests.test_occupied_axial_refinement" name="test_invalid_numerical_settings[kwargs3]" file="tests\test_occupied_axial_refinement.py" line="173" time="0.001" /><testcase classname="tests.test_occupied_axial_refinement" name="test_invalid_numerical_settings[kwargs4]" file="tests\test_occupied_axial_refinement.py" line="173" time="0.001" /><testcase classname="tests.test_occupied_axial_refinement" name="test_invalid_numerical_settings[kwargs5]" file="tests\test_occupied_axial_refinement.py" line="173" time="0.001" /><testcase classname="tests.test_occupied_axial_refinement" name="test_invalid_numerical_settings[kwargs6]" file="tests\test_occupied_axial_refinement.py" line="173" time="0.001" /><testcase classname="tests.test_occupied_axial_refinement" name="test_invalid_numerical_settings[kwargs7]" file="tests\test_occupied_axial_refinement.py" line="173" time="0.000" /><testcase classname="tests.test_occupied_axial_refinement" name="test_invalid_numerical_settings[kwargs8]" file="tests\test_occupied_axial_refinement.py" line="173" time="0.001" /><testcase classname="tests.test_occupied_axial_refinement" name="test_invalid_numerical_settings[kwargs9]" file="tests\test_occupied_axial_refinement.py" line="173" time="0.000" /><testcase classname="tests.test_occupied_axial_refinement" name="test_final_physical_solve_cannot_be_skipped_by_pilot_scheduling" file="tests\test_occupied_axial_refinement.py" line="182" time="0.001" /><testcase classname="tests.test_occupied_axial_refinement" name="test_adaptive_allocations_preserve_total_budget_and_keep_empty_channels_testable" file="tests\test_occupied_axial_refinement.py" line="193" time="0.001" /><testcase classname="tests.test_incremental_variable_mesh" name="test_changed_mesh_reuses_only_exact_suffix[0-0]" file="tests\test_incremental_variable_mesh.py" line="14" time="0.008" /><testcase classname="tests.test_incremental_variable_mesh" name="test_changed_mesh_reuses_only_exact_suffix[0-3]" file="tests\test_incremental_variable_mesh.py" line="14" time="0.006" /><testcase classname="tests.test_incremental_variable_mesh" name="test_changed_mesh_reuses_only_exact_suffix[0-11]" file="tests\test_incremental_variable_mesh.py" line="14" time="0.010" /><testcase classname="tests.test_incremental_variable_mesh" name="test_changed_mesh_reuses_only_exact_suffix[2-0]" file="tests\test_incremental_variable_mesh.py" line="14" time="0.010" /><testcase classname="tests.test_incremental_variable_mesh" name="test_changed_mesh_reuses_only_exact_suffix[2-3]" file="tests\test_incremental_variable_mesh.py" line="14" time="0.012" /><testcase classname="tests.test_incremental_variable_mesh" name="test_changed_mesh_reuses_only_exact_suffix[2-11]" file="tests\test_incremental_variable_mesh.py" line="14" time="0.012" /><testcase classname="tests.test_incremental_variable_mesh" name="test_changed_mesh_reuses_only_exact_suffix[5-0]" file="tests\test_incremental_variable_mesh.py" line="14" time="0.012" /><testcase classname="tests.test_incremental_variable_mesh" name="test_changed_mesh_reuses_only_exact_suffix[5-3]" file="tests\test_incremental_variable_mesh.py" line="14" time="0.011" /><testcase classname="tests.test_incremental_variable_mesh" name="test_changed_mesh_reuses_only_exact_suffix[5-11]" file="tests\test_incremental_variable_mesh.py" line="14" time="0.011" /><testcase classname="tests.test_incremental_variable_mesh" name="test_changed_exit_or_chart_invalidates_even_matching_variable_suffix[exit_q0-2.0]" file="tests\test_incremental_variable_mesh.py" line="36" time="0.008" /><testcase classname="tests.test_incremental_variable_mesh" name="test_changed_exit_or_chart_invalidates_even_matching_variable_suffix[exit_q1-1.9]" file="tests\test_incremental_variable_mesh.py" line="36" time="0.007" /><testcase classname="tests.test_incremental_variable_mesh" name="test_remove_entire_prefix_or_all_operators_preserves_complete_exit_response" file="tests\test_incremental_variable_mesh.py" line="48" time="0.006" /><testcase classname="tests.test_incremental_variable_mesh" name="test_cancellation_during_inserted_prefix_does_not_replace_completed_cache" file="tests\test_incremental_variable_mesh.py" line="62" time="0.049" /></testsuite></testsuites>