<?xml version="1.0" encoding="utf-8"?><testsuites name="pytest tests"><testsuite name="pytest" errors="0" failures="0" skipped="0" tests="26" time="16.359" timestamp="2026-09-13T18:00:30.384934+01:00" hostname="Royal_Gray"><testcase classname="tests.test_occupied_tree_certificate" name="test_certificate_bounds_every_tested_complex_input_without_changing_transport" file="tests\test_occupied_tree_certificate.py" line="28" time="0.334" /><testcase classname="tests.test_occupied_tree_certificate" name="test_changed_source_that_fails_certificate_reexecutes_recorded_partition" file="tests\test_occupied_tree_certificate.py" line="44" time="1.937" /><testcase classname="tests.test_occupied_tree_certificate" name="test_compression_rejects_an_unverified_leaf" file="tests\test_occupied_tree_certificate.py" line="59" time="0.267" /><testcase classname="tests.test_occupied_axial_refinement" name="test_joint_refinement_preserves_reflection_and_matches_direct_ode" file="tests\test_occupied_axial_refinement.py" line="34" time="0.484" /><testcase classname="tests.test_occupied_axial_refinement" name="test_internal_interface_includes_returning_wave" file="tests\test_occupied_axial_refinement.py" line="60" time="0.001" /><testcase classname="tests.test_occupied_axial_refinement" name="test_expanded_tree_rechecks_leaves_for_changed_source" file="tests\test_occupied_axial_refinement.py" line="70" time="0.345" /><testcase classname="tests.test_occupied_axial_refinement" name="test_compact_leaf_checks_new_channel_and_accounts_retained_matrices" file="tests\test_occupied_axial_refinement.py" line="86" time="0.035" /><testcase classname="tests.test_occupied_axial_refinement" name="test_budget_cancellation_and_round_limit_do_not_publish_source" file="tests\test_occupied_axial_refinement.py" line="110" time="0.093" /><testcase classname="tests.test_occupied_axial_refinement" name="test_parallel_intervals_reproduce_serial_full_complex_solution[thread]" file="tests\test_occupied_axial_refinement.py" line="126" time="0.383" /><testcase classname="tests.test_occupied_axial_refinement" name="test_parallel_intervals_reproduce_serial_full_complex_solution[process]" file="tests\test_occupied_axial_refinement.py" line="126" time="2.903" /><testcase classname="tests.test_occupied_axial_refinement" name="test_parallel_budget_failure_cannot_publish_a_partial_load[thread]" file="tests\test_occupied_axial_refinement.py" line="148" time="0.005" /><testcase classname="tests.test_occupied_axial_refinement" name="test_parallel_budget_failure_cannot_publish_a_partial_load[process]" file="tests\test_occupied_axial_refinement.py" line="148" time="0.636" /><testcase classname="tests.test_occupied_axial_refinement" name="test_os_memory_pressure_aborts_before_new_retained_operator" file="tests\test_occupied_axial_refinement.py" line="157" time="0.001" /><testcase classname="tests.test_occupied_axial_refinement" name="test_invalid_numerical_settings[kwargs0]" file="tests\test_occupied_axial_refinement.py" line="168" time="0.000" /><testcase classname="tests.test_occupied_axial_refinement" name="test_invalid_numerical_settings[kwargs1]" file="tests\test_occupied_axial_refinement.py" line="168" time="0.000" /><testcase classname="tests.test_occupied_axial_refinement" name="test_invalid_numerical_settings[kwargs2]" file="tests\test_occupied_axial_refinement.py" line="168" time="0.000" /><testcase classname="tests.test_occupied_axial_refinement" name="test_invalid_numerical_settings[kwargs3]" file="tests\test_occupied_axial_refinement.py" line="168" time="0.000" /><testcase classname="tests.test_occupied_axial_refinement" name="test_invalid_numerical_settings[kwargs4]" file="tests\test_occupied_axial_refinement.py" line="168" time="0.000" /><testcase classname="tests.test_occupied_axial_refinement" name="test_invalid_numerical_settings[kwargs5]" file="tests\test_occupied_axial_refinement.py" line="168" time="0.000" /><testcase classname="tests.test_occupied_axial_refinement" name="test_invalid_numerical_settings[kwargs6]" file="tests\test_occupied_axial_refinement.py" line="168" time="0.000" /><testcase classname="tests.test_occupied_axial_refinement" name="test_invalid_numerical_settings[kwargs7]" file="tests\test_occupied_axial_refinement.py" line="168" time="0.000" /><testcase classname="tests.test_occupied_axial_refinement" name="test_final_physical_solve_cannot_be_skipped_by_pilot_scheduling" file="tests\test_occupied_axial_refinement.py" line="176" time="0.000" /><testcase classname="tests.test_condensed_wave_boundary" name="test_every_new_reflected_load_resolves_complete_complex_interior" file="tests\test_condensed_wave_boundary.py" line="17" time="0.006" /><testcase classname="tests.test_condensed_wave_boundary" name="test_physical_operator_or_drive_change_invalidates_condensation" file="tests\test_condensed_wave_boundary.py" line="33" time="0.003" /><testcase classname="tests.test_condensed_wave_boundary" name="test_memory_and_cancellation_cannot_return_an_incomplete_wave" file="tests\test_condensed_wave_boundary.py" line="47" time="0.001" /><testcase classname="tests.test_condensed_wave_boundary" name="test_actual_tip_and_full_round_gun_match_direct_boundary_solution" file="tests\test_condensed_wave_boundary.py" line="55" time="8.393" /></testsuite></testsuites>