<?xml version="1.0" encoding="utf-8"?><testsuites name="pytest tests"><testsuite name="pytest" errors="0" failures="0" skipped="0" tests="50" time="116.937" timestamp="2026-09-13T21:03:27.603773+01:00" hostname="Royal_Gray"><testcase classname="tests.test_embedded_wave_chunks" name="test_one_long_interval_uses_multiple_jobs_with_identical_serial_grouping[cf4]" file="tests\test_embedded_wave_chunks.py" line="21" time="2.513" /><testcase classname="tests.test_embedded_wave_chunks" name="test_one_long_interval_uses_multiple_jobs_with_identical_serial_grouping[cf6]" file="tests\test_embedded_wave_chunks.py" line="21" time="3.908" /><testcase classname="tests.test_embedded_wave_chunks" name="test_chunk_association_matches_original_full_serial_composition" file="tests\test_embedded_wave_chunks.py" line="41" time="2.774" /><testcase classname="tests.test_embedded_wave_chunks" name="test_chunk_failures_preserve_work_and_do_not_publish_partial_operator" file="tests\test_embedded_wave_chunks.py" line="54" time="3.126" /><testcase classname="tests.test_global_embedded_refinement" name="test_global_mesh_comparison_reexecutes_boundary_and_matches_independent_ode[cf4]" file="tests\test_global_embedded_refinement.py" line="13" time="0.684" /><testcase classname="tests.test_global_embedded_refinement" name="test_global_mesh_comparison_reexecutes_boundary_and_matches_independent_ode[cf6]" file="tests\test_global_embedded_refinement.py" line="13" time="0.450" /><testcase classname="tests.test_global_embedded_refinement" name="test_global_mesh_serial_and_parallel_keep_identical_complex_states[thread]" file="tests\test_global_embedded_refinement.py" line="41" time="2.641" /><testcase classname="tests.test_global_embedded_refinement" name="test_global_mesh_serial_and_parallel_keep_identical_complex_states[process]" file="tests\test_global_embedded_refinement.py" line="41" time="32.961" /><testcase classname="tests.test_global_embedded_refinement" name="test_global_budget_failures_do_not_publish_an_unresolved_wave[options0-evaluation budget]" file="tests\test_global_embedded_refinement.py" line="62" time="0.009" /><testcase classname="tests.test_global_embedded_refinement" name="test_global_budget_failures_do_not_publish_an_unresolved_wave[options1-round budget]" file="tests\test_global_embedded_refinement.py" line="62" time="0.014" /><testcase classname="tests.test_global_embedded_refinement" name="test_global_budget_failures_do_not_publish_an_unresolved_wave[options2-depth budget]" file="tests\test_global_embedded_refinement.py" line="62" time="0.029" /><testcase classname="tests.test_global_embedded_refinement" name="test_global_budget_failures_do_not_publish_an_unresolved_wave[options3-memory budget]" file="tests\test_global_embedded_refinement.py" line="62" time="0.002" /><testcase classname="tests.test_global_embedded_refinement" name="test_global_comparison_neither_fits_phase_nor_ignores_intermediate_planes_or_derivatives" file="tests\test_global_embedded_refinement.py" line="75" time="0.001" /><testcase classname="tests.test_global_embedded_refinement" name="test_global_cancellation_and_unknown_strategy_remain_explicit" file="tests\test_global_embedded_refinement.py" line="85" time="0.002" /><testcase classname="tests.test_wave_process_scheduling" name="test_uniform_costs_keep_small_physical_order_groups" file="tests\test_wave_process_scheduling.py" line="13" time="0.001" /><testcase classname="tests.test_wave_process_scheduling" name="test_heavy_neighbours_are_dispatched_independently_first" file="tests\test_wave_process_scheduling.py" line="17" time="0.001" /><testcase classname="tests.test_wave_process_scheduling" name="test_cached_fine_operator_is_not_scheduled_as_expensive_propagation" file="tests\test_wave_process_scheduling.py" line="26" time="0.000" /><testcase classname="tests.test_wave_process_scheduling" name="test_no_intervals_and_invalid_group_limit" file="tests\test_wave_process_scheduling.py" line="31" time="0.000" /><testcase classname="tests.test_wave_process_scheduling" name="test_round_budget_failure_preserves_completed_global_diagnostics" file="tests\test_wave_process_scheduling.py" line="36" time="0.013" /><testcase classname="tests.test_wave_process_scheduling" name="test_private_packets_preserve_complex_arrays_without_large_pipe_messages" file="tests\test_wave_process_scheduling.py" line="49" time="0.125" /><testcase classname="tests.test_wave_process_scheduling" name="test_worker_failure_keeps_actual_slab_and_traceback_out_of_pipe" file="tests\test_wave_process_scheduling.py" line="63" time="0.006" /><testcase classname="tests.test_occupied_axial_refinement" name="test_joint_refinement_preserves_reflection_and_matches_direct_ode[uniform-cf4]" file="tests\test_occupied_axial_refinement.py" line="34" time="1.128" /><testcase classname="tests.test_occupied_axial_refinement" name="test_joint_refinement_preserves_reflection_and_matches_direct_ode[uniform-cf6]" file="tests\test_occupied_axial_refinement.py" line="34" time="0.323" /><testcase classname="tests.test_occupied_axial_refinement" name="test_joint_refinement_preserves_reflection_and_matches_direct_ode[initial_indicator-cf4]" file="tests\test_occupied_axial_refinement.py" line="34" time="1.009" /><testcase classname="tests.test_occupied_axial_refinement" name="test_joint_refinement_preserves_reflection_and_matches_direct_ode[initial_indicator-cf6]" file="tests\test_occupied_axial_refinement.py" line="34" time="0.350" /><testcase classname="tests.test_occupied_axial_refinement" name="test_internal_interface_includes_returning_wave" file="tests\test_occupied_axial_refinement.py" line="63" time="0.002" /><testcase classname="tests.test_occupied_axial_refinement" name="test_expanded_tree_rechecks_leaves_for_changed_source" file="tests\test_occupied_axial_refinement.py" line="73" time="0.730" /><testcase classname="tests.test_occupied_axial_refinement" name="test_compact_leaf_checks_new_channel_and_accounts_retained_matrices" file="tests\test_occupied_axial_refinement.py" line="89" time="0.081" /><testcase classname="tests.test_occupied_axial_refinement" name="test_budget_cancellation_and_round_limit_do_not_publish_source" file="tests\test_occupied_axial_refinement.py" line="113" time="0.175" /><testcase classname="tests.test_occupied_axial_refinement" name="test_parallel_intervals_reproduce_serial_full_complex_solution[numerics0-thread]" file="tests\test_occupied_axial_refinement.py" line="129" time="1.216" /><testcase classname="tests.test_occupied_axial_refinement" name="test_parallel_intervals_reproduce_serial_full_complex_solution[numerics0-process]" file="tests\test_occupied_axial_refinement.py" line="129" time="14.885" /><testcase classname="tests.test_occupied_axial_refinement" name="test_parallel_intervals_reproduce_serial_full_complex_solution[numerics1-thread]" file="tests\test_occupied_axial_refinement.py" line="129" time="1.564" /><testcase classname="tests.test_occupied_axial_refinement" name="test_parallel_intervals_reproduce_serial_full_complex_solution[numerics1-process]" file="tests\test_occupied_axial_refinement.py" line="129" time="19.565" /><testcase classname="tests.test_occupied_axial_refinement" name="test_parallel_intervals_reproduce_serial_full_complex_solution[numerics2-thread]" file="tests\test_occupied_axial_refinement.py" line="129" time="2.135" /><testcase classname="tests.test_occupied_axial_refinement" name="test_parallel_intervals_reproduce_serial_full_complex_solution[numerics2-process]" file="tests\test_occupied_axial_refinement.py" line="129" time="19.764" /><testcase classname="tests.test_occupied_axial_refinement" name="test_parallel_budget_failure_cannot_publish_a_partial_load[thread]" file="tests\test_occupied_axial_refinement.py" line="153" time="0.039" /><testcase classname="tests.test_occupied_axial_refinement" name="test_parallel_budget_failure_cannot_publish_a_partial_load[process]" file="tests\test_occupied_axial_refinement.py" line="153" time="3.328" /><testcase classname="tests.test_occupied_axial_refinement" name="test_os_memory_pressure_aborts_before_new_retained_operator" file="tests\test_occupied_axial_refinement.py" line="162" time="0.001" /><testcase classname="tests.test_occupied_axial_refinement" name="test_invalid_numerical_settings[kwargs0]" file="tests\test_occupied_axial_refinement.py" line="173" time="0.001" /><testcase classname="tests.test_occupied_axial_refinement" name="test_invalid_numerical_settings[kwargs1]" file="tests\test_occupied_axial_refinement.py" line="173" time="0.000" /><testcase classname="tests.test_occupied_axial_refinement" name="test_invalid_numerical_settings[kwargs2]" file="tests\test_occupied_axial_refinement.py" line="173" time="0.001" /><testcase classname="tests.test_occupied_axial_refinement" name="test_invalid_numerical_settings[kwargs3]" file="tests\test_occupied_axial_refinement.py" line="173" time="0.000" /><testcase classname="tests.test_occupied_axial_refinement" name="test_invalid_numerical_settings[kwargs4]" file="tests\test_occupied_axial_refinement.py" line="173" time="0.000" /><testcase classname="tests.test_occupied_axial_refinement" name="test_invalid_numerical_settings[kwargs5]" file="tests\test_occupied_axial_refinement.py" line="173" time="0.000" /><testcase classname="tests.test_occupied_axial_refinement" name="test_invalid_numerical_settings[kwargs6]" file="tests\test_occupied_axial_refinement.py" line="173" time="0.000" /><testcase classname="tests.test_occupied_axial_refinement" name="test_invalid_numerical_settings[kwargs7]" file="tests\test_occupied_axial_refinement.py" line="173" time="0.000" /><testcase classname="tests.test_occupied_axial_refinement" name="test_invalid_numerical_settings[kwargs8]" file="tests\test_occupied_axial_refinement.py" line="173" time="0.000" /><testcase classname="tests.test_occupied_axial_refinement" name="test_invalid_numerical_settings[kwargs9]" file="tests\test_occupied_axial_refinement.py" line="173" time="0.000" /><testcase classname="tests.test_occupied_axial_refinement" name="test_final_physical_solve_cannot_be_skipped_by_pilot_scheduling" file="tests\test_occupied_axial_refinement.py" line="182" time="0.001" /><testcase classname="tests.test_occupied_axial_refinement" name="test_adaptive_allocations_preserve_total_budget_and_keep_empty_channels_testable" file="tests\test_occupied_axial_refinement.py" line="193" time="0.001" /></testsuite></testsuites>