<?xml version="1.0" encoding="utf-8"?><testsuites name="pytest tests"><testsuite name="pytest" errors="0" failures="1" skipped="0" tests="33" time="30.091" timestamp="2026-09-13T19:52:43.839496+01:00" hostname="Royal_Gray"><testcase classname="tests.test_round_column_checkpoint" name="test_prefix_advances_executed_clock_and_keeps_absolute_current_and_phase" file="tests\test_round_column_checkpoint.py" line="28" time="0.721" /><testcase classname="tests.test_round_column_checkpoint" name="test_no_round_prefix_keeps_same_executed_plane_and_clock" file="tests\test_round_column_checkpoint.py" line="56" time="0.006" /><testcase classname="tests.test_round_column_checkpoint" name="test_inconsistent_stage_cannot_publish[empty_advance]" file="tests\test_round_column_checkpoint.py" line="63" time="0.006" /><testcase classname="tests.test_round_column_checkpoint" name="test_inconsistent_stage_cannot_publish[wrong_plane]" file="tests\test_round_column_checkpoint.py" line="63" time="0.006" /><testcase classname="tests.test_round_column_checkpoint" name="test_inconsistent_stage_cannot_publish[wrong_id]" file="tests\test_round_column_checkpoint.py" line="63" time="0.007" /><testcase classname="tests.test_round_column_checkpoint" name="test_tip_request_validates_radial_numerics" file="tests\test_round_column_checkpoint.py" line="76" time="0.067" /><testcase classname="tests.test_round_column_checkpoint" name="test_pipeline_routes_and_caches_round_prefix_without_repeating_the_gun[False]" file="tests\test_round_column_checkpoint.py" line="82" time="17.637" /><testcase classname="tests.test_round_column_checkpoint" name="test_pipeline_routes_and_caches_round_prefix_without_repeating_the_gun[True]" file="tests\test_round_column_checkpoint.py" line="82" time="2.190"><failure message="AssertionError: assert '3d7fcbadf10d...de97e0de0950c' == '8f2bb6935c85...e1205b4b1928f'&#10;  &#10;  - 8f2bb6935c859472d147a4f57b890b14dfb18778a130a9a10d5e1205b4b1928f&#10;  + 3d7fcbadf10d55d67e691be08dcee5c4e60d62b0572b4d5d0f0de97e0de0950c">tests\test_round_column_checkpoint.py:117: in test_pipeline_routes_and_caches_round_prefix_without_repeating_the_gun
    first = simulate_tip_wave(state, request)
            ^^^^^^^^^^^^^^^^^^^^^^^^^^^^^^^^^
src\temsim\physics\tip_wave_pipeline.py:272: in simulate_tip_wave
    result = column(result, entrance)
             ^^^^^^^^^^^^^^^^^^^^^^^^
src\temsim\physics\tip_wave_pipeline.py:233: in column
    upstream = stage("round_column_prefix", lambda: execute_round_prefix(working, original, stop,
src\temsim\physics\tip_wave_pipeline.py:219: in stage
    result = producer()
             ^^^^^^^^^^
src\temsim\physics\tip_wave_pipeline.py:233: in &lt;lambda&gt;
    upstream = stage("round_column_prefix", lambda: execute_round_prefix(working, original, stop,
tests\test_round_column_checkpoint.py:101: in radial
    assert incoming.digest == checkpoint.digest
E   AssertionError: assert '3d7fcbadf10d...de97e0de0950c' == '8f2bb6935c85...e1205b4b1928f'
E     
E     - 8f2bb6935c859472d147a4f57b890b14dfb18778a130a9a10d5e1205b4b1928f
E     + 3d7fcbadf10d55d67e691be08dcee5c4e60d62b0572b4d5d0f0de97e0de0950c</failure></testcase><testcase classname="tests.test_radial_cartesian_handoff" name="test_full_complex_field_and_current_without_fitted_phase_or_normalisation[0.0-0.0]" file="tests\test_radial_cartesian_handoff.py" line="16" time="0.042" /><testcase classname="tests.test_radial_cartesian_handoff" name="test_full_complex_field_and_current_without_fitted_phase_or_normalisation[0.73-0.0]" file="tests\test_radial_cartesian_handoff.py" line="16" time="0.071" /><testcase classname="tests.test_radial_cartesian_handoff" name="test_full_complex_field_and_current_without_fitted_phase_or_normalisation[-1.15-0.1]" file="tests\test_radial_cartesian_handoff.py" line="16" time="1.322" /><testcase classname="tests.test_radial_cartesian_handoff" name="test_refuses_unresolved_phase_under_user_budget" file="tests\test_radial_cartesian_handoff.py" line="38" time="0.031" /><testcase classname="tests.test_radial_cartesian_handoff" name="test_refuses_current_mismatch_instead_of_rescaling" file="tests\test_radial_cartesian_handoff.py" line="44" time="0.032" /><testcase classname="tests.test_radial_cartesian_handoff" name="test_cancelled_readout_publishes_nothing" file="tests\test_radial_cartesian_handoff.py" line="57" time="0.012" /><testcase classname="tests.test_radial_cartesian_handoff" name="test_zero_and_invalid_fields" file="tests\test_radial_cartesian_handoff.py" line="62" time="0.014" /><testcase classname="tests.test_radial_cartesian_handoff" name="test_invalid_numerics[values0]" file="tests\test_radial_cartesian_handoff.py" line="71" time="0.002" /><testcase classname="tests.test_radial_cartesian_handoff" name="test_invalid_numerics[values1]" file="tests\test_radial_cartesian_handoff.py" line="71" time="0.001" /><testcase classname="tests.test_radial_cartesian_handoff" name="test_invalid_numerics[values2]" file="tests\test_radial_cartesian_handoff.py" line="71" time="0.001" /><testcase classname="tests.test_radial_cartesian_handoff" name="test_invalid_numerics[values3]" file="tests\test_radial_cartesian_handoff.py" line="71" time="0.001" /><testcase classname="tests.test_radial_cartesian_handoff" name="test_invalid_numerics[values4]" file="tests\test_radial_cartesian_handoff.py" line="71" time="0.001" /><testcase classname="tests.test_canonical_action" name="test_tilted_off_axis_gaussian_drift_matches_complex_analytic_solution[1e-06]" file="tests\test_canonical_action.py" line="25" time="0.207" /><testcase classname="tests.test_canonical_action" name="test_tilted_off_axis_gaussian_drift_matches_complex_analytic_solution[0.0002]" file="tests\test_canonical_action.py" line="25" time="0.232" /><testcase classname="tests.test_canonical_action" name="test_tilted_off_axis_gaussian_drift_matches_complex_analytic_solution[0.001]" file="tests\test_canonical_action.py" line="25" time="0.414" /><testcase classname="tests.test_canonical_action" name="test_tilted_off_axis_gaussian_drift_matches_complex_analytic_solution[-0.001]" file="tests\test_canonical_action.py" line="25" time="0.479" /><testcase classname="tests.test_canonical_action" name="test_off_axis_lens_and_deflector_keep_the_physical_scalar_phase" file="tests\test_canonical_action.py" line="45" time="0.223" /><testcase classname="tests.test_canonical_action" name="test_affine_path_split_whole_inverse_preserve_complex_field_and_weight" file="tests\test_canonical_action.py" line="58" time="0.761" /><testcase classname="tests.test_canonical_action" name="test_endpoint_identity_does_not_erase_metaplectic_winding[1]" file="tests\test_canonical_action.py" line="89" time="0.347" /><testcase classname="tests.test_canonical_action" name="test_endpoint_identity_does_not_erase_metaplectic_winding[2]" file="tests\test_canonical_action.py" line="89" time="0.299" /><testcase classname="tests.test_canonical_action" name="test_endpoint_identity_does_not_erase_metaplectic_winding[-1]" file="tests\test_canonical_action.py" line="89" time="0.345" /><testcase classname="tests.test_canonical_action" name="test_phase_path_rejects_unresolved_or_inconsistent_phase" file="tests\test_canonical_action.py" line="103" time="0.001" /><testcase classname="tests.test_canonical_action" name="test_rejected_lift_validation_is_atomic" file="tests\test_canonical_action.py" line="114" time="0.002" /><testcase classname="tests.test_canonical_action" name="test_non_gaussian_carried_wave_matches_direct_fft_without_phase_fitting" file="tests\test_canonical_action.py" line="129" time="0.359" /><testcase classname="tests.test_canonical_action" name="test_auxiliary_reference_length_does_not_change_the_physical_wave" file="tests\test_canonical_action.py" line="147" time="0.703" /></testsuite></testsuites>