<?xml version="1.0" encoding="utf-8"?><testsuites name="pytest tests"><testsuite name="pytest" errors="0" failures="1" skipped="0" tests="8" time="1.454" timestamp="2026-09-13T00:10:24.773453+01:00" hostname="Royal_Gray"><testcase classname="tests.test_radial_column_wave" name="test_complex_free_gaussian_has_absolute_phase_and_conserved_current[0.2]" file="tests\test_radial_column_wave.py" line="13" time="0.023" /><testcase classname="tests.test_radial_column_wave" name="test_complex_free_gaussian_has_absolute_phase_and_conserved_current[-0.2]" file="tests\test_radial_column_wave.py" line="13" time="0.017" /><testcase classname="tests.test_radial_column_wave" name="test_complex_free_gaussian_has_absolute_phase_and_conserved_current[2.0]" file="tests\test_radial_column_wave.py" line="13" time="0.013"><failure message="assert np.float64(1.1043152612920841) &lt; 1e-06">tests\test_radial_column_wave.py:25: in test_complex_free_gaussian_has_absolute_phase_and_conserved_current
    assert error &lt; 1e-6
E   assert np.float64(1.1043152612920841) &lt; 1e-06</failure></testcase><testcase classname="tests.test_radial_column_wave" name="test_spherical_phase_is_kept_not_fitted_into_quadratic_curvature" file="tests\test_radial_column_wave.py" line="28" time="0.005" /><testcase classname="tests.test_radial_column_wave" name="test_log_grid_refinement_preserves_complex_wave_not_just_current" file="tests\test_radial_column_wave.py" line="36" time="0.005" /><testcase classname="tests.test_scattering_load" name="test_reflected_load_matches_scalar_step_and_preserves_total_trace" file="tests\test_scattering_load.py" line="8" time="0.001" /><testcase classname="tests.test_scattering_load" name="test_unitary_connection_changes_complex_field_and_preserves_flux" file="tests\test_scattering_load.py" line="21" time="0.002" /><testcase classname="tests.test_scattering_load" name="test_radial_kinetic_and_dilation_have_required_symmetries" file="tests\test_scattering_load.py" line="31" time="0.003" /></testsuite></testsuites>