<?xml version="1.0" encoding="utf-8"?><testsuites name="pytest tests"><testsuite name="pytest" errors="0" failures="0" skipped="0" tests="65" time="66.005" timestamp="2026-09-13T12:18:01.366056+01:00" hostname="Royal_Gray"><testcase classname="tests.test_model_inspector" name="test_model_controls_are_explicit_serializable_and_do_not_solve" file="tests\test_model_inspector.py" line="5" time="5.552" /><testcase classname="tests.test_model_inspector" name="test_field_fit_is_reused_by_detached_snapshot_and_display" file="tests\test_model_inspector.py" line="29" time="0.339" /><testcase classname="tests.test_tip_source_contract" name="test_even_a_matching_exit_binding_cannot_bypass_the_gun[bind]" file="tests\test_tip_source_contract.py" line="28" time="0.945" /><testcase classname="tests.test_tip_source_contract" name="test_even_a_matching_exit_binding_cannot_bypass_the_gun[generate]" file="tests\test_tip_source_contract.py" line="28" time="0.815" /><testcase classname="tests.test_tip_source_contract" name="test_even_a_matching_exit_binding_cannot_bypass_the_gun[trace]" file="tests\test_tip_source_contract.py" line="28" time="0.768" /><testcase classname="tests.test_tip_source_contract" name="test_even_a_matching_exit_binding_cannot_bypass_the_gun[dispatch]" file="tests\test_tip_source_contract.py" line="28" time="0.607" /><testcase classname="tests.test_tip_source_contract" name="test_even_a_matching_exit_binding_cannot_bypass_the_gun[gun_trace]" file="tests\test_tip_source_contract.py" line="28" time="0.722" /><testcase classname="tests.test_tip_source_contract" name="test_even_a_matching_exit_binding_cannot_bypass_the_gun[current]" file="tests\test_tip_source_contract.py" line="28" time="0.599" /><testcase classname="tests.test_tip_source_contract" name="test_even_a_matching_exit_binding_cannot_bypass_the_gun[run]" file="tests\test_tip_source_contract.py" line="28" time="0.640" /><testcase classname="tests.test_tip_source_contract" name="test_even_a_matching_exit_binding_cannot_bypass_the_gun[calculate]" file="tests\test_tip_source_contract.py" line="28" time="0.716" /><testcase classname="tests.test_tip_source_contract" name="test_even_a_matching_exit_binding_cannot_bypass_the_gun[alignment]" file="tests\test_tip_source_contract.py" line="28" time="0.643" /><testcase classname="tests.test_tip_source_contract" name="test_all_request_qualities_reject_exit_source_before_reuse[Preview]" file="tests\test_tip_source_contract.py" line="54" time="0.284" /><testcase classname="tests.test_tip_source_contract" name="test_all_request_qualities_reject_exit_source_before_reuse[Medium]" file="tests\test_tip_source_contract.py" line="54" time="0.230" /><testcase classname="tests.test_tip_source_contract" name="test_all_request_qualities_reject_exit_source_before_reuse[High accuracy]" file="tests\test_tip_source_contract.py" line="54" time="0.328" /><testcase classname="tests.test_tip_source_contract" name="test_historical_profile_is_readable_but_cannot_mutate_active_state" file="tests\test_tip_source_contract.py" line="65" time="0.965" /><testcase classname="tests.test_tip_source_contract" name="test_coherent_cache_cannot_substitute_an_exit_source[False]" file="tests\test_tip_source_contract.py" line="80" time="2.014" /><testcase classname="tests.test_tip_source_contract" name="test_coherent_cache_cannot_substitute_an_exit_source[True]" file="tests\test_tip_source_contract.py" line="80" time="1.752" /><testcase classname="tests.test_tip_source_contract" name="test_physical_dispatch_preserves_gun_history_and_cached_upstream_work" file="tests\test_tip_source_contract.py" line="95" time="2.256" /><testcase classname="tests.test_tip_source_contract" name="test_acceleration_and_gun_focusing_change_the_computed_exit_and_cache" file="tests\test_tip_source_contract.py" line="115" time="2.259" /><testcase classname="tests.test_tip_source_contract" name="test_tip_dialog_changes_only_tip_draft_and_rejects_invalid_inputs" file="tests\test_tip_source_contract.py" line="132" time="0.648" /><testcase classname="tests.test_tip_source_contract" name="test_model_inspector_applies_tip_parameters_without_editing_gun_optics" file="tests\test_tip_source_contract.py" line="148" time="0.337" /><testcase classname="tests.test_grounded_tip_surface" name="test_reference_and_exact_cap_cone_join" file="tests\test_grounded_tip_surface.py" line="18" time="0.001" /><testcase classname="tests.test_grounded_tip_surface" name="test_surface_distribution_energy_direction_and_flux_are_consistent" file="tests\test_grounded_tip_surface.py" line="34" time="0.041" /><testcase classname="tests.test_grounded_tip_surface" name="test_invalid_surface_inputs_fail_before_trace[change0]" file="tests\test_grounded_tip_surface.py" line="54" time="0.018" /><testcase classname="tests.test_grounded_tip_surface" name="test_invalid_surface_inputs_fail_before_trace[change1]" file="tests\test_grounded_tip_surface.py" line="54" time="0.017" /><testcase classname="tests.test_grounded_tip_surface" name="test_invalid_surface_inputs_fail_before_trace[change2]" file="tests\test_grounded_tip_surface.py" line="54" time="0.017" /><testcase classname="tests.test_grounded_tip_surface" name="test_invalid_surface_inputs_fail_before_trace[change3]" file="tests\test_grounded_tip_surface.py" line="54" time="0.015" /><testcase classname="tests.test_grounded_tip_surface" name="test_cylindrical_laplace_matches_linear_voltage_on_graded_grid" file="tests\test_grounded_tip_surface.py" line="62" time="0.005" /><testcase classname="tests.test_grounded_tip_surface" name="test_grounded_electrodes_and_tip_near_field" file="tests\test_grounded_tip_surface.py" line="75" time="0.175" /><testcase classname="tests.test_grounded_tip_surface" name="test_potential_and_field_are_consistent_at_off_axis_point" file="tests\test_grounded_tip_surface.py" line="87" time="0.016" /><testcase classname="tests.test_grounded_tip_surface" name="test_axisymmetric_potential_is_regular_not_a_radial_cusp" file="tests\test_grounded_tip_surface.py" line="99" time="0.001" /><testcase classname="tests.test_grounded_tip_surface" name="test_voltage_reference_is_independent_of_source_energy_and_cache_is_segmented" file="tests\test_grounded_tip_surface.py" line="117" time="0.524" /><testcase classname="tests.test_grounded_tip_surface" name="test_old_window_and_potential_scale_do_not_control_new_field" file="tests\test_grounded_tip_surface.py" line="132" time="0.023" /><testcase classname="tests.test_grounded_tip_surface" name="test_discretised_tip_absorbs_returning_electrons_without_moving_launch" file="tests\test_grounded_tip_surface.py" line="149" time="0.016" /><testcase classname="tests.test_grounded_tip_surface" name="test_final_anode_cannot_have_an_independent_nonzero_potential" file="tests\test_grounded_tip_surface.py" line="159" time="0.014" /><testcase classname="tests.test_grounded_tip_surface" name="test_curved_surface_audit_is_not_a_plane_quantum_admission" file="tests\test_grounded_tip_surface.py" line="165" time="0.014" /><testcase classname="tests.test_grounded_tip_surface" name="test_analytical_eels_cannot_reuse_an_inactive_historical_width" file="tests\test_grounded_tip_surface.py" line="172" time="0.017" /><testcase classname="tests.test_grounded_tip_surface" name="test_medium_tuning_uses_the_same_surface_source_not_old_gaussian_probes" file="tests\test_grounded_tip_surface.py" line="181" time="0.014" /><testcase classname="tests.test_grounded_tip_surface" name="test_source_model_round_trip_does_not_migrate_legacy" file="tests\test_grounded_tip_surface.py" line="191" time="0.109" /><testcase classname="tests.test_grounded_tip_surface" name="test_profile_and_snapshot_preserve_surface_identity" file="tests\test_grounded_tip_surface.py" line="202" time="1.076" /><testcase classname="tests.test_grounded_tip_surface" name="test_surface_editor_has_one_parameter_set_and_derived_quantities" file="tests\test_grounded_tip_surface.py" line="228" time="0.025" /><testcase classname="tests.test_grounded_tip_surface" name="test_coherent_wave_request_cannot_substitute_a_legacy_source" file="tests\test_grounded_tip_surface.py" line="243" time="0.018" /><testcase classname="tests.test_grounded_tip_surface" name="test_full_reference_gun_executes_surface_to_exit_and_caches" file="tests\test_grounded_tip_surface.py" line="249" time="22.685" /><testcase classname="tests.test_background_calculation_requests" name="test_prepared_request_matches_synchronous_identity_and_snapshot[none-Preview]" file="tests\test_background_calculation_requests.py" line="26" time="1.016" /><testcase classname="tests.test_background_calculation_requests" name="test_prepared_request_matches_synchronous_identity_and_snapshot[none-Medium]" file="tests\test_background_calculation_requests.py" line="26" time="0.962" /><testcase classname="tests.test_background_calculation_requests" name="test_prepared_request_matches_synchronous_identity_and_snapshot[lens-Preview]" file="tests\test_background_calculation_requests.py" line="26" time="1.262" /><testcase classname="tests.test_background_calculation_requests" name="test_prepared_request_matches_synchronous_identity_and_snapshot[lens-Medium]" file="tests\test_background_calculation_requests.py" line="26" time="1.087" /><testcase classname="tests.test_background_calculation_requests" name="test_prepared_request_matches_synchronous_identity_and_snapshot[geometry-Preview]" file="tests\test_background_calculation_requests.py" line="26" time="1.042" /><testcase classname="tests.test_background_calculation_requests" name="test_prepared_request_matches_synchronous_identity_and_snapshot[geometry-Medium]" file="tests\test_background_calculation_requests.py" line="26" time="0.996" /><testcase classname="tests.test_background_calculation_requests" name="test_prepared_request_matches_synchronous_identity_and_snapshot[time-Preview]" file="tests\test_background_calculation_requests.py" line="26" time="0.995" /><testcase classname="tests.test_background_calculation_requests" name="test_prepared_request_matches_synchronous_identity_and_snapshot[time-Medium]" file="tests\test_background_calculation_requests.py" line="26" time="0.988" /><testcase classname="tests.test_background_calculation_requests" name="test_prepared_request_matches_synchronous_identity_and_snapshot[negative_zero_time-Preview]" file="tests\test_background_calculation_requests.py" line="26" time="0.986" /><testcase classname="tests.test_background_calculation_requests" name="test_prepared_request_matches_synchronous_identity_and_snapshot[negative_zero_time-Medium]" file="tests\test_background_calculation_requests.py" line="26" time="1.073" /><testcase classname="tests.test_background_calculation_requests" name="test_capture_owns_nested_payload_and_original_geometry" file="tests\test_background_calculation_requests.py" line="56" time="0.081" /><testcase classname="tests.test_background_calculation_requests" name="test_prepare_cancels_at_safe_phase_boundaries[initial]" file="tests\test_background_calculation_requests.py" line="86" time="0.083" /><testcase classname="tests.test_background_calculation_requests" name="test_prepare_cancels_at_safe_phase_boundaries[model]" file="tests\test_background_calculation_requests.py" line="86" time="0.186" /><testcase classname="tests.test_background_calculation_requests" name="test_prepare_cancels_at_safe_phase_boundaries[snapshot]" file="tests\test_background_calculation_requests.py" line="86" time="0.337" /><testcase classname="tests.test_background_calculation_requests" name="test_prepare_cancels_at_safe_phase_boundaries[signatures]" file="tests\test_background_calculation_requests.py" line="86" time="0.598" /><testcase classname="tests.test_background_calculation_requests" name="test_background_preparation_and_hashing_are_not_on_gui_thread" file="tests\test_background_calculation_requests.py" line="121" time="0.552" /><testcase classname="tests.test_background_calculation_requests" name="test_background_exact_history_reuses_solver_output" file="tests\test_background_calculation_requests.py" line="165" time="1.099" /><testcase classname="tests.test_background_calculation_requests" name="test_obsolete_preparation_cannot_start_or_publish_a_solver" file="tests\test_background_calculation_requests.py" line="186" time="1.033" /><testcase classname="tests.test_background_calculation_requests" name="test_preparation_error_finishes_once_without_clearing_results" file="tests\test_background_calculation_requests.py" line="211" time="0.079" /><testcase classname="tests.test_background_calculation_requests" name="test_capture_failure_does_not_start_or_cancel_current_job" file="tests\test_background_calculation_requests.py" line="232" time="0.076" /><testcase classname="tests.test_background_calculation_requests" name="test_background_api_preserves_high_accuracy_submission_contract" file="tests\test_background_calculation_requests.py" line="247" time="0.082" /><testcase classname="tests.test_background_calculation_requests" name="test_cached_result_reentrant_submission_does_not_finish_new_job" file="tests\test_background_calculation_requests.py" line="255" time="1.096" /></testsuite></testsuites>