<?xml version="1.0" encoding="utf-8"?><testsuites name="pytest tests"><testsuite name="pytest" errors="0" failures="0" skipped="0" tests="212" time="88.828" timestamp="2026-09-13T11:35:31.162999+01:00" hostname="Royal_Gray"><testcase classname="tests.test_electron_gun_timing" name="test_cold_feg_energy_samples_are_positive_and_match_requested_spread" file="tests\test_electron_gun_timing.py" line="8" time="3.915" /><testcase classname="tests.test_electron_gun_timing" name="test_preview_cold_feg_trace_has_no_clamped_energy_outlier" file="tests\test_electron_gun_timing.py" line="30" time="1.026" /><testcase classname="tests.test_electron_gun_timing" name="test_gun_paths_use_one_strict_z_grid_and_preserve_equal_time_history" file="tests\test_electron_gun_timing.py" line="48" time="1.912" /><testcase classname="tests.test_tip_source_contract" name="test_even_a_matching_exit_binding_cannot_bypass_the_gun[bind]" file="tests\test_tip_source_contract.py" line="28" time="0.559" /><testcase classname="tests.test_tip_source_contract" name="test_even_a_matching_exit_binding_cannot_bypass_the_gun[generate]" file="tests\test_tip_source_contract.py" line="28" time="0.572" /><testcase classname="tests.test_tip_source_contract" name="test_even_a_matching_exit_binding_cannot_bypass_the_gun[trace]" file="tests\test_tip_source_contract.py" line="28" time="0.578" /><testcase classname="tests.test_tip_source_contract" name="test_even_a_matching_exit_binding_cannot_bypass_the_gun[dispatch]" file="tests\test_tip_source_contract.py" line="28" time="0.593" /><testcase classname="tests.test_tip_source_contract" name="test_even_a_matching_exit_binding_cannot_bypass_the_gun[gun_trace]" file="tests\test_tip_source_contract.py" line="28" time="0.587" /><testcase classname="tests.test_tip_source_contract" name="test_even_a_matching_exit_binding_cannot_bypass_the_gun[current]" file="tests\test_tip_source_contract.py" line="28" time="0.566" /><testcase classname="tests.test_tip_source_contract" name="test_even_a_matching_exit_binding_cannot_bypass_the_gun[run]" file="tests\test_tip_source_contract.py" line="28" time="0.538" /><testcase classname="tests.test_tip_source_contract" name="test_even_a_matching_exit_binding_cannot_bypass_the_gun[calculate]" file="tests\test_tip_source_contract.py" line="28" time="0.624" /><testcase classname="tests.test_tip_source_contract" name="test_even_a_matching_exit_binding_cannot_bypass_the_gun[alignment]" file="tests\test_tip_source_contract.py" line="28" time="0.542" /><testcase classname="tests.test_tip_source_contract" name="test_all_request_qualities_reject_exit_source_before_reuse[Preview]" file="tests\test_tip_source_contract.py" line="54" time="0.213" /><testcase classname="tests.test_tip_source_contract" name="test_all_request_qualities_reject_exit_source_before_reuse[Medium]" file="tests\test_tip_source_contract.py" line="54" time="0.210" /><testcase classname="tests.test_tip_source_contract" name="test_all_request_qualities_reject_exit_source_before_reuse[High accuracy]" file="tests\test_tip_source_contract.py" line="54" time="0.206" /><testcase classname="tests.test_tip_source_contract" name="test_historical_profile_is_readable_but_cannot_mutate_active_state" file="tests\test_tip_source_contract.py" line="65" time="0.688" /><testcase classname="tests.test_tip_source_contract" name="test_coherent_cache_cannot_substitute_an_exit_source[False]" file="tests\test_tip_source_contract.py" line="80" time="1.483" /><testcase classname="tests.test_tip_source_contract" name="test_coherent_cache_cannot_substitute_an_exit_source[True]" file="tests\test_tip_source_contract.py" line="80" time="1.492" /><testcase classname="tests.test_tip_source_contract" name="test_physical_dispatch_preserves_gun_history_and_cached_upstream_work" file="tests\test_tip_source_contract.py" line="95" time="1.893" /><testcase classname="tests.test_tip_source_contract" name="test_acceleration_and_gun_focusing_change_the_computed_exit_and_cache" file="tests\test_tip_source_contract.py" line="115" time="1.851" /><testcase classname="tests.test_tip_source_contract" name="test_tip_dialog_changes_only_tip_draft_and_rejects_invalid_inputs" file="tests\test_tip_source_contract.py" line="132" time="0.614" /><testcase classname="tests.test_tip_source_contract" name="test_model_inspector_applies_tip_parameters_without_editing_gun_optics" file="tests\test_tip_source_contract.py" line="148" time="0.344" /><testcase classname="tests.test_source_admission" name="test_t203_origin_label_and_private_array_do_not_admit_a_wave" file="tests\test_source_admission.py" line="10" time="0.066" /><testcase classname="tests.test_source_admission" name="test_t201_api_refuses_legacy_pupil_before_specimen_preparation" file="tests\test_source_admission.py" line="18" time="0.066" /><testcase classname="tests.test_source_admission" name="test_launch_audit_is_deterministic_and_does_not_change_gun" file="tests\test_source_admission.py" line="31" time="0.651" /><testcase classname="tests.test_source_admission" name="test_exit_source_is_prohibited_rather_than_rebindable" file="tests\test_source_admission.py" line="43" time="0.065" /><testcase classname="tests.test_scan_system" name="test_ac_lower_foil_is_derived_from_one_pure_shift_pair_gain" file="tests\test_scan_system.py" line="19" time="0.000" /><testcase classname="tests.test_scan_system" name="test_ac_pure_shift_calibration_cancels_sample_angle" file="tests\test_scan_system.py" line="39" time="0.001" /><testcase classname="tests.test_scan_system" name="test_paired_response_uses_both_planes_and_cross_axis_coupling" file="tests\test_scan_system.py" line="73" time="0.000" /><testcase classname="tests.test_scan_system" name="test_descan_uses_opposite_ac_command_and_cancels_at_image_reference" file="tests\test_scan_system.py" line="101" time="0.001" /><testcase classname="tests.test_scan_system" name="test_default_column_scan_descan_symmetry_and_optical_cancellation" file="tests\test_scan_system.py" line="167" time="2.672" /><testcase classname="tests.test_scan_system" name="test_plane_classification_distinguishes_image_diffraction_and_mixed[j_img0-j_diff0-image]" file="tests\test_scan_system.py" line="225" time="0.001" /><testcase classname="tests.test_scan_system" name="test_plane_classification_distinguishes_image_diffraction_and_mixed[j_img1-j_diff1-diffraction]" file="tests\test_scan_system.py" line="225" time="0.000" /><testcase classname="tests.test_scan_system" name="test_plane_classification_distinguishes_image_diffraction_and_mixed[j_img2-j_diff2-mixed]" file="tests\test_scan_system.py" line="225" time="0.000" /><testcase classname="tests.test_scan_system" name="test_pixel_pitch_calibrates_axis_aligned_fov_through_active_optics" file="tests\test_scan_system.py" line="245" time="0.001" /><testcase classname="tests.test_scan_system" name="test_scan_pixel_size_rejects_values_outside_pm_to_mm_range[0.0009-create_ac_deflector]" file="tests\test_scan_system.py" line="303" time="0.000" /><testcase classname="tests.test_scan_system" name="test_scan_pixel_size_rejects_values_outside_pm_to_mm_range[0.0009-create_descan_deflector]" file="tests\test_scan_system.py" line="303" time="0.000" /><testcase classname="tests.test_scan_system" name="test_scan_pixel_size_rejects_values_outside_pm_to_mm_range[1000001.0-create_ac_deflector]" file="tests\test_scan_system.py" line="303" time="0.000" /><testcase classname="tests.test_scan_system" name="test_scan_pixel_size_rejects_values_outside_pm_to_mm_range[1000001.0-create_descan_deflector]" file="tests\test_scan_system.py" line="303" time="0.000" /><testcase classname="tests.test_scan_system" name="test_scan_view_exposes_pixel_pitch_and_derived_fov" file="tests\test_scan_system.py" line="319" time="0.080" /><testcase classname="tests.test_scan_system" name="test_detector_position_and_size_define_collection_angle" file="tests\test_scan_system.py" line="350" time="0.001" /><testcase classname="tests.test_scan_system" name="test_scan_view_replays_one_cached_detector_frame_until_stopped" file="tests\test_scan_system.py" line="381" time="0.082" /><testcase classname="tests.test_scan_system" name="test_scan_image_pause_keeps_previous_complete_frame_while_playback_continues" file="tests\test_scan_system.py" line="435" time="0.085" /><testcase classname="tests.test_scan_system" name="test_stem_images_use_physical_pixel_edges_and_explain_geometry_preview" file="tests\test_scan_system.py" line="496" time="0.097" /><testcase classname="tests.test_scan_system" name="test_ray_playback_reprojects_cached_scan_offset_without_retracing" file="tests\test_scan_system.py" line="565" time="0.880" /><testcase classname="tests.test_canonical_ray_integration" name="test_gaussian_lens_converges_fourth_order_against_lab_frame_ode" file="tests\test_canonical_ray_integration.py" line="55" time="0.079" /><testcase classname="tests.test_canonical_ray_integration" name="test_thin_deflector_occurs_at_its_exact_physical_plane" file="tests\test_canonical_ray_integration.py" line="82" time="0.071" /><testcase classname="tests.test_canonical_ray_integration" name="test_midpoint_change_invalidates_the_cached_interval" file="tests\test_canonical_ray_integration.py" line="99" time="0.067" /><testcase classname="tests.test_canonical_ray_integration" name="test_checkpoint_resume_inside_magnetic_field_preserves_physical_slopes" file="tests\test_canonical_ray_integration.py" line="124" time="0.072" /><testcase classname="tests.test_canonical_ray_integration" name="test_numba_and_numpy_agree_for_nonzero_source_field_and_energy_spread" file="tests\test_canonical_ray_integration.py" line="147" time="0.083" /><testcase classname="tests.test_ray_identity_display" name="test_source_identity_is_fixed_immutable_and_not_velocity_or_clipping" file="tests\test_ray_identity_display.py" line="32" time="0.001" /><testcase classname="tests.test_ray_identity_display" name="test_vacuum_boundary_preserves_each_source_colour" file="tests\test_ray_identity_display.py" line="51" time="0.024" /><testcase classname="tests.test_ray_identity_display" name="test_clipping_does_not_recentre_downstream_source_colours" file="tests\test_ray_identity_display.py" line="66" time="0.022" /><testcase classname="tests.test_ray_identity_display" name="test_detailed_exit_uses_all_groups_and_inherits_sparse_repeated_parent_ids" file="tests\test_ray_identity_display.py" line="74" time="0.021" /><testcase classname="tests.test_ray_identity_display" name="test_valid_empty_exit_never_resurrects_optical_reference" file="tests\test_ray_identity_display.py" line="92" time="0.019" /><testcase classname="tests.test_ray_identity_display" name="test_stale_exit_is_not_used_and_compact_unknown_lineage_stays_neutral" file="tests\test_ray_identity_display.py" line="101" time="0.021" /><testcase classname="tests.test_ray_identity_display" name="test_z_clipping_does_not_replace_fixed_display_sample" file="tests\test_ray_identity_display.py" line="114" time="0.126" /><testcase classname="tests.test_ray_identity_display" name="test_detached_full_width_exit_cannot_infer_identity_from_coincident_positions" file="tests\test_ray_identity_display.py" line="124" time="0.000" /><testcase classname="tests.test_ray_identity_display" name="test_incomplete_legacy_exit_falls_back_without_crashing" file="tests\test_ray_identity_display.py" line="132" time="0.000" /><testcase classname="tests.test_ray_identity_display" name="test_corrupt_duplicate_incident_ids_are_recovered_but_descendants_can_repeat" file="tests\test_ray_identity_display.py" line="140" time="0.000" /><testcase classname="tests.test_ray_display_cache" name="test_cached_lines_match_exact_blocking_and_scan_interpolation[False-0.0]" file="tests\test_ray_display_cache.py" line="43" time="0.497" /><testcase classname="tests.test_ray_display_cache" name="test_cached_lines_match_exact_blocking_and_scan_interpolation[False-37.25]" file="tests\test_ray_display_cache.py" line="43" time="0.589" /><testcase classname="tests.test_ray_display_cache" name="test_cached_lines_match_exact_blocking_and_scan_interpolation[False-90.0]" file="tests\test_ray_display_cache.py" line="43" time="0.476" /><testcase classname="tests.test_ray_display_cache" name="test_cached_lines_match_exact_blocking_and_scan_interpolation[False-180.0]" file="tests\test_ray_display_cache.py" line="43" time="0.491" /><testcase classname="tests.test_ray_display_cache" name="test_cached_lines_match_exact_blocking_and_scan_interpolation[False-279.9]" file="tests\test_ray_display_cache.py" line="43" time="0.647" /><testcase classname="tests.test_ray_display_cache" name="test_cached_lines_match_exact_blocking_and_scan_interpolation[False-360.0]" file="tests\test_ray_display_cache.py" line="43" time="0.519" /><testcase classname="tests.test_ray_display_cache" name="test_cached_lines_match_exact_blocking_and_scan_interpolation[True-0.0]" file="tests\test_ray_display_cache.py" line="43" time="0.538" /><testcase classname="tests.test_ray_display_cache" name="test_cached_lines_match_exact_blocking_and_scan_interpolation[True-37.25]" file="tests\test_ray_display_cache.py" line="43" time="0.715" /><testcase classname="tests.test_ray_display_cache" name="test_cached_lines_match_exact_blocking_and_scan_interpolation[True-90.0]" file="tests\test_ray_display_cache.py" line="43" time="0.559" /><testcase classname="tests.test_ray_display_cache" name="test_cached_lines_match_exact_blocking_and_scan_interpolation[True-180.0]" file="tests\test_ray_display_cache.py" line="43" time="0.574" /><testcase classname="tests.test_ray_display_cache" name="test_cached_lines_match_exact_blocking_and_scan_interpolation[True-279.9]" file="tests\test_ray_display_cache.py" line="43" time="0.590" /><testcase classname="tests.test_ray_display_cache" name="test_cached_lines_match_exact_blocking_and_scan_interpolation[True-360.0]" file="tests\test_ray_display_cache.py" line="43" time="0.833" /><testcase classname="tests.test_ray_display_cache" name="test_line_cache_is_bounded_and_zero_budget_still_draws" file="tests\test_ray_display_cache.py" line="64" time="0.623" /><testcase classname="tests.test_ray_display_cache" name="test_cache_does_not_retain_physical_histories_and_replacement_misses" file="tests\test_ray_display_cache.py" line="81" time="0.877" /><testcase classname="tests.test_ray_display_cache" name="test_cached_pan_slope_matches_visible_unblocked_samples[0.0]" file="tests\test_ray_display_cache.py" line="94" time="0.655" /><testcase classname="tests.test_ray_display_cache" name="test_cached_pan_slope_matches_visible_unblocked_samples[32.7]" file="tests\test_ray_display_cache.py" line="94" time="0.691" /><testcase classname="tests.test_ray_display_cache" name="test_cached_pan_slope_matches_visible_unblocked_samples[90.0]" file="tests\test_ray_display_cache.py" line="94" time="0.716" /><testcase classname="tests.test_ray_display_cache" name="test_cached_pan_slope_matches_visible_unblocked_samples[239.8]" file="tests\test_ray_display_cache.py" line="94" time="0.751" /><testcase classname="tests.test_ray_display_cache" name="test_rotation_keeps_graphics_ranges_and_detector_offset_current" file="tests\test_ray_display_cache.py" line="116" time="0.740" /><testcase classname="tests.test_ray_display_cache" name="test_republishing_result_invalidates_display_cache" file="tests\test_ray_display_cache.py" line="149" time="1.004" /><testcase classname="tests.test_ray_display_cache" name="test_projection_finalize_flushes_latest_pending_angle_once" file="tests\test_ray_display_cache.py" line="169" time="0.796" /><testcase classname="tests.test_elastic_transport" name="test_screened_rutherford_reference_values_and_declared_units" file="tests\test_elastic_transport.py" line="38" time="0.000" /><testcase classname="tests.test_elastic_transport" name="test_differential_cross_section_integrates_to_total_cross_section" file="tests\test_elastic_transport.py" line="54" time="0.003" /><testcase classname="tests.test_elastic_transport" name="test_inverse_angle_sampler_matches_analytical_cdf_and_is_reproducible" file="tests\test_elastic_transport.py" line="78" time="0.000" /><testcase classname="tests.test_elastic_transport" name="test_mixture_mean_free_path_uses_macroscopic_number_density_sum" file="tests\test_elastic_transport.py" line="95" time="0.001" /><testcase classname="tests.test_elastic_transport" name="test_scatter_rotation_preserves_norm_and_requested_polar_angle" file="tests\test_elastic_transport.py" line="120" time="0.001" /><testcase classname="tests.test_elastic_transport" name="test_incident_bundle_uses_only_survivors_and_preserves_phase_space" file="tests\test_elastic_transport.py" line="132" time="0.066" /><testcase classname="tests.test_elastic_transport" name="test_incident_bundle_interpolates_an_upstream_boundary_before_later_stop" file="tests\test_elastic_transport.py" line="167" time="0.066" /><testcase classname="tests.test_elastic_transport" name="test_finite_geometry_finds_sample_face_and_mesh_sidewall" file="tests\test_elastic_transport.py" line="196" time="0.074" /><testcase classname="tests.test_elastic_transport" name="test_finite_geometry_uses_the_circular_disk_sidewall" file="tests\test_elastic_transport.py" line="230" time="0.069" /><testcase classname="tests.test_elastic_transport" name="test_tilted_incident_ray_is_back_projected_from_the_reference_plane" file="tests\test_elastic_transport.py" line="248" time="0.138" /><testcase classname="tests.test_elastic_transport" name="test_point_transport_is_seeded_and_aggregates_real_material_paths" file="tests\test_elastic_transport.py" line="275" time="0.342" /><testcase classname="tests.test_elastic_transport" name="test_point_transport_progress_reports_completed_histories" file="tests\test_elastic_transport.py" line="324" time="0.146" /><testcase classname="tests.test_elastic_transport" name="test_retracted_holder_removes_sample_and_support_from_transport" file="tests\test_elastic_transport.py" line="342" time="0.133" /><testcase classname="tests.test_elastic_transport" name="test_heavy_support_sets_accuracy_warning_and_event_guard" file="tests\test_elastic_transport.py" line="355" time="0.194" /><testcase classname="tests.test_elastic_transport" name="test_elemental_mean_free_path_decreases_from_si_to_au_at_200_kev" file="tests\test_elastic_transport.py" line="372" time="0.001" /><testcase classname="tests.test_real_inelastic" name="test_si_inelastic_budget_uses_measured_anchor_and_poisson_statistics" file="tests\test_real_inelastic.py" line="20" time="0.067" /><testcase classname="tests.test_real_inelastic" name="test_voltage_scaling_and_beb_cross_section_are_physical" file="tests\test_real_inelastic.py" line="49" time="0.070" /><testcase classname="tests.test_real_inelastic" name="test_effective_absorption_is_independent_and_probability_conserving" file="tests\test_real_inelastic.py" line="64" time="0.067" /><testcase classname="tests.test_real_inelastic" name="test_material_presets_keep_inelastic_provenance_out_of_python_constants" file="tests\test_real_inelastic.py" line="82" time="0.001" /><testcase classname="tests.test_real_inelastic" name="test_retired_virtual_vacuum_is_rejected" file="tests\test_real_inelastic.py" line="93" time="0.064" /><testcase classname="tests.test_real_inelastic" name="test_retracted_reference_ignores_dormant_inelastic_controls" file="tests\test_real_inelastic.py" line="105" time="0.066" /><testcase classname="tests.test_real_inelastic" name="test_custom_cif_never_silently_borrows_selected_preset_inelastic_data" file="tests\test_real_inelastic.py" line="115" time="0.065" /><testcase classname="tests.test_real_inelastic" name="test_custom_cif_accepts_one_complete_explicit_channel_pair" file="tests\test_real_inelastic.py" line="129" time="0.066" /><testcase classname="tests.test_real_inelastic" name="test_selected_plane_budget_uses_all_weighted_rays_and_conserves_source" file="tests\test_real_inelastic.py" line="170" time="0.000" /><testcase classname="tests.test_real_inelastic" name="test_energy_filter_preserves_absolute_weight_and_absorbed_remainder" file="tests\test_real_inelastic.py" line="204" time="0.000" /><testcase classname="tests.test_specimen_interaction_engine" name="test_elastic_transport_reexports_the_canonical_incident_contract" file="tests\test_specimen_interaction_engine.py" line="23" time="0.000" /><testcase classname="tests.test_specimen_interaction_engine" name="test_incident_bundle_validates_counts_units_and_energy_order" file="tests\test_specimen_interaction_engine.py" line="27" time="0.000" /><testcase classname="tests.test_specimen_interaction_engine" name="test_conservation_check_reports_a_physical_residual" file="tests\test_specimen_interaction_engine.py" line="61" time="0.000" /><testcase classname="tests.test_specimen_interaction_engine" name="test_engine_attaches_existing_inelastic_budget_without_recalculation" file="tests\test_specimen_interaction_engine.py" line="88" time="0.000" /><testcase classname="tests.test_specimen_interaction_engine" name="test_engine_real_inelastic_distribution_conserves_probability_and_energy" file="tests\test_specimen_interaction_engine.py" line="127" time="0.301" /><testcase classname="tests.test_specimen_interaction_engine" name="test_engine_runs_explicit_eds_and_exposes_elastic_conservation" file="tests\test_specimen_interaction_engine.py" line="148" time="0.001" /><testcase classname="tests.test_specimen_interaction_engine" name="test_engine_can_run_elastic_transport_without_requesting_eds" file="tests\test_specimen_interaction_engine.py" line="333" time="0.000" /><testcase classname="tests.test_specimen_interaction_engine" name="test_engine_does_not_run_unrequested_wave" file="tests\test_specimen_interaction_engine.py" line="388" time="0.000" /><testcase classname="tests.test_specimen_interaction_engine" name="test_engine_enriches_and_reuses_one_shared_specimen_result" file="tests\test_specimen_interaction_engine.py" line="407" time="0.000" /><testcase classname="tests.test_specimen_interaction_engine" name="test_same_scene_does_not_reuse_wave_after_column_state_changes" file="tests\test_specimen_interaction_engine.py" line="485" time="0.534" /><testcase classname="tests.test_specimen_interaction_engine" name="test_changed_point_request_recalculates_only_point_observables" file="tests\test_specimen_interaction_engine.py" line="518" time="0.000" /><testcase classname="tests.test_specimen_interaction_engine" name="test_result_rejects_two_additive_electron_population_owners" file="tests\test_specimen_interaction_engine.py" line="565" time="0.000" /><testcase classname="tests.test_eds_signal" name="test_bote_salvat_table_covers_k_l_m_for_z_1_to_99" file="tests\test_eds_signal.py" line="62" time="0.000" /><testcase classname="tests.test_eds_signal" name="test_eds_material_follows_the_mode_owned_structure_source" file="tests\test_eds_signal.py" line="82" time="0.066" /><testcase classname="tests.test_eds_signal" name="test_straight_eds_path_respects_circular_sample_edge" file="tests\test_eds_signal.py" line="106" time="0.074" /><testcase classname="tests.test_eds_signal" name="test_bote_salvat_threshold_units_and_reference_values" file="tests\test_eds_signal.py" line="119" time="0.000" /><testcase classname="tests.test_eds_signal" name="test_characteristic_si_counts_conserve_line_histogram" file="tests\test_eds_signal.py" line="136" time="0.200" /><testcase classname="tests.test_eds_signal" name="test_shell_cross_sections_are_evaluated_once_then_reused" file="tests\test_eds_signal.py" line="189" time="0.001" /><testcase classname="tests.test_eds_signal" name="test_counts_scale_with_track_weight_efficiency_and_solid_angle" file="tests\test_eds_signal.py" line="230" time="0.002" /><testcase classname="tests.test_eds_signal" name="test_caller_supplied_elastically_scattered_track_retains_provenance" file="tests\test_eds_signal.py" line="277" time="0.003" /><testcase classname="tests.test_eds_signal" name="test_support_grid_adds_copper_only_when_track_intersects_material" file="tests\test_eds_signal.py" line="303" time="0.074" /><testcase classname="tests.test_eds_signal" name="test_point_spectrum_uses_generic_name_and_reproducible_poisson" file="tests\test_eds_signal.py" line="322" time="0.358" /><testcase classname="tests.test_eds_signal" name="test_point_spectrum_retains_explicit_straight_transport_reference" file="tests\test_eds_signal.py" line="353" time="0.093" /><testcase classname="tests.test_eds_signal" name="test_mixture_number_density_uses_mass_fraction_not_atomic_fraction" file="tests\test_eds_signal.py" line="371" time="0.000" /><testcase classname="tests.test_eds_signal" name="test_runtime_rejects_unknown_support_and_nonphysical_detector_values" file="tests\test_eds_signal.py" line="388" time="0.063" /><testcase classname="tests.test_tem_result_sources" name="test_switching_reuses_main_and_bank_products_without_editing_parameters" file="tests\test_tem_result_sources.py" line="48" time="0.382" /><testcase classname="tests.test_tem_result_sources" name="test_new_main_result_is_retained_without_overwriting_selected_bank" file="tests\test_tem_result_sources.py" line="67" time="0.407" /><testcase classname="tests.test_tem_result_sources" name="test_pending_bank_and_stale_current_are_independent" file="tests\test_tem_result_sources.py" line="78" time="0.420" /><testcase classname="tests.test_tem_result_sources" name="test_missing_bank_product_clears_bank_only" file="tests\test_tem_result_sources.py" line="98" time="0.399" /><testcase classname="tests.test_tem_result_sources" name="test_raw_export_uses_displayed_bank_and_disables_when_missing" file="tests\test_tem_result_sources.py" line="113" time="0.413" /><testcase classname="tests.test_tem_result_sources" name="test_returning_to_source_preserves_its_user_plot_ranges" file="tests\test_tem_result_sources.py" line="131" time="20.942" /><testcase classname="tests.test_stem_result_sources" name="test_selector_presents_bank_without_changing_current_state_or_signals" file="tests\test_stem_result_sources.py" line="57" time="0.150" /><testcase classname="tests.test_stem_result_sources" name="test_new_main_frame_and_playback_do_not_replace_bank_images" file="tests\test_stem_result_sources.py" line="80" time="0.157" /><testcase classname="tests.test_stem_result_sources" name="test_pending_error_retains_previous_bank_but_missing_product_clears_only_bank" file="tests\test_stem_result_sources.py" line="104" time="0.155" /><testcase classname="tests.test_stem_result_sources" name="test_bank_uses_own_scan_coordinates_and_geometry_without_changing_zoom" file="tests\test_stem_result_sources.py" line="122" time="0.225" /><testcase classname="tests.test_stem_result_sources" name="test_bank_sampling_diagnostics_never_apply_to_current_settings" file="tests\test_stem_result_sources.py" line="147" time="0.157" /><testcase classname="tests.test_stem_result_sources" name="test_current_clear_or_state_change_does_not_clear_bank_or_publish_bank_to_fourdstem" file="tests\test_stem_result_sources.py" line="175" time="0.218" /><testcase classname="tests.test_stem_result_sources" name="test_stale_current_frame_status_restored_after_bank_selection" file="tests\test_stem_result_sources.py" line="193" time="0.149" /><testcase classname="tests.test_stem_result_sources" name="test_invalid_bank_frame_retains_previous_and_never_overwrites_main" file="tests\test_stem_result_sources.py" line="207" time="0.149" /><testcase classname="tests.test_stem_result_sources" name="test_switching_cached_sources_does_not_reload_cif_files" file="tests\test_stem_result_sources.py" line="220" time="0.218" /><testcase classname="tests.test_shared_image_sources" name="test_one_detector_table_and_two_shared_viewers" file="tests\test_shared_image_sources.py" line="40" time="2.565" /><testcase classname="tests.test_shared_image_sources" name="test_bank_signals_reach_viewers_without_mutation_or_calculation" file="tests\test_shared_image_sources.py" line="55" time="1.611" /><testcase classname="tests.test_shared_image_sources" name="test_old_cached_subtab_layout_is_ignored_without_losing_other_tabs" file="tests\test_shared_image_sources.py" line="82" time="1.691" /><testcase classname="tests.test_profile_optional_values" name="test_profile_preserves_aberration_mode_through_gui_assembly_reload[None-None]" file="tests\test_profile_optional_values.py" line="28" time="0.402" /><testcase classname="tests.test_profile_optional_values" name="test_profile_preserves_aberration_mode_through_gui_assembly_reload[0.85-1.25]" file="tests\test_profile_optional_values.py" line="28" time="0.379" /><testcase classname="tests.test_profile_optional_values" name="test_profile_preserves_aberration_mode_through_gui_assembly_reload[None-1.25]" file="tests\test_profile_optional_values.py" line="28" time="0.371" /><testcase classname="tests.test_profile_optional_values" name="test_profile_preserves_aberration_mode_through_gui_assembly_reload[0.85-None]" file="tests\test_profile_optional_values.py" line="28" time="0.370" /><testcase classname="tests.test_profile_optional_values" name="test_profile_restores_estimates_on_all_runtime_lens_types" file="tests\test_profile_optional_values.py" line="57" time="0.376" /><testcase classname="tests.test_profile_optional_values" name="test_legacy_profile_keeps_omitted_coefficients_and_explicit_numbers[1]" file="tests\test_profile_optional_values.py" line="75" time="0.363" /><testcase classname="tests.test_profile_optional_values" name="test_legacy_profile_keeps_omitted_coefficients_and_explicit_numbers[2]" file="tests\test_profile_optional_values.py" line="75" time="0.579" /><testcase classname="tests.test_profile_optional_values" name="test_legacy_profile_keeps_omitted_coefficients_and_explicit_numbers[3]" file="tests\test_profile_optional_values.py" line="75" time="0.376" /><testcase classname="tests.test_profile_optional_values" name="test_legacy_profile_keeps_omitted_coefficients_and_explicit_numbers[4]" file="tests\test_profile_optional_values.py" line="75" time="0.370" /><testcase classname="tests.test_profile_optional_values" name="test_profile_rejects_malformed_or_conflicting_none_values[none_values0-devices0-none_values must be a table]" file="tests\test_profile_optional_values.py" line="102" time="0.003" /><testcase classname="tests.test_profile_optional_values" name="test_profile_rejects_malformed_or_conflicting_none_values[none_values1-devices1-array of names]" file="tests\test_profile_optional_values.py" line="102" time="0.003" /><testcase classname="tests.test_profile_optional_values" name="test_profile_rejects_malformed_or_conflicting_none_values[none_values2-devices2-array of names]" file="tests\test_profile_optional_values.py" line="102" time="0.002" /><testcase classname="tests.test_profile_optional_values" name="test_profile_rejects_malformed_or_conflicting_none_values[none_values3-devices3-duplicate names]" file="tests\test_profile_optional_values.py" line="102" time="0.002" /><testcase classname="tests.test_profile_optional_values" name="test_profile_rejects_malformed_or_conflicting_none_values[none_values4-devices4-conflicting none values]" file="tests\test_profile_optional_values.py" line="102" time="0.002" /><testcase classname="tests.test_profile_optional_values" name="test_optional_assignments_are_validated_before_any_state_changes[invalid0]" file="tests\test_profile_optional_values.py" line="134" time="0.070" /><testcase classname="tests.test_profile_optional_values" name="test_optional_assignments_are_validated_before_any_state_changes[invalid1]" file="tests\test_profile_optional_values.py" line="134" time="0.069" /><testcase classname="tests.test_profile_optional_values" name="test_optional_assignments_are_validated_before_any_state_changes[invalid2]" file="tests\test_profile_optional_values.py" line="134" time="0.070" /><testcase classname="tests.test_profile_optional_values" name="test_optional_assignments_are_validated_before_any_state_changes[invalid3]" file="tests\test_profile_optional_values.py" line="134" time="0.071" /><testcase classname="tests.test_profile_optional_values" name="test_optional_assignments_are_validated_before_any_state_changes[invalid4]" file="tests\test_profile_optional_values.py" line="134" time="0.069" /><testcase classname="tests.test_profile_optional_values" name="test_optional_assignments_are_validated_before_any_state_changes[invalid5]" file="tests\test_profile_optional_values.py" line="134" time="0.069" /><testcase classname="tests.test_profile_optional_values" name="test_optional_assignments_are_validated_before_any_state_changes[invalid6]" file="tests\test_profile_optional_values.py" line="134" time="0.071" /><testcase classname="tests.test_profile_optional_values" name="test_optional_assignments_are_validated_before_any_state_changes[invalid7]" file="tests\test_profile_optional_values.py" line="134" time="0.069" /><testcase classname="tests.test_profile_optional_values" name="test_explicit_none_clears_a_numeric_optional_field_without_replacing_sample" file="tests\test_profile_optional_values.py" line="164" time="0.065" /><testcase classname="tests.test_reference_sample_profile" name="test_profile_rejects_invalid_element_rms_without_applying_other_fields[nan-2]" file="tests\test_reference_sample_profile.py" line="34" time="0.141" /><testcase classname="tests.test_reference_sample_profile" name="test_profile_rejects_invalid_element_rms_without_applying_other_fields[nan-9]" file="tests\test_reference_sample_profile.py" line="34" time="0.140" /><testcase classname="tests.test_reference_sample_profile" name="test_profile_rejects_invalid_element_rms_without_applying_other_fields[inf-2]" file="tests\test_reference_sample_profile.py" line="34" time="0.139" /><testcase classname="tests.test_reference_sample_profile" name="test_profile_rejects_invalid_element_rms_without_applying_other_fields[inf-9]" file="tests\test_reference_sample_profile.py" line="34" time="0.141" /><testcase classname="tests.test_reference_sample_profile" name="test_profile_rejects_invalid_element_rms_without_applying_other_fields[-inf-2]" file="tests\test_reference_sample_profile.py" line="34" time="0.143" /><testcase classname="tests.test_reference_sample_profile" name="test_profile_rejects_invalid_element_rms_without_applying_other_fields[-inf-9]" file="tests\test_reference_sample_profile.py" line="34" time="0.140" /><testcase classname="tests.test_reference_sample_profile" name="test_profile_rejects_invalid_element_rms_without_applying_other_fields[0.0-2]" file="tests\test_reference_sample_profile.py" line="34" time="0.142" /><testcase classname="tests.test_reference_sample_profile" name="test_profile_rejects_invalid_element_rms_without_applying_other_fields[0.0-9]" file="tests\test_reference_sample_profile.py" line="34" time="0.143" /><testcase classname="tests.test_reference_sample_profile" name="test_profile_rejects_invalid_element_rms_without_applying_other_fields[-0.01-2]" file="tests\test_reference_sample_profile.py" line="34" time="0.140" /><testcase classname="tests.test_reference_sample_profile" name="test_profile_rejects_invalid_element_rms_without_applying_other_fields[-0.01-9]" file="tests\test_reference_sample_profile.py" line="34" time="0.140" /><testcase classname="tests.test_reference_sample_profile" name="test_legacy_preset_profile_has_one_reference_basis_and_manual_tail[si_110-1]" file="tests\test_reference_sample_profile.py" line="48" time="0.308" /><testcase classname="tests.test_reference_sample_profile" name="test_legacy_preset_profile_has_one_reference_basis_and_manual_tail[si_110-2]" file="tests\test_reference_sample_profile.py" line="48" time="0.317" /><testcase classname="tests.test_reference_sample_profile" name="test_legacy_preset_profile_has_one_reference_basis_and_manual_tail[si_110-3]" file="tests\test_reference_sample_profile.py" line="48" time="0.307" /><testcase classname="tests.test_reference_sample_profile" name="test_legacy_preset_profile_has_one_reference_basis_and_manual_tail[si_110-4]" file="tests\test_reference_sample_profile.py" line="48" time="0.312" /><testcase classname="tests.test_reference_sample_profile" name="test_legacy_preset_profile_has_one_reference_basis_and_manual_tail[au_001-1]" file="tests\test_reference_sample_profile.py" line="48" time="0.303" /><testcase classname="tests.test_reference_sample_profile" name="test_legacy_preset_profile_has_one_reference_basis_and_manual_tail[au_001-2]" file="tests\test_reference_sample_profile.py" line="48" time="0.297" /><testcase classname="tests.test_reference_sample_profile" name="test_legacy_preset_profile_has_one_reference_basis_and_manual_tail[au_001-3]" file="tests\test_reference_sample_profile.py" line="48" time="0.299" /><testcase classname="tests.test_reference_sample_profile" name="test_legacy_preset_profile_has_one_reference_basis_and_manual_tail[au_001-4]" file="tests\test_reference_sample_profile.py" line="48" time="0.296" /><testcase classname="tests.test_reference_sample_profile" name="test_legacy_missing_relative_orientation_does_not_reuse_new_reference_default" file="tests\test_reference_sample_profile.py" line="93" time="0.159" /><testcase classname="tests.test_reference_sample_profile" name="test_old_atomic_preset_source_is_converted_after_sample_model_rotation" file="tests\test_reference_sample_profile.py" line="102" time="0.150" /><testcase classname="tests.test_reference_sample_profile" name="test_external_cif_keeps_path_and_absolute_orientation[1]" file="tests\test_reference_sample_profile.py" line="116" time="0.136" /><testcase classname="tests.test_reference_sample_profile" name="test_external_cif_keeps_path_and_absolute_orientation[4]" file="tests\test_reference_sample_profile.py" line="116" time="0.136" /><testcase classname="tests.test_reference_sample_profile" name="test_external_cif_keeps_path_and_absolute_orientation[5]" file="tests\test_reference_sample_profile.py" line="116" time="0.137" /><testcase classname="tests.test_reference_sample_profile" name="test_unavailable_legacy_reference_does_not_partially_apply_profile" file="tests\test_reference_sample_profile.py" line="131" time="0.140" /><testcase classname="tests.test_reference_sample_profile" name="test_sample_runtime_hides_retired_controls_and_source_workflow" file="tests\test_reference_sample_profile.py" line="143" time="0.065" /><testcase classname="tests.test_reference_sample_profile" name="test_runtime_source_enums_reject_invalid_values[specimen_mode-reference-virtual]" file="tests\test_reference_sample_profile.py" line="153" time="0.064" /><testcase classname="tests.test_reference_sample_profile" name="test_runtime_source_enums_reject_invalid_values[real_tail_material_source-structure-preset]" file="tests\test_reference_sample_profile.py" line="153" time="0.066" /><testcase classname="tests.test_reference_sample_profile" name="test_runtime_source_enums_reject_invalid_values[real_tail_screening_source-moliere-auto]" file="tests\test_reference_sample_profile.py" line="153" time="0.069" /><testcase classname="tests.test_reference_sample_profile" name="test_format_five_explicit_virtual_mode_is_rejected" file="tests\test_reference_sample_profile.py" line="165" time="0.151" /><testcase classname="tests.test_reference_sample_profile" name="test_format_four_none_coefficients_survive_reference_migration" file="tests\test_reference_sample_profile.py" line="174" time="0.153" /><testcase classname="tests.test_reference_sample_profile" name="test_new_profile_preserves_tail_source_choices_and_manual_overrides[structure-moliere]" file="tests\test_reference_sample_profile.py" line="186" time="0.227" /><testcase classname="tests.test_reference_sample_profile" name="test_new_profile_preserves_tail_source_choices_and_manual_overrides[manual-manual]" file="tests\test_reference_sample_profile.py" line="186" time="0.225" /><testcase classname="tests.test_reference_sample_profile" name="test_old_imported_cif_without_rotation_has_legacy_identity[fields0-1]" file="tests\test_reference_sample_profile.py" line="205" time="0.147" /><testcase classname="tests.test_reference_sample_profile" name="test_old_imported_cif_without_rotation_has_legacy_identity[fields0-4]" file="tests\test_reference_sample_profile.py" line="205" time="0.148" /><testcase classname="tests.test_reference_sample_profile" name="test_old_imported_cif_without_rotation_has_legacy_identity[fields1-1]" file="tests\test_reference_sample_profile.py" line="205" time="0.145" /><testcase classname="tests.test_reference_sample_profile" name="test_old_imported_cif_without_rotation_has_legacy_identity[fields1-4]" file="tests\test_reference_sample_profile.py" line="205" time="0.145" /><testcase classname="tests.test_reference_sample_profile" name="test_old_imported_cif_without_rotation_has_legacy_identity[fields2-1]" file="tests\test_reference_sample_profile.py" line="205" time="0.143" /><testcase classname="tests.test_reference_sample_profile" name="test_old_imported_cif_without_rotation_has_legacy_identity[fields2-4]" file="tests\test_reference_sample_profile.py" line="205" time="0.140" /><testcase classname="tests.test_reference_sample_profile" name="test_partial_legacy_profile_without_source_or_rotation_retains_current_orientation[values0]" file="tests\test_reference_sample_profile.py" line="220" time="0.068" /><testcase classname="tests.test_reference_sample_profile" name="test_partial_legacy_profile_without_source_or_rotation_retains_current_orientation[values1]" file="tests\test_reference_sample_profile.py" line="220" time="0.071" /></testsuite></testsuites>