<?xml version="1.0" encoding="utf-8"?><testsuites name="pytest tests"><testsuite name="pytest" errors="0" failures="0" skipped="0" tests="8" time="3.111" timestamp="2026-09-13T18:11:52.988322+01:00" hostname="Royal_Gray"><testcase classname="tests.test_frozen_physics_run" name="test_snapshot_retains_exact_inputs_without_following_later_edits" file="tests\test_frozen_physics_run.py" line="19" time="0.027" /><testcase classname="tests.test_frozen_physics_run" name="test_cannot_snapshot_inside_inputs_or_overwrite_source" file="tests\test_frozen_physics_run.py" line="31" time="0.008" /><testcase classname="tests.test_frozen_physics_run" name="test_empty_checkout_is_not_a_frozen_solver" file="tests\test_frozen_physics_run.py" line="38" time="0.003" /><testcase classname="tests.test_frozen_physics_run" name="test_comparisons_reuse_exact_frozen_paths_but_reject_changed_inputs" file="tests\test_frozen_physics_run.py" line="43" time="0.027" /><testcase classname="tests.test_frozen_physics_run" name="test_frozen_comparison_rejects_a_relocated_manifest" file="tests\test_frozen_physics_run.py" line="58" time="0.012" /><testcase classname="tests.test_occupied_tree_certificate" name="test_certificate_bounds_every_tested_complex_input_without_changing_transport" file="tests\test_occupied_tree_certificate.py" line="28" time="0.360" /><testcase classname="tests.test_occupied_tree_certificate" name="test_changed_source_that_fails_certificate_reexecutes_recorded_partition" file="tests\test_occupied_tree_certificate.py" line="44" time="2.030" /><testcase classname="tests.test_occupied_tree_certificate" name="test_compression_rejects_an_unverified_leaf" file="tests\test_occupied_tree_certificate.py" line="59" time="0.284" /></testsuite></testsuites>