<?xml version="1.0" encoding="utf-8"?><testsuites name="pytest tests"><testsuite name="pytest" errors="0" failures="0" skipped="0" tests="108" time="38.463" timestamp="2026-09-13T15:01:11.985505+01:00" hostname="Royal_Gray"><testcase classname="tests.test_slab_growth_scaling" name="test_growth_bound_controls_transfer_and_keeps_noncommuting_phase" file="tests\test_slab_growth_scaling.py" line="12" time="0.005" /><testcase classname="tests.test_slab_growth_scaling" name="test_large_pure_connection_preserves_absolute_complex_phase" file="tests\test_slab_growth_scaling.py" line="35" time="0.003" /><testcase classname="tests.test_slab_growth_scaling" name="test_captured_quartic_gun_slab_preserves_all_channels" file="tests\test_slab_growth_scaling.py" line="47" time="0.101"><properties><property name="constant_slab_complex_matrix_error" value="3.5345784375345283e-10" /><property name="default_maximum_unitarity_residual" value="1.2136888591187384e-10" /><property name="refined_maximum_unitarity_residual" value="7.222065608001505e-10" /></properties></testcase><testcase classname="tests.test_slab_growth_scaling" name="test_invalid_seed_growth_bound_rejected[0]" file="tests\test_slab_growth_scaling.py" line="73" time="0.001" /><testcase classname="tests.test_slab_growth_scaling" name="test_invalid_seed_growth_bound_rejected[-0.1]" file="tests\test_slab_growth_scaling.py" line="73" time="0.000" /><testcase classname="tests.test_slab_growth_scaling" name="test_invalid_seed_growth_bound_rejected[1.0]" file="tests\test_slab_growth_scaling.py" line="73" time="0.000" /><testcase classname="tests.test_slab_growth_scaling" name="test_invalid_seed_growth_bound_rejected[inf]" file="tests\test_slab_growth_scaling.py" line="73" time="0.000" /><testcase classname="tests.test_slab_growth_scaling" name="test_invalid_seed_growth_bound_rejected[nan]" file="tests\test_slab_growth_scaling.py" line="73" time="0.000" /><testcase classname="tests.test_slab_growth_scaling" name="test_invalid_seed_growth_bound_rejected[True]" file="tests\test_slab_growth_scaling.py" line="73" time="0.001" /><testcase classname="tests.test_slab_growth_scaling" name="test_strict_unitarity_rejection_not_replaced_with_renormalization" file="tests\test_slab_growth_scaling.py" line="79" time="0.000" /><testcase classname="tests.test_quartic_radial_phase" name="test_streamed_envelope_matches_independent_polynomials_without_dropping_coefficients" file="tests\test_quartic_radial_phase.py" line="11" time="0.034" /><testcase classname="tests.test_quartic_radial_phase" name="test_kinetic_connection_and_outside_closure_match_real_space_derivatives" file="tests\test_quartic_radial_phase.py" line="22" time="0.002" /><testcase classname="tests.test_quartic_radial_phase" name="test_zero_quartic_reduces_to_existing_quadratic_operators" file="tests\test_quartic_radial_phase.py" line="43" time="0.001" /><testcase classname="tests.test_quartic_radial_phase" name="test_quartic_moments_keep_existing_phase_and_match_gradient_least_squares" file="tests\test_quartic_radial_phase.py" line="54" time="0.002" /><testcase classname="tests.test_quartic_radial_phase" name="test_quartic_chart_derivative_includes_transition_and_is_bound_to_identity" file="tests\test_quartic_radial_phase.py" line="76" time="0.003" /><testcase classname="tests.test_quartic_radial_phase" name="test_nonparaxial_free_wave_keeps_phase_through_changing_quartic_coordinates" file="tests\test_quartic_radial_phase.py" line="88" time="11.778" /><testcase classname="tests.test_quartic_radial_phase" name="test_export_and_downstream_radial_replay_retain_quartic_phase" file="tests\test_quartic_radial_phase.py" line="100" time="0.013" /><testcase classname="tests.test_quartic_radial_phase" name="test_comparison_cannot_ignore_quartic_phase_when_density_is_identical" file="tests\test_quartic_radial_phase.py" line="117" time="0.004" /><testcase classname="tests.test_quartic_radial_phase" name="test_initial_radial_sampling_refines_executed_field_without_dropping_phase" file="tests\test_quartic_radial_phase.py" line="130" time="0.001" /><testcase classname="tests.test_quartic_radial_phase" name="test_quartic_metadata_cannot_be_discarded_or_extrapolated" file="tests\test_quartic_radial_phase.py" line="145" time="0.002" /><testcase classname="tests.test_wave_following_chart" name="test_gaussian_and_pure_radial_modes_have_exact_moments_even_with_large_chirp" file="tests\test_wave_following_chart.py" line="9" time="0.001" /><testcase classname="tests.test_wave_following_chart" name="test_moments_match_independent_real_space_complex_field_and_gradient" file="tests\test_wave_following_chart.py" line="19" time="0.017" /><testcase classname="tests.test_wave_following_chart" name="test_executed_chart_derivatives_and_unchanged_tip_matching_coordinates" file="tests\test_wave_following_chart.py" line="42" time="0.003" /><testcase classname="tests.test_wave_following_chart" name="test_all_executed_state_and_normal_derivative_affect_chart_provenance" file="tests\test_wave_following_chart.py" line="60" time="0.004" /><testcase classname="tests.test_wave_following_chart" name="test_tabulated_chart_preserves_independent_nonparaxial_free_wave_phase" file="tests\test_wave_following_chart.py" line="74" time="1.585" /><testcase classname="tests.test_wave_following_chart" name="test_missing_or_invalid_field_cannot_supply_a_chart[a0]" file="tests\test_wave_following_chart.py" line="88" time="0.001" /><testcase classname="tests.test_wave_following_chart" name="test_missing_or_invalid_field_cannot_supply_a_chart[a1]" file="tests\test_wave_following_chart.py" line="88" time="0.000" /><testcase classname="tests.test_wave_following_chart" name="test_missing_or_invalid_field_cannot_supply_a_chart[a2]" file="tests\test_wave_following_chart.py" line="88" time="0.001" /><testcase classname="tests.test_wave_following_chart" name="test_invalid_numerical_controls_rejected[settings0]" file="tests\test_wave_following_chart.py" line="94" time="0.000" /><testcase classname="tests.test_wave_following_chart" name="test_invalid_numerical_controls_rejected[settings1]" file="tests\test_wave_following_chart.py" line="94" time="0.000" /><testcase classname="tests.test_wave_following_chart" name="test_invalid_numerical_controls_rejected[settings2]" file="tests\test_wave_following_chart.py" line="94" time="0.000" /><testcase classname="tests.test_wave_following_chart" name="test_invalid_numerical_controls_rejected[settings3]" file="tests\test_wave_following_chart.py" line="94" time="0.000" /><testcase classname="tests.test_radial_coordinates" name="test_blended_chart_derivatives_include_the_transition_rate" file="tests\test_radial_coordinates.py" line="9" time="0.001" /><testcase classname="tests.test_radial_coordinates" name="test_smooth_chart_change_converges_to_independent_nonparaxial_wave" file="tests\test_radial_coordinates.py" line="21" time="10.402" /><testcase classname="tests.test_radial_coordinates" name="test_invalid_chart_is_rejected[values0]" file="tests\test_radial_coordinates.py" line="35" time="0.000" /><testcase classname="tests.test_radial_coordinates" name="test_invalid_chart_is_rejected[values1]" file="tests\test_radial_coordinates.py" line="35" time="0.001" /><testcase classname="tests.test_radial_coordinates" name="test_invalid_chart_is_rejected[values2]" file="tests\test_radial_coordinates.py" line="35" time="0.001" /><testcase classname="tests.test_radial_coordinates" name="test_invalid_chart_is_rejected[values3]" file="tests\test_radial_coordinates.py" line="35" time="0.001" /><testcase classname="tests.test_radial_coordinates" name="test_invalid_chart_is_rejected[values4]" file="tests\test_radial_coordinates.py" line="35" time="0.000" /><testcase classname="tests.test_radial_column_wave" name="test_complex_free_gaussian_has_absolute_phase_and_conserved_current[0.2]" file="tests\test_radial_column_wave.py" line="15" time="0.013" /><testcase classname="tests.test_radial_column_wave" name="test_complex_free_gaussian_has_absolute_phase_and_conserved_current[-0.2]" file="tests\test_radial_column_wave.py" line="15" time="0.009" /><testcase classname="tests.test_radial_column_wave" name="test_complex_free_gaussian_has_absolute_phase_and_conserved_current[2.0]" file="tests\test_radial_column_wave.py" line="15" time="0.008" /><testcase classname="tests.test_radial_column_wave" name="test_spherical_phase_is_kept_not_fitted_into_quadratic_curvature" file="tests\test_radial_column_wave.py" line="31" time="0.006" /><testcase classname="tests.test_radial_column_wave" name="test_log_grid_refinement_preserves_complex_wave_not_just_current" file="tests\test_radial_column_wave.py" line="39" time="0.004" /><testcase classname="tests.test_radial_column_wave" name="test_refinement_replays_hard_stops_from_executed_field_and_replaces_loss_ledger" file="tests\test_radial_column_wave.py" line="48" time="0.001" /><testcase classname="tests.test_radial_column_wave" name="test_replay_cannot_silently_exceed_its_declared_budget" file="tests\test_radial_column_wave.py" line="75" time="0.001" /><testcase classname="tests.test_radial_column_wave" name="test_quartic_field_hankel_transform_against_direct_bessel_integral" file="tests\test_radial_column_wave.py" line="86" time="0.217" /><testcase classname="tests.test_basis_support" name="test_equivalent_gaussian_coordinates_are_representable" file="tests\test_basis_support.py" line="8" time="0.142" /><testcase classname="tests.test_basis_support" name="test_excluded_orthogonal_mode_is_not_called_physical_absorption" file="tests\test_basis_support.py" line="14" time="0.021" /><testcase classname="tests.test_magnus_scattering" name="test_cf4_complex_field_converges_against_independent_covariant_ode" file="tests\test_magnus_scattering.py" line="29" time="0.089" /><testcase classname="tests.test_magnus_scattering" name="test_cf4_action_nodes_and_jump_match_airy_ramp" file="tests\test_magnus_scattering.py" line="55" time="0.079" /><testcase classname="tests.test_magnus_scattering" name="test_cf4_honours_cancellation_and_explicit_numerical_selection" file="tests\test_magnus_scattering.py" line="91" time="0.000" /><testcase classname="tests.test_liouville_wave" name="test_action_coordinate_retains_reflection_and_derivative_knots" file="tests\test_liouville_wave.py" line="44" time="0.576" /><testcase classname="tests.test_liouville_wave" name="test_derivative_jump_is_lossless_and_not_transparent" file="tests\test_liouville_wave.py" line="50" time="0.001" /><testcase classname="tests.test_scattering_load" name="test_reflected_load_matches_scalar_step_and_preserves_total_trace" file="tests\test_scattering_load.py" line="8" time="0.001" /><testcase classname="tests.test_scattering_load" name="test_unitary_connection_changes_complex_field_and_preserves_flux" file="tests\test_scattering_load.py" line="21" time="0.001" /><testcase classname="tests.test_scattering_load" name="test_radial_kinetic_and_dilation_have_required_symmetries" file="tests\test_scattering_load.py" line="31" time="0.001" /><testcase classname="tests.test_scattering_load" name="test_small_transverse_phase_survives_large_axial_carrier" file="tests\test_scattering_load.py" line="43" time="0.001" /><testcase classname="tests.test_scattering_load" name="test_carrier_split_equals_unsplit_slab_in_resolved_domain[-5.0]" file="tests\test_scattering_load.py" line="54" time="0.001" /><testcase classname="tests.test_scattering_load" name="test_carrier_split_equals_unsplit_slab_in_resolved_domain[-4.0]" file="tests\test_scattering_load.py" line="54" time="0.001" /><testcase classname="tests.test_scattering_load" name="test_carrier_split_equals_unsplit_slab_in_resolved_domain[-3.0]" file="tests\test_scattering_load.py" line="54" time="0.001" /><testcase classname="tests.test_scattering_load" name="test_carrier_split_equals_unsplit_slab_in_resolved_domain[2.0]" file="tests\test_scattering_load.py" line="54" time="0.001" /><testcase classname="tests.test_scattering_load" name="test_electrode_knot_quadrature_resolves_cusp_without_basis_fit" file="tests\test_scattering_load.py" line="61" time="0.002" /><testcase classname="tests.test_scattering_load" name="test_wide_bore_does_not_numerically_remove_transmitted_beam[8.0]" file="tests\test_scattering_load.py" line="71" time="0.001" /><testcase classname="tests.test_scattering_load" name="test_wide_bore_does_not_numerically_remove_transmitted_beam[10.0]" file="tests\test_scattering_load.py" line="71" time="0.001" /><testcase classname="tests.test_scattering_load" name="test_wide_bore_does_not_numerically_remove_transmitted_beam[10.58]" file="tests\test_scattering_load.py" line="71" time="0.001" /><testcase classname="tests.test_scattering_load" name="test_wide_bore_does_not_numerically_remove_transmitted_beam[12.0]" file="tests\test_scattering_load.py" line="71" time="0.001" /><testcase classname="tests.test_scattering_load" name="test_simultaneous_covariant_carrier_matches_independent_doubling" file="tests\test_scattering_load.py" line="81" time="0.002" /><testcase classname="tests.test_scattering_load" name="test_covariant_small_phase_is_not_erased_at_accelerated_energy" file="tests\test_scattering_load.py" line="92" time="0.001" /><testcase classname="tests.test_scattering_load" name="test_moving_basis_closure_keeps_derivative_outside_retained_modes" file="tests\test_scattering_load.py" line="105" time="0.000" /><testcase classname="tests.test_scattering_load" name="test_roundoff_equivalent_gun_planes_apply_absorption_once" file="tests\test_scattering_load.py" line="115" time="0.000" /><testcase classname="tests.test_covariant_boundary" name="test_zero_connection_matches_independent_electric_solver" file="tests\test_covariant_boundary.py" line="10" time="0.030" /><testcase classname="tests.test_covariant_boundary" name="test_pure_longitudinal_gauge_changes_phase_not_flux" file="tests\test_covariant_boundary.py" line="22" time="0.005" /><testcase classname="tests.test_covariant_boundary" name="test_noncommuting_connection_matches_independent_first_order_exponential" file="tests\test_covariant_boundary.py" line="36" time="0.002" /><testcase classname="tests.test_covariant_boundary" name="test_basis_rotation_covariance_preserves_amplitude_and_current" file="tests\test_covariant_boundary.py" line="56" time="0.004" /><testcase classname="tests.test_covariant_boundary" name="test_long_evanescent_slab_does_not_form_an_overflowing_transfer_matrix" file="tests\test_covariant_boundary.py" line="69" time="0.005" /><testcase classname="tests.test_covariant_boundary" name="test_budgets_cancel_and_nonhermitian_connection_fail_closed" file="tests\test_covariant_boundary.py" line="81" time="0.001" /><testcase classname="tests.test_covariant_boundary" name="test_smooth_covariant_field_converges_against_independent_ode" file="tests\test_covariant_boundary.py" line="95" time="0.140"><properties><property name="covariant_axial_errors_16_32_64_128" value="[9.159370389001675e-05, 2.2894426247975417e-05, 5.7233566435690525e-06, 1.4308235430871327e-06]" /></properties></testcase><testcase classname="tests.test_radial_analytic_moments" name="test_analytic_disk_retains_the_same_mask_integral[0.1-16]" file="tests\test_radial_analytic_moments.py" line="10" time="0.010" /><testcase classname="tests.test_radial_analytic_moments" name="test_analytic_disk_retains_the_same_mask_integral[0.1-64]" file="tests\test_radial_analytic_moments.py" line="10" time="0.013" /><testcase classname="tests.test_radial_analytic_moments" name="test_analytic_disk_retains_the_same_mask_integral[0.1-128]" file="tests\test_radial_analytic_moments.py" line="10" time="0.030" /><testcase classname="tests.test_radial_analytic_moments" name="test_analytic_disk_retains_the_same_mask_integral[4.0-16]" file="tests\test_radial_analytic_moments.py" line="10" time="0.010" /><testcase classname="tests.test_radial_analytic_moments" name="test_analytic_disk_retains_the_same_mask_integral[4.0-64]" file="tests\test_radial_analytic_moments.py" line="10" time="0.016" /><testcase classname="tests.test_radial_analytic_moments" name="test_analytic_disk_retains_the_same_mask_integral[4.0-128]" file="tests\test_radial_analytic_moments.py" line="10" time="0.030" /><testcase classname="tests.test_radial_analytic_moments" name="test_analytic_disk_retains_the_same_mask_integral[50.0-16]" file="tests\test_radial_analytic_moments.py" line="10" time="0.009" /><testcase classname="tests.test_radial_analytic_moments" name="test_analytic_disk_retains_the_same_mask_integral[50.0-64]" file="tests\test_radial_analytic_moments.py" line="10" time="0.026" /><testcase classname="tests.test_radial_analytic_moments" name="test_analytic_disk_retains_the_same_mask_integral[50.0-128]" file="tests\test_radial_analytic_moments.py" line="10" time="0.120" /><testcase classname="tests.test_radial_analytic_moments" name="test_piecewise_relativistic_potential_has_no_removed_high_order_coupling[20.0-8]" file="tests\test_radial_analytic_moments.py" line="24" time="0.012" /><testcase classname="tests.test_radial_analytic_moments" name="test_piecewise_relativistic_potential_has_no_removed_high_order_coupling[20.0-32]" file="tests\test_radial_analytic_moments.py" line="24" time="0.017" /><testcase classname="tests.test_radial_analytic_moments" name="test_piecewise_relativistic_potential_has_no_removed_high_order_coupling[20.0-64]" file="tests\test_radial_analytic_moments.py" line="24" time="0.035" /><testcase classname="tests.test_radial_analytic_moments" name="test_piecewise_relativistic_potential_has_no_removed_high_order_coupling[300000.0-8]" file="tests\test_radial_analytic_moments.py" line="24" time="0.011" /><testcase classname="tests.test_radial_analytic_moments" name="test_piecewise_relativistic_potential_has_no_removed_high_order_coupling[300000.0-32]" file="tests\test_radial_analytic_moments.py" line="24" time="0.016" /><testcase classname="tests.test_radial_analytic_moments" name="test_piecewise_relativistic_potential_has_no_removed_high_order_coupling[300000.0-64]" file="tests\test_radial_analytic_moments.py" line="24" time="0.036" /><testcase classname="tests.test_radial_analytic_moments" name="test_scaled_disk_recurrence_handles_a_very_wide_bore" file="tests\test_radial_analytic_moments.py" line="40" time="0.001" /><testcase classname="tests.test_moving_radial_frame" name="test_moving_frame_converges_to_nonparaxial_bessel_angular_spectrum" file="tests\test_moving_radial_frame.py" line="5" time="0.079" /><testcase classname="tests.test_radial_mask_ledger" name="test_disk_loss_matches_independent_spatial_integral_for_both_ports" file="tests\test_radial_mask_ledger.py" line="10" time="0.003" /><testcase classname="tests.test_radial_mask_ledger" name="test_occupied_loss_can_vanish_despite_nonzero_operator_defect" file="tests\test_radial_mask_ledger.py" line="27" time="0.001" /><testcase classname="tests.test_radial_mask_ledger" name="test_chart_recovery_preserves_physical_current_and_both_directions" file="tests\test_radial_mask_ledger.py" line="35" time="0.001" /><testcase classname="tests.test_gun_boundary_comparison" name="test_physical_field_is_compared_not_the_basis_coefficients" file="tests\test_gun_boundary_comparison.py" line="15" time="0.014" /><testcase classname="tests.test_gun_boundary_comparison" name="test_comparison_does_not_remove_constant_or_curvature_phase" file="tests\test_gun_boundary_comparison.py" line="20" time="0.018" /><testcase classname="tests.test_radial_phase_fem" name="test_radial_phase_coordinates_converge_to_the_same_physical_plane_wave[2.0]" file="tests\test_radial_phase_fem.py" line="26" time="1.378" /><testcase classname="tests.test_radial_phase_fem" name="test_radial_phase_coordinates_converge_to_the_same_physical_plane_wave[20.0]" file="tests\test_radial_phase_fem.py" line="26" time="1.375" /><testcase classname="tests.test_radial_phase_fem" name="test_factored_interface_does_not_interpolate_the_fast_carrier" file="tests\test_radial_phase_fem.py" line="33" time="0.004" /><testcase classname="tests.test_radial_phase_fem" name="test_missing_joined_face_is_rejected_without_rescaling_the_source" file="tests\test_radial_phase_fem.py" line="47" time="5.780" /><testcase classname="tests.test_source_admission" name="test_t203_origin_label_and_private_array_do_not_admit_a_wave" file="tests\test_source_admission.py" line="10" time="0.097" /><testcase classname="tests.test_source_admission" name="test_t201_api_refuses_legacy_pupil_before_specimen_preparation" file="tests\test_source_admission.py" line="18" time="0.460" /><testcase classname="tests.test_source_admission" name="test_launch_audit_is_deterministic_and_does_not_change_gun" file="tests\test_source_admission.py" line="31" time="0.933" /><testcase classname="tests.test_source_admission" name="test_exit_source_is_prohibited_rather_than_rebindable" file="tests\test_source_admission.py" line="43" time="0.104" /></testsuite></testsuites>