<?xml version="1.0" encoding="utf-8"?><testsuites name="pytest tests"><testsuite name="pytest" errors="0" failures="1" skipped="0" tests="13" time="0.823" timestamp="2026-09-13T15:37:58.548084+01:00" hostname="Royal_Gray"><testcase classname="tests.test_gun_current_audit" name="test_ledger_separates_physical_mask_from_unresolved_modes" file="tests\test_gun_current_audit.py" line="23" time="0.002" /><testcase classname="tests.test_gun_current_audit" name="test_signed_balance_failure_is_preserved_not_rescaled" file="tests\test_gun_current_audit.py" line="32" time="0.001" /><testcase classname="tests.test_gun_current_audit" name="test_complete_energy_mixture_is_weighted_not_equal_averaged" file="tests\test_gun_current_audit.py" line="41" time="0.000" /><testcase classname="tests.test_gun_current_audit" name="test_missing_or_invalid_mixture_is_not_normalized[nan]" file="tests\test_gun_current_audit.py" line="55" time="0.000" /><testcase classname="tests.test_gun_current_audit" name="test_missing_or_invalid_mixture_is_not_normalized[-0.1]" file="tests\test_gun_current_audit.py" line="55" time="0.000" /><testcase classname="tests.test_gun_current_audit" name="test_missing_or_invalid_mixture_is_not_normalized[0.9]" file="tests\test_gun_current_audit.py" line="55" time="0.000" /><testcase classname="tests.test_gun_current_audit" name="test_missing_or_invalid_mixture_is_not_normalized[1.0000000001]" file="tests\test_gun_current_audit.py" line="55" time="0.000" /><testcase classname="tests.test_gun_current_audit" name="test_missing_implementation_proof_and_inconsistent_exit_are_rejected" file="tests\test_gun_current_audit.py" line="63" time="0.000" /><testcase classname="tests.test_gun_current_audit" name="test_mode_cannot_skip_an_installed_aperture" file="tests\test_gun_current_audit.py" line="74" time="0.000" /><testcase classname="tests.test_gun_current_audit" name="test_comparison_attributes_delta_and_rejects_physical_changes" file="tests\test_gun_current_audit.py" line="84" time="0.012" /><testcase classname="tests.test_gun_current_audit" name="test_comparison_checks_masks_even_if_report_claims_same_identity" file="tests\test_gun_current_audit.py" line="101" time="0.005" /><testcase classname="tests.test_gun_axial_audit" name="test_constant_step_has_no_fictitious_refinement_error" file="tests\test_gun_axial_audit.py" line="8" time="0.034" /><testcase classname="tests.test_gun_axial_audit" name="test_variable_step_converges_to_independent_direct_ode" file="tests\test_gun_axial_audit.py" line="15" time="0.056"><failure message="assert 2.646920170034686e-07 &lt; 1e-07">tests\test_gun_axial_audit.py:42: in test_variable_step_converges_to_independent_direct_ode
    assert errors[-1] &lt; 1e-7
E   assert 2.646920170034686e-07 &lt; 1e-07</failure></testcase></testsuite></testsuites>