<?xml version="1.0" encoding="utf-8"?><testsuites name="pytest tests"><testsuite name="pytest" errors="0" failures="0" skipped="0" tests="20" time="1.402" timestamp="2026-09-13T18:17:36.720081+01:00" hostname="Royal_Gray"><testcase classname="tests.test_magnus_sixth" name="test_sixth_order_convergence_with_complex_backward_coupling" file="tests\test_magnus_sixth.py" line="29" time="0.149" /><testcase classname="tests.test_magnus_sixth" name="test_constant_propagating_grazing_and_evanescent_channels[1.0-0.0]" file="tests\test_magnus_sixth.py" line="49" time="0.003" /><testcase classname="tests.test_magnus_sixth" name="test_constant_propagating_grazing_and_evanescent_channels[1.0-0.3]" file="tests\test_magnus_sixth.py" line="49" time="0.015" /><testcase classname="tests.test_magnus_sixth" name="test_constant_propagating_grazing_and_evanescent_channels[-4.0-0.0]" file="tests\test_magnus_sixth.py" line="49" time="0.006" /><testcase classname="tests.test_magnus_sixth" name="test_constant_propagating_grazing_and_evanescent_channels[-4.0-0.3]" file="tests\test_magnus_sixth.py" line="49" time="0.012" /><testcase classname="tests.test_magnus_sixth" name="test_constant_propagating_grazing_and_evanescent_channels[-10.0-0.0]" file="tests\test_magnus_sixth.py" line="49" time="0.003" /><testcase classname="tests.test_magnus_sixth" name="test_constant_propagating_grazing_and_evanescent_channels[-10.0-0.3]" file="tests\test_magnus_sixth.py" line="49" time="0.015" /><testcase classname="tests.test_magnus_sixth" name="test_time_reversal_preserves_all_ports_and_absolute_phase" file="tests\test_magnus_sixth.py" line="59" time="0.010" /><testcase classname="tests.test_magnus_sixth" name="test_negative_evanescent_substep_matches_independent_matrix_exponential" file="tests\test_magnus_sixth.py" line="66" time="0.003" /><testcase classname="tests.test_magnus_sixth" name="test_selection_cancellation_and_signed_weights" file="tests\test_magnus_sixth.py" line="83" time="0.001" /><testcase classname="tests.test_magnus_scattering" name="test_cf4_complex_field_converges_against_independent_covariant_ode" file="tests\test_magnus_scattering.py" line="29" time="0.107" /><testcase classname="tests.test_magnus_scattering" name="test_cf4_action_nodes_and_jump_match_airy_ramp" file="tests\test_magnus_scattering.py" line="55" time="0.078" /><testcase classname="tests.test_magnus_scattering" name="test_cf4_honours_cancellation_and_explicit_numerical_selection" file="tests\test_magnus_scattering.py" line="91" time="0.046" /><testcase classname="tests.test_covariant_boundary" name="test_zero_connection_matches_independent_electric_solver" file="tests\test_covariant_boundary.py" line="10" time="0.006" /><testcase classname="tests.test_covariant_boundary" name="test_pure_longitudinal_gauge_changes_phase_not_flux" file="tests\test_covariant_boundary.py" line="22" time="0.005" /><testcase classname="tests.test_covariant_boundary" name="test_noncommuting_connection_matches_independent_first_order_exponential" file="tests\test_covariant_boundary.py" line="36" time="0.002" /><testcase classname="tests.test_covariant_boundary" name="test_basis_rotation_covariance_preserves_amplitude_and_current" file="tests\test_covariant_boundary.py" line="56" time="0.003" /><testcase classname="tests.test_covariant_boundary" name="test_long_evanescent_slab_does_not_form_an_overflowing_transfer_matrix" file="tests\test_covariant_boundary.py" line="69" time="0.003" /><testcase classname="tests.test_covariant_boundary" name="test_budgets_cancel_and_nonhermitian_connection_fail_closed" file="tests\test_covariant_boundary.py" line="81" time="0.001" /><testcase classname="tests.test_covariant_boundary" name="test_smooth_covariant_field_converges_against_independent_ode" file="tests\test_covariant_boundary.py" line="95" time="0.160"><properties><property name="covariant_axial_errors_16_32_64_128" value="[9.159370389001675e-05, 2.2894426247975417e-05, 5.7233566435690525e-06, 1.4308235430871327e-06]" /></properties></testcase></testsuite></testsuites>